SF:/home/vtriple/threatflux-binary-analysis/src/analysis/control_flow.rs
FN:65,_RNvMs_NtNtCs9LoDH0wUW1w_26threatflux_binary_analysis8analysis12control_flowNtB4_19ControlFlowAnalyzer11with_config
FN:374,_RNvMs_NtNtCs9LoDH0wUW1w_26threatflux_binary_analysis8analysis12control_flowNtB4_19ControlFlowAnalyzer12detect_loops
FN:73,_RNvMs_NtNtCs9LoDH0wUW1w_26threatflux_binary_analysis8analysis12control_flowNtB4_19ControlFlowAnalyzer14analyze_binary
FN:276,_RNvMs_NtNtCs9LoDH0wUW1w_26threatflux_binary_analysis8analysis12control_flowNtB4_19ControlFlowAnalyzer15build_cfg_edges
FN:89,_RNvMs_NtNtCs9LoDH0wUW1w_26threatflux_binary_analysis8analysis12control_flowNtB4_19ControlFlowAnalyzer16analyze_function
FN:394,_RNvMs_NtNtCs9LoDH0wUW1w_26threatflux_binary_analysis8analysis12control_flowNtB4_19ControlFlowAnalyzer16dfs_detect_loops
FN:115,_RNvMs_NtNtCs9LoDH0wUW1w_26threatflux_binary_analysis8analysis12control_flowNtB4_19ControlFlowAnalyzer17extract_functions
FN:193,_RNvMs_NtNtCs9LoDH0wUW1w_26threatflux_binary_analysis8analysis12control_flowNtB4_19ControlFlowAnalyzer18build_basic_blocks
FN:341,_RNvMs_NtNtCs9LoDH0wUW1w_26threatflux_binary_analysis8analysis12control_flowNtB4_19ControlFlowAnalyzer20calculate_complexity
FN:418,_RNvMs_NtNtCs9LoDH0wUW1w_26threatflux_binary_analysis8analysis12control_flowNtB4_19ControlFlowAnalyzer23calculate_nesting_depth
FN:155,_RNvMs_NtNtCs9LoDH0wUW1w_26threatflux_binary_analysis8analysis12control_flowNtB4_19ControlFlowAnalyzer25get_function_instructions
FN:57,_RNvMs_NtNtCs9LoDH0wUW1w_26threatflux_binary_analysis8analysis12control_flowNtB4_19ControlFlowAnalyzer3new
FN:434,_RNvNtNtCs9LoDH0wUW1w_26threatflux_binary_analysis8analysis12control_flow14analyze_binary
FN:440,_RNvNtNtCs9LoDH0wUW1w_26threatflux_binary_analysis8analysis12control_flow16analyze_function
FN:45,_RNvXNtNtCs9LoDH0wUW1w_26threatflux_binary_analysis8analysis12control_flowNtB2_14AnalysisConfigNtNtCs9sjCchOt1K7_4core7default7Default7default
FN:166,_RNCNvMs_NtNtCs9LoDH0wUW1w_26threatflux_binary_analysis8analysis12control_flowNtB6_19ControlFlowAnalyzer25get_function_instructions0Ba_
FN:166,_RNCNvMs_NtNtCs8kT03CeRPRU_26threatflux_binary_analysis8analysis12control_flowNtB6_19ControlFlowAnalyzer25get_function_instructions0Ba_
FN:65,_RNvMs_NtNtCs8kT03CeRPRU_26threatflux_binary_analysis8analysis12control_flowNtB4_19ControlFlowAnalyzer11with_config
FN:374,_RNvMs_NtNtCs8kT03CeRPRU_26threatflux_binary_analysis8analysis12control_flowNtB4_19ControlFlowAnalyzer12detect_loops
FN:73,_RNvMs_NtNtCs8kT03CeRPRU_26threatflux_binary_analysis8analysis12control_flowNtB4_19ControlFlowAnalyzer14analyze_binary
FN:89,_RNvMs_NtNtCs8kT03CeRPRU_26threatflux_binary_analysis8analysis12control_flowNtB4_19ControlFlowAnalyzer16analyze_function
FN:394,_RNvMs_NtNtCs8kT03CeRPRU_26threatflux_binary_analysis8analysis12control_flowNtB4_19ControlFlowAnalyzer16dfs_detect_loops
FN:115,_RNvMs_NtNtCs8kT03CeRPRU_26threatflux_binary_analysis8analysis12control_flowNtB4_19ControlFlowAnalyzer17extract_functions
FN:341,_RNvMs_NtNtCs8kT03CeRPRU_26threatflux_binary_analysis8analysis12control_flowNtB4_19ControlFlowAnalyzer20calculate_complexity
FN:418,_RNvMs_NtNtCs8kT03CeRPRU_26threatflux_binary_analysis8analysis12control_flowNtB4_19ControlFlowAnalyzer23calculate_nesting_depth
FN:155,_RNvMs_NtNtCs8kT03CeRPRU_26threatflux_binary_analysis8analysis12control_flowNtB4_19ControlFlowAnalyzer25get_function_instructions
FN:434,_RNvNtNtCs8kT03CeRPRU_26threatflux_binary_analysis8analysis12control_flow14analyze_binary
FN:440,_RNvNtNtCs8kT03CeRPRU_26threatflux_binary_analysis8analysis12control_flow16analyze_function
FN:276,_RNvMs_NtNtCs8kT03CeRPRU_26threatflux_binary_analysis8analysis12control_flowNtB4_19ControlFlowAnalyzer15build_cfg_edges
FN:193,_RNvMs_NtNtCs8kT03CeRPRU_26threatflux_binary_analysis8analysis12control_flowNtB4_19ControlFlowAnalyzer18build_basic_blocks
FN:57,_RNvMs_NtNtCs8kT03CeRPRU_26threatflux_binary_analysis8analysis12control_flowNtB4_19ControlFlowAnalyzer3new
FN:45,_RNvXNtNtCs8kT03CeRPRU_26threatflux_binary_analysis8analysis12control_flowNtB2_14AnalysisConfigNtNtCs9sjCchOt1K7_4core7default7Default7default
FN:457,_RNvNtNtNtCs8kT03CeRPRU_26threatflux_binary_analysis8analysis12control_flow5testss_19test_config_default
FN:451,_RNvNtNtNtCs8kT03CeRPRU_26threatflux_binary_analysis8analysis12control_flow5testss_22test_analyzer_creation
FN:466,_RNvNtNtNtCs8kT03CeRPRU_26threatflux_binary_analysis8analysis12control_flow5testss_25test_basic_block_creation
FNDA:0,_RNvMs_NtNtCs9LoDH0wUW1w_26threatflux_binary_analysis8analysis12control_flowNtB4_19ControlFlowAnalyzer11with_config
FNDA:1,_RNvMs_NtNtCs9LoDH0wUW1w_26threatflux_binary_analysis8analysis12control_flowNtB4_19ControlFlowAnalyzer12detect_loops
FNDA:141,_RNvMs_NtNtCs9LoDH0wUW1w_26threatflux_binary_analysis8analysis12control_flowNtB4_19ControlFlowAnalyzer14analyze_binary
FNDA:1,_RNvMs_NtNtCs9LoDH0wUW1w_26threatflux_binary_analysis8analysis12control_flowNtB4_19ControlFlowAnalyzer15build_cfg_edges
FNDA:126,_RNvMs_NtNtCs9LoDH0wUW1w_26threatflux_binary_analysis8analysis12control_flowNtB4_19ControlFlowAnalyzer16analyze_function
FNDA:2,_RNvMs_NtNtCs9LoDH0wUW1w_26threatflux_binary_analysis8analysis12control_flowNtB4_19ControlFlowAnalyzer16dfs_detect_loops
FNDA:141,_RNvMs_NtNtCs9LoDH0wUW1w_26threatflux_binary_analysis8analysis12control_flowNtB4_19ControlFlowAnalyzer17extract_functions
FNDA:1,_RNvMs_NtNtCs9LoDH0wUW1w_26threatflux_binary_analysis8analysis12control_flowNtB4_19ControlFlowAnalyzer18build_basic_blocks
FNDA:1,_RNvMs_NtNtCs9LoDH0wUW1w_26threatflux_binary_analysis8analysis12control_flowNtB4_19ControlFlowAnalyzer20calculate_complexity
FNDA:1,_RNvMs_NtNtCs9LoDH0wUW1w_26threatflux_binary_analysis8analysis12control_flowNtB4_19ControlFlowAnalyzer23calculate_nesting_depth
FNDA:126,_RNvMs_NtNtCs9LoDH0wUW1w_26threatflux_binary_analysis8analysis12control_flowNtB4_19ControlFlowAnalyzer25get_function_instructions
FNDA:141,_RNvMs_NtNtCs9LoDH0wUW1w_26threatflux_binary_analysis8analysis12control_flowNtB4_19ControlFlowAnalyzer3new
FNDA:141,_RNvNtNtCs9LoDH0wUW1w_26threatflux_binary_analysis8analysis12control_flow14analyze_binary
FNDA:0,_RNvNtNtCs9LoDH0wUW1w_26threatflux_binary_analysis8analysis12control_flow16analyze_function
FNDA:141,_RNvXNtNtCs9LoDH0wUW1w_26threatflux_binary_analysis8analysis12control_flowNtB2_14AnalysisConfigNtNtCs9sjCchOt1K7_4core7default7Default7default
FNDA:0,_RNCNvMs_NtNtCs9LoDH0wUW1w_26threatflux_binary_analysis8analysis12control_flowNtB6_19ControlFlowAnalyzer25get_function_instructions0Ba_
FNDA:0,_RNCNvMs_NtNtCs8kT03CeRPRU_26threatflux_binary_analysis8analysis12control_flowNtB6_19ControlFlowAnalyzer25get_function_instructions0Ba_
FNDA:0,_RNvMs_NtNtCs8kT03CeRPRU_26threatflux_binary_analysis8analysis12control_flowNtB4_19ControlFlowAnalyzer11with_config
FNDA:0,_RNvMs_NtNtCs8kT03CeRPRU_26threatflux_binary_analysis8analysis12control_flowNtB4_19ControlFlowAnalyzer12detect_loops
FNDA:0,_RNvMs_NtNtCs8kT03CeRPRU_26threatflux_binary_analysis8analysis12control_flowNtB4_19ControlFlowAnalyzer14analyze_binary
FNDA:0,_RNvMs_NtNtCs8kT03CeRPRU_26threatflux_binary_analysis8analysis12control_flowNtB4_19ControlFlowAnalyzer16analyze_function
FNDA:0,_RNvMs_NtNtCs8kT03CeRPRU_26threatflux_binary_analysis8analysis12control_flowNtB4_19ControlFlowAnalyzer16dfs_detect_loops
FNDA:0,_RNvMs_NtNtCs8kT03CeRPRU_26threatflux_binary_analysis8analysis12control_flowNtB4_19ControlFlowAnalyzer17extract_functions
FNDA:0,_RNvMs_NtNtCs8kT03CeRPRU_26threatflux_binary_analysis8analysis12control_flowNtB4_19ControlFlowAnalyzer20calculate_complexity
FNDA:0,_RNvMs_NtNtCs8kT03CeRPRU_26threatflux_binary_analysis8analysis12control_flowNtB4_19ControlFlowAnalyzer23calculate_nesting_depth
FNDA:0,_RNvMs_NtNtCs8kT03CeRPRU_26threatflux_binary_analysis8analysis12control_flowNtB4_19ControlFlowAnalyzer25get_function_instructions
FNDA:0,_RNvNtNtCs8kT03CeRPRU_26threatflux_binary_analysis8analysis12control_flow14analyze_binary
FNDA:0,_RNvNtNtCs8kT03CeRPRU_26threatflux_binary_analysis8analysis12control_flow16analyze_function
FNDA:1,_RNvMs_NtNtCs8kT03CeRPRU_26threatflux_binary_analysis8analysis12control_flowNtB4_19ControlFlowAnalyzer15build_cfg_edges
FNDA:1,_RNvMs_NtNtCs8kT03CeRPRU_26threatflux_binary_analysis8analysis12control_flowNtB4_19ControlFlowAnalyzer18build_basic_blocks
FNDA:2,_RNvMs_NtNtCs8kT03CeRPRU_26threatflux_binary_analysis8analysis12control_flowNtB4_19ControlFlowAnalyzer3new
FNDA:3,_RNvXNtNtCs8kT03CeRPRU_26threatflux_binary_analysis8analysis12control_flowNtB2_14AnalysisConfigNtNtCs9sjCchOt1K7_4core7default7Default7default
FNDA:1,_RNvNtNtNtCs8kT03CeRPRU_26threatflux_binary_analysis8analysis12control_flow5testss_19test_config_default
FNDA:1,_RNvNtNtNtCs8kT03CeRPRU_26threatflux_binary_analysis8analysis12control_flow5testss_22test_analyzer_creation
FNDA:1,_RNvNtNtNtCs8kT03CeRPRU_26threatflux_binary_analysis8analysis12control_flow5testss_25test_basic_block_creation
FNF:19
FNH:16
DA:45,144
DA:46,144
DA:47,144
DA:48,144
DA:49,144
DA:50,144
DA:51,144
DA:52,144
DA:57,143
DA:58,143
DA:59,143
DA:60,143
DA:61,143
DA:62,143
DA:65,0
DA:66,0
DA:67,0
DA:68,0
DA:69,0
DA:70,0
DA:73,141
DA:74,141
DA:77,141
DA:79,267
DA:80,126
DA:81,1
DA:82,125
DA:85,141
DA:86,141
DA:89,126
DA:90,126
DA:91,126
DA:92,126
DA:93,126
DA:95,126
DA:98,1
DA:101,1
DA:102,1
DA:104,0
DA:107,1
DA:108,1
DA:109,1
DA:110,1
DA:111,1
DA:112,126
DA:115,141
DA:116,141
DA:118,141
DA:119,1
DA:120,0
DA:121,0
DA:122,0
DA:123,0
DA:124,0
DA:125,0
DA:126,0
DA:127,0
DA:128,0
DA:129,0
DA:130,0
DA:131,1
DA:135,141
DA:136,141
DA:137,126
DA:138,126
DA:139,126
DA:140,126
DA:141,126
DA:142,126
DA:143,126
DA:144,126
DA:145,126
DA:146,126
DA:147,126
DA:148,126
DA:149,0
DA:151,141
DA:152,141
DA:155,126
DA:156,126
DA:157,126
DA:158,126
DA:159,126
DA:161,126
DA:162,5
DA:163,5
DA:164,5
DA:165,5
DA:166,1
DA:167,0
DA:168,1
DA:170,1
DA:171,1
DA:172,0
DA:173,1
DA:174,1
DA:175,1
DA:176,1
DA:177,1
DA:178,0
DA:179,1
DA:180,1
DA:181,1
DA:182,1
DA:183,1
DA:184,4
DA:187,125
DA:188,125
DA:189,125
DA:190,126
DA:193,2
DA:194,2
DA:195,0
DA:196,2
DA:197,2
DA:198,2
DA:199,2
DA:200,2
DA:201,2
DA:202,2
DA:205,127
DA:206,127
DA:207,0
DA:208,0
DA:209,0
DA:211,0
DA:212,0
DA:213,0
DA:214,0
DA:215,0
DA:219,2
DA:220,1
DA:221,1
DA:223,125
DA:228,2
DA:229,2
DA:231,127
DA:232,127
DA:233,1
DA:234,1
DA:235,1
DA:236,1
DA:237,1
DA:238,1
DA:239,1
DA:240,1
DA:241,1
DA:242,1
DA:243,1
DA:244,1
DA:245,1
DA:246,1
DA:247,1
DA:248,1
DA:249,126
DA:253,2
DA:254,2
DA:255,2
DA:256,2
DA:257,2
DA:258,2
DA:259,2
DA:260,2
DA:261,2
DA:262,2
DA:263,2
DA:264,2
DA:265,2
DA:266,2
DA:267,2
DA:270,2
DA:272,2
DA:273,2
DA:276,2
DA:277,2
DA:280,3
DA:281,3
DA:282,3
DA:285,3
DA:286,3
DA:287,3
DA:288,3
DA:291,1
DA:292,0
DA:293,0
DA:294,1
DA:296,0
DA:298,0
DA:299,0
DA:300,0
DA:301,0
DA:303,0
DA:305,0
DA:306,0
DA:307,0
DA:308,0
DA:310,0
DA:311,0
DA:312,0
DA:313,0
DA:315,0
DA:316,0
DA:317,0
DA:318,0
DA:319,0
DA:320,0
DA:323,2
DA:324,2
DA:325,2
DA:328,0
DA:329,0
DA:330,0
DA:331,0
DA:334,0
DA:337,2
DA:338,2
DA:341,1
DA:342,1
DA:343,1
DA:346,3
DA:347,2
DA:348,2
DA:352,1
DA:353,1
DA:355,0
DA:359,1
DA:360,1
DA:361,1
DA:362,1
DA:363,1
DA:364,1
DA:365,1
DA:366,1
DA:367,1
DA:368,1
DA:369,1
DA:370,1
DA:371,1
DA:374,1
DA:375,1
DA:376,0
DA:377,1
DA:378,1
DA:379,1
DA:380,1
DA:381,1
DA:384,2
DA:385,2
DA:386,2
DA:387,2
DA:390,1
DA:391,1
DA:394,2
DA:395,2
DA:396,2
DA:397,2
DA:398,2
DA:399,2
DA:400,2
DA:401,2
DA:402,2
DA:404,2
DA:405,0
DA:406,0
DA:407,0
DA:408,0
DA:409,0
DA:410,0
DA:413,2
DA:414,2
DA:415,2
DA:418,1
DA:419,1
DA:422,3
DA:423,2
DA:424,2
DA:425,0
DA:426,2
DA:429,1
DA:430,1
DA:434,141
DA:435,141
DA:436,141
DA:437,141
DA:440,0
DA:441,0
DA:442,0
DA:443,0
DA:451,1
DA:452,1
DA:453,1
DA:454,1
DA:457,1
DA:458,1
DA:459,1
DA:460,1
DA:461,1
DA:462,1
DA:463,1
DA:466,1
DA:467,1
DA:468,1
DA:469,1
DA:470,1
DA:471,1
DA:472,1
DA:473,1
DA:474,1
DA:475,1
DA:476,1
DA:477,1
DA:478,1
DA:479,1
DA:480,1
DA:481,1
DA:482,1
DA:483,1
DA:484,1
DA:485,1
DA:486,1
DA:487,1
DA:488,1
DA:489,1
DA:490,1
DA:491,1
DA:492,1
DA:493,1
DA:494,1
DA:495,1
BRF:0
BRH:0
LF:331
LH:258
end_of_record
SF:/home/vtriple/threatflux-binary-analysis/src/analysis/entropy.rs
FN:202,_RNvNtNtCs9LoDH0wUW1w_26threatflux_binary_analysis8analysis7entropy13detect_packer
FN:14,_RNvNtNtCs9LoDH0wUW1w_26threatflux_binary_analysis8analysis7entropy14analyze_binary
FN:48,_RNvNtNtCs9LoDH0wUW1w_26threatflux_binary_analysis8analysis7entropy17calculate_entropy
FN:119,_RNvNtNtCs9LoDH0wUW1w_26threatflux_binary_analysis8analysis7entropy20has_crypto_constants
FN:74,_RNvNtNtCs9LoDH0wUW1w_26threatflux_binary_analysis8analysis7entropy25find_high_entropy_regions
FN:138,_RNvNtNtCs9LoDH0wUW1w_26threatflux_binary_analysis8analysis7entropy25has_compression_signature
FN:151,_RNvNtNtCs9LoDH0wUW1w_26threatflux_binary_analysis8analysis7entropy26analyze_packing_indicators
FN:101,_RNvNtNtCs9LoDH0wUW1w_26threatflux_binary_analysis8analysis7entropy28classify_high_entropy_region
FN:129,_RNCNvNtNtCs9LoDH0wUW1w_26threatflux_binary_analysis8analysis7entropy20has_crypto_constants0B7_
FN:202,_RNvNtNtCs8kT03CeRPRU_26threatflux_binary_analysis8analysis7entropy13detect_packer
FN:14,_RNvNtNtCs8kT03CeRPRU_26threatflux_binary_analysis8analysis7entropy14analyze_binary
FN:74,_RNvNtNtCs8kT03CeRPRU_26threatflux_binary_analysis8analysis7entropy25find_high_entropy_regions
FN:151,_RNvNtNtCs8kT03CeRPRU_26threatflux_binary_analysis8analysis7entropy26analyze_packing_indicators
FN:101,_RNvNtNtCs8kT03CeRPRU_26threatflux_binary_analysis8analysis7entropy28classify_high_entropy_region
FN:129,_RNCNvNtNtCs8kT03CeRPRU_26threatflux_binary_analysis8analysis7entropy20has_crypto_constants0B7_
FN:238,_RNCNvNtNtNtCs8kT03CeRPRU_26threatflux_binary_analysis8analysis7entropy5testss_24test_entropy_calculation0B9_
FN:231,_RNvNtNtNtCs8kT03CeRPRU_26threatflux_binary_analysis8analysis7entropy5testss_24test_entropy_calculation
FN:244,_RNvNtNtNtCs8kT03CeRPRU_26threatflux_binary_analysis8analysis7entropy5testss_31test_crypto_constants_detection
FN:253,_RNvNtNtNtCs8kT03CeRPRU_26threatflux_binary_analysis8analysis7entropy5testss_36test_compression_signature_detection
FN:48,_RNvNtNtCs8kT03CeRPRU_26threatflux_binary_analysis8analysis7entropy17calculate_entropy
FN:119,_RNvNtNtCs8kT03CeRPRU_26threatflux_binary_analysis8analysis7entropy20has_crypto_constants
FN:138,_RNvNtNtCs8kT03CeRPRU_26threatflux_binary_analysis8analysis7entropy25has_compression_signature
FNDA:140,_RNvNtNtCs9LoDH0wUW1w_26threatflux_binary_analysis8analysis7entropy13detect_packer
FNDA:140,_RNvNtNtCs9LoDH0wUW1w_26threatflux_binary_analysis8analysis7entropy14analyze_binary
FNDA:15793,_RNvNtNtCs9LoDH0wUW1w_26threatflux_binary_analysis8analysis7entropy17calculate_entropy
FNDA:0,_RNvNtNtCs9LoDH0wUW1w_26threatflux_binary_analysis8analysis7entropy20has_crypto_constants
FNDA:140,_RNvNtNtCs9LoDH0wUW1w_26threatflux_binary_analysis8analysis7entropy25find_high_entropy_regions
FNDA:0,_RNvNtNtCs9LoDH0wUW1w_26threatflux_binary_analysis8analysis7entropy25has_compression_signature
FNDA:140,_RNvNtNtCs9LoDH0wUW1w_26threatflux_binary_analysis8analysis7entropy26analyze_packing_indicators
FNDA:0,_RNvNtNtCs9LoDH0wUW1w_26threatflux_binary_analysis8analysis7entropy28classify_high_entropy_region
FNDA:0,_RNCNvNtNtCs9LoDH0wUW1w_26threatflux_binary_analysis8analysis7entropy20has_crypto_constants0B7_
FNDA:0,_RNvNtNtCs8kT03CeRPRU_26threatflux_binary_analysis8analysis7entropy13detect_packer
FNDA:0,_RNvNtNtCs8kT03CeRPRU_26threatflux_binary_analysis8analysis7entropy14analyze_binary
FNDA:0,_RNvNtNtCs8kT03CeRPRU_26threatflux_binary_analysis8analysis7entropy25find_high_entropy_regions
FNDA:0,_RNvNtNtCs8kT03CeRPRU_26threatflux_binary_analysis8analysis7entropy26analyze_packing_indicators
FNDA:0,_RNvNtNtCs8kT03CeRPRU_26threatflux_binary_analysis8analysis7entropy28classify_high_entropy_region
FNDA:64,_RNCNvNtNtCs8kT03CeRPRU_26threatflux_binary_analysis8analysis7entropy20has_crypto_constants0B7_
FNDA:1024,_RNCNvNtNtNtCs8kT03CeRPRU_26threatflux_binary_analysis8analysis7entropy5testss_24test_entropy_calculation0B9_
FNDA:1,_RNvNtNtNtCs8kT03CeRPRU_26threatflux_binary_analysis8analysis7entropy5testss_24test_entropy_calculation
FNDA:1,_RNvNtNtNtCs8kT03CeRPRU_26threatflux_binary_analysis8analysis7entropy5testss_31test_crypto_constants_detection
FNDA:1,_RNvNtNtNtCs8kT03CeRPRU_26threatflux_binary_analysis8analysis7entropy5testss_36test_compression_signature_detection
FNDA:2,_RNvNtNtCs8kT03CeRPRU_26threatflux_binary_analysis8analysis7entropy17calculate_entropy
FNDA:2,_RNvNtNtCs8kT03CeRPRU_26threatflux_binary_analysis8analysis7entropy20has_crypto_constants
FNDA:3,_RNvNtNtCs8kT03CeRPRU_26threatflux_binary_analysis8analysis7entropy25has_compression_signature
FNF:13
FNH:12
DA:14,140
DA:15,140
DA:16,140
DA:17,140
DA:18,140
DA:19,140
DA:20,140
DA:21,140
DA:22,140
DA:23,18
DA:24,18
DA:25,18
DA:26,18
DA:27,15
DA:28,15
DA:29,15
DA:30,15
DA:34,140
DA:37,140
DA:38,140
DA:39,140
DA:40,140
DA:41,140
DA:42,140
DA:43,140
DA:44,140
DA:45,140
DA:48,15795
DA:49,15795
DA:50,0
DA:51,15795
DA:52,15795
DA:53,15795
DA:54,15795
DA:55,47291480
DA:56,47275685
DA:57,47275685
DA:60,15795
DA:61,15795
DA:63,4059315
DA:64,4043520
DA:65,21568
DA:66,21568
DA:67,4021952
DA:70,15795
DA:71,15795
DA:74,140
DA:75,140
DA:76,140
DA:77,140
DA:79,15498
DA:80,15498
DA:81,15498
DA:82,15498
DA:83,0
DA:84,0
DA:85,0
DA:86,0
DA:87,0
DA:88,0
DA:89,0
DA:90,0
DA:91,0
DA:92,0
DA:93,0
DA:94,15498
DA:97,140
DA:98,140
DA:101,0
DA:102,0
DA:103,0
DA:104,0
DA:106,0
DA:107,0
DA:108,0
DA:109,0
DA:111,0
DA:114,0
DA:116,0
DA:119,2
DA:128,5
DA:129,64
DA:130,1
DA:131,3
DA:134,1
DA:135,2
DA:138,3
DA:139,3
DA:140,0
DA:141,3
DA:144,3
DA:145,2
DA:146,1
DA:147,1
DA:148,3
DA:151,140
DA:152,140
DA:153,140
DA:154,140
DA:155,140
DA:156,140
DA:157,140
DA:158,140
DA:159,140
DA:160,140
DA:161,140
DA:162,0
DA:163,140
DA:166,140
DA:167,155
DA:168,15
DA:169,0
DA:170,0
DA:171,15
DA:174,140
DA:175,0
DA:176,140
DA:179,140
DA:180,0
DA:181,0
DA:182,140
DA:185,140
DA:186,0
DA:187,140
DA:188,0
DA:189,140
DA:190,0
DA:192,140
DA:196,140
DA:197,140
DA:198,140
DA:199,140
DA:202,140
DA:203,140
DA:204,140
DA:205,140
DA:206,140
DA:207,124
DA:208,16
DA:209,16
DA:210,16
DA:211,16
DA:212,16
DA:213,16
DA:214,0
DA:215,16
DA:216,0
DA:217,16
DA:218,0
DA:219,16
DA:220,0
DA:222,16
DA:224,140
DA:231,1
DA:232,1
DA:233,1
DA:234,1
DA:235,1
DA:238,1024
DA:239,1
DA:240,1
DA:241,1
DA:244,1
DA:245,1
DA:246,1
DA:248,1
DA:249,1
DA:250,1
DA:253,1
DA:254,1
DA:255,1
DA:256,1
DA:259,1
DA:260,1
DA:263,1
DA:264,1
DA:265,1
BRF:0
BRH:0
LF:179
LH:142
end_of_record
SF:/home/vtriple/threatflux-binary-analysis/src/analysis/security.rs
FN:583,_RNCNvMs_NtNtCs9LoDH0wUW1w_26threatflux_binary_analysis8analysis8securityNtB6_16SecurityAnalyzer25is_suspicious_symbol_name0Ba_
FN:562,_RNCNvMs_NtNtCs9LoDH0wUW1w_26threatflux_binary_analysis8analysis8securityNtB6_16SecurityAnalyzer26is_suspicious_section_name0Ba_
FN:145,_RNvMs_NtNtCs8kT03CeRPRU_26threatflux_binary_analysis8analysis8securityNtB4_16SecurityAnalyzer7analyze
FN:588,_RNvNtNtCs8kT03CeRPRU_26threatflux_binary_analysis8analysis8security23analyze_binary_security
FN:137,_RNvMs_NtNtCs8kT03CeRPRU_26threatflux_binary_analysis8analysis8securityNtB4_16SecurityAnalyzer11with_config
FN:178,_RNvMs_NtNtCs8kT03CeRPRU_26threatflux_binary_analysis8analysis8securityNtB4_16SecurityAnalyzer15analyze_imports
FN:310,_RNvMs_NtNtCs8kT03CeRPRU_26threatflux_binary_analysis8analysis8securityNtB4_16SecurityAnalyzer15analyze_symbols
FN:484,_RNvMs_NtNtCs8kT03CeRPRU_26threatflux_binary_analysis8analysis8securityNtB4_16SecurityAnalyzer15get_crypto_apis
FN:275,_RNvMs_NtNtCs8kT03CeRPRU_26threatflux_binary_analysis8analysis8securityNtB4_16SecurityAnalyzer16analyze_sections
FN:470,_RNvMs_NtNtCs8kT03CeRPRU_26threatflux_binary_analysis8analysis8securityNtB4_16SecurityAnalyzer16get_anti_vm_apis
FN:498,_RNvMs_NtNtCs8kT03CeRPRU_26threatflux_binary_analysis8analysis8securityNtB4_16SecurityAnalyzer16get_network_apis
FN:530,_RNvMs_NtNtCs8kT03CeRPRU_26threatflux_binary_analysis8analysis8securityNtB4_16SecurityAnalyzer17get_registry_apis
FN:454,_RNvMs_NtNtCs8kT03CeRPRU_26threatflux_binary_analysis8analysis8securityNtB4_16SecurityAnalyzer19get_anti_debug_apis
FN:514,_RNvMs_NtNtCs8kT03CeRPRU_26threatflux_binary_analysis8analysis8securityNtB4_16SecurityAnalyzer19get_filesystem_apis
FN:428,_RNvMs_NtNtCs8kT03CeRPRU_26threatflux_binary_analysis8analysis8securityNtB4_16SecurityAnalyzer19get_suspicious_apis
FN:378,_RNvMs_NtNtCs8kT03CeRPRU_26threatflux_binary_analysis8analysis8securityNtB4_16SecurityAnalyzer20calculate_risk_score
FN:331,_RNvMs_NtNtCs8kT03CeRPRU_26threatflux_binary_analysis8analysis8securityNtB4_16SecurityAnalyzer25analyze_security_features
FN:566,_RNvMs_NtNtCs8kT03CeRPRU_26threatflux_binary_analysis8analysis8securityNtB4_16SecurityAnalyzer25is_suspicious_symbol_name
FN:544,_RNvMs_NtNtCs8kT03CeRPRU_26threatflux_binary_analysis8analysis8securityNtB4_16SecurityAnalyzer26is_suspicious_section_name
FN:129,_RNvMs_NtNtCs8kT03CeRPRU_26threatflux_binary_analysis8analysis8securityNtB4_16SecurityAnalyzer3new
FN:43,_RNvXNtNtCs8kT03CeRPRU_26threatflux_binary_analysis8analysis8securityNtB2_14SecurityConfigNtNtCs9sjCchOt1K7_4core7default7Default7default
FN:724,_RNvMNtNtNtCs8kT03CeRPRU_26threatflux_binary_analysis8analysis8security5testsNtB2_14MockBinaryFile12architecture
FN:708,_RNvMNtNtNtCs8kT03CeRPRU_26threatflux_binary_analysis8analysis8security5testsNtB2_14MockBinaryFile7imports
FN:716,_RNvMNtNtNtCs8kT03CeRPRU_26threatflux_binary_analysis8analysis8security5testsNtB2_14MockBinaryFile7symbols
FN:720,_RNvMNtNtNtCs8kT03CeRPRU_26threatflux_binary_analysis8analysis8security5testsNtB2_14MockBinaryFile8metadata
FN:712,_RNvMNtNtNtCs8kT03CeRPRU_26threatflux_binary_analysis8analysis8security5testsNtB2_14MockBinaryFile8sections
FN:730,_RNvNtNtNtCs8kT03CeRPRU_26threatflux_binary_analysis8analysis8security5tests19analyze_mock_binary
FN:599,_RNvNtNtNtCs8kT03CeRPRU_26threatflux_binary_analysis8analysis8security5tests20create_test_metadata
FN:623,_RNvNtNtNtCs8kT03CeRPRU_26threatflux_binary_analysis8analysis8security5tests23create_test_binary_file
FN:1394,_RNvNtNtNtCs8kT03CeRPRU_26threatflux_binary_analysis8analysis8security5testss_20test_get_crypto_apis
FN:1382,_RNvNtNtNtCs8kT03CeRPRU_26threatflux_binary_analysis8analysis8security5testss_21test_get_anti_vm_apis
FN:1406,_RNvNtNtNtCs8kT03CeRPRU_26threatflux_binary_analysis8analysis8security5testss_21test_get_network_apis
FN:763,_RNvNtNtNtCs8kT03CeRPRU_26threatflux_binary_analysis8analysis8security5testss_22test_analyzer_creation
FN:1430,_RNvNtNtNtCs8kT03CeRPRU_26threatflux_binary_analysis8analysis8security5testss_22test_get_registry_apis
FN:1565,_RNvNtNtNtCs8kT03CeRPRU_26threatflux_binary_analysis8analysis8security5testss_22test_risk_score_bounds
FN:1495,_RNvNtNtNtCs8kT03CeRPRU_26threatflux_binary_analysis8analysis8security5testss_22test_severity_ordering
FN:1369,_RNvNtNtNtCs8kT03CeRPRU_26threatflux_binary_analysis8analysis8security5testss_24test_get_anti_debug_apis
FN:1418,_RNvNtNtNtCs8kT03CeRPRU_26threatflux_binary_analysis8analysis8security5testss_24test_get_filesystem_apis
FN:1355,_RNvNtNtNtCs8kT03CeRPRU_26threatflux_binary_analysis8analysis8security5testss_24test_get_suspicious_apis
FN:1533,_RNvNtNtNtCs8kT03CeRPRU_26threatflux_binary_analysis8analysis8security5testss_26test_analyze_imports_empty
FN:1555,_RNvNtNtNtCs8kT03CeRPRU_26threatflux_binary_analysis8analysis8security5testss_26test_analyze_symbols_empty
FN:918,_RNvNtNtNtCs8kT03CeRPRU_26threatflux_binary_analysis8analysis8security5testss_27test_analyze_imports_crypto
FN:1545,_RNvNtNtNtCs8kT03CeRPRU_26threatflux_binary_analysis8analysis8security5testss_27test_analyze_sections_empty
FN:2080,_RNvNtNtNtCs8kT03CeRPRU_26threatflux_binary_analysis8analysis8security5testss_27test_config_detection_flags
FN:886,_RNvNtNtNtCs8kT03CeRPRU_26threatflux_binary_analysis8analysis8security5testss_28test_analyze_imports_anti_vm
FN:950,_RNvNtNtNtCs8kT03CeRPRU_26threatflux_binary_analysis8analysis8security5testss_28test_analyze_imports_network
FN:788,_RNvNtNtNtCs8kT03CeRPRU_26threatflux_binary_analysis8analysis8security5testss_28test_security_config_default
FN:1014,_RNvNtNtNtCs8kT03CeRPRU_26threatflux_binary_analysis8analysis8security5testss_29test_analyze_imports_registry
FN:847,_RNvNtNtNtCs8kT03CeRPRU_26threatflux_binary_analysis8analysis8security5testss_31test_analyze_imports_anti_debug
FN:982,_RNvNtNtNtCs8kT03CeRPRU_26threatflux_binary_analysis8analysis8security5testss_31test_analyze_imports_filesystem
FN:1139,_RNvNtNtNtCs8kT03CeRPRU_26threatflux_binary_analysis8analysis8security5testss_31test_analyze_symbols_suspicious
FN:769,_RNvNtNtNtCs8kT03CeRPRU_26threatflux_binary_analysis8analysis8security5testss_32test_analyzer_with_custom_config
FN:1503,_RNvNtNtNtCs8kT03CeRPRU_26threatflux_binary_analysis8analysis8security5testss_32test_security_finding_categories
FN:1467,_RNvNtNtNtCs8kT03CeRPRU_26threatflux_binary_analysis8analysis8security5testss_32test_suspicious_symbol_detection
FN:1047,_RNvNtNtNtCs8kT03CeRPRU_26threatflux_binary_analysis8analysis8security5testss_33test_analyze_sections_rwx_section
FN:1443,_RNvNtNtNtCs8kT03CeRPRU_26threatflux_binary_analysis8analysis8security5testss_33test_suspicious_section_detection
FN:1252,_RNvNtNtNtCs8kT03CeRPRU_26threatflux_binary_analysis8analysis8security5testss_34test_calculate_risk_score_low_risk
FN:1298,_RNvNtNtNtCs8kT03CeRPRU_26threatflux_binary_analysis8analysis8security5testss_35test_calculate_risk_score_high_risk
FN:802,_RNvNtNtNtCs8kT03CeRPRU_26threatflux_binary_analysis8analysis8security5testss_36test_analyze_imports_suspicious_apis
FN:2010,_RNvNtNtNtCs8kT03CeRPRU_26threatflux_binary_analysis8analysis8security5testss_37test_analyze_binary_security_function
FN:2031,_RNvNtNtNtCs8kT03CeRPRU_26threatflux_binary_analysis8analysis8security5testss_37test_analyzer_different_architectures
FN:1093,_RNvNtNtNtCs8kT03CeRPRU_26threatflux_binary_analysis8analysis8security5testss_38test_analyze_sections_suspicious_names
FN:1189,_RNvNtNtNtCs8kT03CeRPRU_26threatflux_binary_analysis8analysis8security5testss_38test_analyze_security_features_missing
FN:1857,_RNvNtNtNtCs8kT03CeRPRU_26threatflux_binary_analysis8analysis8security5testss_40test_complete_security_analysis_low_risk
FN:1663,_RNvNtNtNtCs8kT03CeRPRU_26threatflux_binary_analysis8analysis8security5testss_41test_complete_security_analysis_high_risk
FN:1226,_RNvNtNtNtCs8kT03CeRPRU_26threatflux_binary_analysis8analysis8security5testss_42test_analyze_security_features_all_enabled
FN:1619,_RNvNtNtNtCs8kT03CeRPRU_26threatflux_binary_analysis8analysis8security5testss_42test_analyze_with_disabled_suspicious_apis
FN:2054,_RNvNtNtNtCs8kT03CeRPRU_26threatflux_binary_analysis8analysis8security5testss_42test_security_analysis_result_completeness
FN:1579,_RNCNvNtNtNtCs8kT03CeRPRU_26threatflux_binary_analysis8analysis8security5testss_22test_risk_score_bounds0B9_
FN:1581,_RNCNvNtNtNtCs8kT03CeRPRU_26threatflux_binary_analysis8analysis8security5testss_22test_risk_score_boundss0_0B9_
FN:1582,_RNCNvNtNtNtCs8kT03CeRPRU_26threatflux_binary_analysis8analysis8security5testss_22test_risk_score_boundss1_0B9_
FN:1583,_RNCNvNtNtNtCs8kT03CeRPRU_26threatflux_binary_analysis8analysis8security5testss_22test_risk_score_boundss2_0B9_
FN:1584,_RNCNvNtNtNtCs8kT03CeRPRU_26threatflux_binary_analysis8analysis8security5testss_22test_risk_score_boundss3_0B9_
FN:1585,_RNCNvNtNtNtCs8kT03CeRPRU_26threatflux_binary_analysis8analysis8security5testss_22test_risk_score_boundss4_0B9_
FN:1600,_RNCNvNtNtNtCs8kT03CeRPRU_26threatflux_binary_analysis8analysis8security5testss_22test_risk_score_boundss5_0B9_
FN:1580,_RNCNvNtNtNtCs8kT03CeRPRU_26threatflux_binary_analysis8analysis8security5testss_22test_risk_score_boundss_0B9_
FN:943,_RNCNvNtNtNtCs8kT03CeRPRU_26threatflux_binary_analysis8analysis8security5testss_27test_analyze_imports_crypto0B9_
FN:911,_RNCNvNtNtNtCs8kT03CeRPRU_26threatflux_binary_analysis8analysis8security5testss_28test_analyze_imports_anti_vm0B9_
FN:975,_RNCNvNtNtNtCs8kT03CeRPRU_26threatflux_binary_analysis8analysis8security5testss_28test_analyze_imports_network0B9_
FN:1039,_RNCNvNtNtNtCs8kT03CeRPRU_26threatflux_binary_analysis8analysis8security5testss_29test_analyze_imports_registry0B9_
FN:879,_RNCNvNtNtNtCs8kT03CeRPRU_26threatflux_binary_analysis8analysis8security5testss_31test_analyze_imports_anti_debug0B9_
FN:1007,_RNCNvNtNtNtCs8kT03CeRPRU_26threatflux_binary_analysis8analysis8security5testss_31test_analyze_imports_filesystem0B9_
FN:1181,_RNCNvNtNtNtCs8kT03CeRPRU_26threatflux_binary_analysis8analysis8security5testss_31test_analyze_symbols_suspicious0B9_
FN:1085,_RNCNvNtNtNtCs8kT03CeRPRU_26threatflux_binary_analysis8analysis8security5testss_33test_analyze_sections_rwx_section0B9_
FN:840,_RNCNvNtNtNtCs8kT03CeRPRU_26threatflux_binary_analysis8analysis8security5testss_36test_analyze_imports_suspicious_apis0B9_
FN:1131,_RNCNvNtNtNtCs8kT03CeRPRU_26threatflux_binary_analysis8analysis8security5testss_38test_analyze_sections_suspicious_names0B9_
FN:1208,_RNCNvNtNtNtCs8kT03CeRPRU_26threatflux_binary_analysis8analysis8security5testss_38test_analyze_security_features_missing0B9_
FN:1216,_RNCNvNtNtNtCs8kT03CeRPRU_26threatflux_binary_analysis8analysis8security5testss_38test_analyze_security_features_missings0_0B9_
FN:1219,_RNCNvNtNtNtCs8kT03CeRPRU_26threatflux_binary_analysis8analysis8security5testss_38test_analyze_security_features_missings1_0B9_
FN:1222,_RNCNvNtNtNtCs8kT03CeRPRU_26threatflux_binary_analysis8analysis8security5testss_38test_analyze_security_features_missings2_0B9_
FN:1215,_RNCNvNtNtNtCs8kT03CeRPRU_26threatflux_binary_analysis8analysis8security5testss_38test_analyze_security_features_missings_0B9_
FN:1982,_RNCNvNtNtNtCs8kT03CeRPRU_26threatflux_binary_analysis8analysis8security5testss_40test_complete_security_analysis_low_risk0B9_
FN:1998,_RNCNvNtNtNtCs8kT03CeRPRU_26threatflux_binary_analysis8analysis8security5testss_40test_complete_security_analysis_low_risks_0B9_
FN:1813,_RNCNvNtNtNtCs8kT03CeRPRU_26threatflux_binary_analysis8analysis8security5testss_41test_complete_security_analysis_high_risk0B9_
FN:1829,_RNCNvNtNtNtCs8kT03CeRPRU_26threatflux_binary_analysis8analysis8security5testss_41test_complete_security_analysis_high_risks0_0B9_
FN:1837,_RNCNvNtNtNtCs8kT03CeRPRU_26threatflux_binary_analysis8analysis8security5testss_41test_complete_security_analysis_high_risks1_0B9_
FN:1845,_RNCNvNtNtNtCs8kT03CeRPRU_26threatflux_binary_analysis8analysis8security5testss_41test_complete_security_analysis_high_risks2_0B9_
FN:1821,_RNCNvNtNtNtCs8kT03CeRPRU_26threatflux_binary_analysis8analysis8security5testss_41test_complete_security_analysis_high_risks_0B9_
FN:1245,_RNCNvNtNtNtCs8kT03CeRPRU_26threatflux_binary_analysis8analysis8security5testss_42test_analyze_security_features_all_enabled0B9_
FN:583,_RNCNvMs_NtNtCs8kT03CeRPRU_26threatflux_binary_analysis8analysis8securityNtB6_16SecurityAnalyzer25is_suspicious_symbol_name0Ba_
FN:562,_RNCNvMs_NtNtCs8kT03CeRPRU_26threatflux_binary_analysis8analysis8securityNtB6_16SecurityAnalyzer26is_suspicious_section_name0Ba_
FNDA:0,_RNCNvMs_NtNtCs9LoDH0wUW1w_26threatflux_binary_analysis8analysis8securityNtB6_16SecurityAnalyzer25is_suspicious_symbol_name0Ba_
FNDA:0,_RNCNvMs_NtNtCs9LoDH0wUW1w_26threatflux_binary_analysis8analysis8securityNtB6_16SecurityAnalyzer26is_suspicious_section_name0Ba_
FNDA:0,_RNvMs_NtNtCs8kT03CeRPRU_26threatflux_binary_analysis8analysis8securityNtB4_16SecurityAnalyzer7analyze
FNDA:0,_RNvNtNtCs8kT03CeRPRU_26threatflux_binary_analysis8analysis8security23analyze_binary_security
FNDA:11,_RNvMs_NtNtCs8kT03CeRPRU_26threatflux_binary_analysis8analysis8securityNtB4_16SecurityAnalyzer11with_config
FNDA:15,_RNvMs_NtNtCs8kT03CeRPRU_26threatflux_binary_analysis8analysis8securityNtB4_16SecurityAnalyzer15analyze_imports
FNDA:6,_RNvMs_NtNtCs8kT03CeRPRU_26threatflux_binary_analysis8analysis8securityNtB4_16SecurityAnalyzer15analyze_symbols
FNDA:16,_RNvMs_NtNtCs8kT03CeRPRU_26threatflux_binary_analysis8analysis8securityNtB4_16SecurityAnalyzer15get_crypto_apis
FNDA:7,_RNvMs_NtNtCs8kT03CeRPRU_26threatflux_binary_analysis8analysis8securityNtB4_16SecurityAnalyzer16analyze_sections
FNDA:16,_RNvMs_NtNtCs8kT03CeRPRU_26threatflux_binary_analysis8analysis8securityNtB4_16SecurityAnalyzer16get_anti_vm_apis
FNDA:16,_RNvMs_NtNtCs8kT03CeRPRU_26threatflux_binary_analysis8analysis8securityNtB4_16SecurityAnalyzer16get_network_apis
FNDA:16,_RNvMs_NtNtCs8kT03CeRPRU_26threatflux_binary_analysis8analysis8securityNtB4_16SecurityAnalyzer17get_registry_apis
FNDA:16,_RNvMs_NtNtCs8kT03CeRPRU_26threatflux_binary_analysis8analysis8securityNtB4_16SecurityAnalyzer19get_anti_debug_apis
FNDA:16,_RNvMs_NtNtCs8kT03CeRPRU_26threatflux_binary_analysis8analysis8securityNtB4_16SecurityAnalyzer19get_filesystem_apis
FNDA:16,_RNvMs_NtNtCs8kT03CeRPRU_26threatflux_binary_analysis8analysis8securityNtB4_16SecurityAnalyzer19get_suspicious_apis
FNDA:8,_RNvMs_NtNtCs8kT03CeRPRU_26threatflux_binary_analysis8analysis8securityNtB4_16SecurityAnalyzer20calculate_risk_score
FNDA:6,_RNvMs_NtNtCs8kT03CeRPRU_26threatflux_binary_analysis8analysis8securityNtB4_16SecurityAnalyzer25analyze_security_features
FNDA:28,_RNvMs_NtNtCs8kT03CeRPRU_26threatflux_binary_analysis8analysis8securityNtB4_16SecurityAnalyzer25is_suspicious_symbol_name
FNDA:27,_RNvMs_NtNtCs8kT03CeRPRU_26threatflux_binary_analysis8analysis8securityNtB4_16SecurityAnalyzer26is_suspicious_section_name
FNDA:38,_RNvMs_NtNtCs8kT03CeRPRU_26threatflux_binary_analysis8analysis8securityNtB4_16SecurityAnalyzer3new
FNDA:47,_RNvXNtNtCs8kT03CeRPRU_26threatflux_binary_analysis8analysis8securityNtB2_14SecurityConfigNtNtCs9sjCchOt1K7_4core7default7Default7default
FNDA:4,_RNvMNtNtNtCs8kT03CeRPRU_26threatflux_binary_analysis8analysis8security5testsNtB2_14MockBinaryFile12architecture
FNDA:4,_RNvMNtNtNtCs8kT03CeRPRU_26threatflux_binary_analysis8analysis8security5testsNtB2_14MockBinaryFile7imports
FNDA:4,_RNvMNtNtNtCs8kT03CeRPRU_26threatflux_binary_analysis8analysis8security5testsNtB2_14MockBinaryFile7symbols
FNDA:4,_RNvMNtNtNtCs8kT03CeRPRU_26threatflux_binary_analysis8analysis8security5testsNtB2_14MockBinaryFile8metadata
FNDA:4,_RNvMNtNtNtCs8kT03CeRPRU_26threatflux_binary_analysis8analysis8security5testsNtB2_14MockBinaryFile8sections
FNDA:4,_RNvNtNtNtCs8kT03CeRPRU_26threatflux_binary_analysis8analysis8security5tests19analyze_mock_binary
FNDA:2,_RNvNtNtNtCs8kT03CeRPRU_26threatflux_binary_analysis8analysis8security5tests20create_test_metadata
FNDA:2,_RNvNtNtNtCs8kT03CeRPRU_26threatflux_binary_analysis8analysis8security5tests23create_test_binary_file
FNDA:1,_RNvNtNtNtCs8kT03CeRPRU_26threatflux_binary_analysis8analysis8security5testss_20test_get_crypto_apis
FNDA:1,_RNvNtNtNtCs8kT03CeRPRU_26threatflux_binary_analysis8analysis8security5testss_21test_get_anti_vm_apis
FNDA:1,_RNvNtNtNtCs8kT03CeRPRU_26threatflux_binary_analysis8analysis8security5testss_21test_get_network_apis
FNDA:1,_RNvNtNtNtCs8kT03CeRPRU_26threatflux_binary_analysis8analysis8security5testss_22test_analyzer_creation
FNDA:1,_RNvNtNtNtCs8kT03CeRPRU_26threatflux_binary_analysis8analysis8security5testss_22test_get_registry_apis
FNDA:1,_RNvNtNtNtCs8kT03CeRPRU_26threatflux_binary_analysis8analysis8security5testss_22test_risk_score_bounds
FNDA:1,_RNvNtNtNtCs8kT03CeRPRU_26threatflux_binary_analysis8analysis8security5testss_22test_severity_ordering
FNDA:1,_RNvNtNtNtCs8kT03CeRPRU_26threatflux_binary_analysis8analysis8security5testss_24test_get_anti_debug_apis
FNDA:1,_RNvNtNtNtCs8kT03CeRPRU_26threatflux_binary_analysis8analysis8security5testss_24test_get_filesystem_apis
FNDA:1,_RNvNtNtNtCs8kT03CeRPRU_26threatflux_binary_analysis8analysis8security5testss_24test_get_suspicious_apis
FNDA:1,_RNvNtNtNtCs8kT03CeRPRU_26threatflux_binary_analysis8analysis8security5testss_26test_analyze_imports_empty
FNDA:1,_RNvNtNtNtCs8kT03CeRPRU_26threatflux_binary_analysis8analysis8security5testss_26test_analyze_symbols_empty
FNDA:1,_RNvNtNtNtCs8kT03CeRPRU_26threatflux_binary_analysis8analysis8security5testss_27test_analyze_imports_crypto
FNDA:1,_RNvNtNtNtCs8kT03CeRPRU_26threatflux_binary_analysis8analysis8security5testss_27test_analyze_sections_empty
FNDA:1,_RNvNtNtNtCs8kT03CeRPRU_26threatflux_binary_analysis8analysis8security5testss_27test_config_detection_flags
FNDA:1,_RNvNtNtNtCs8kT03CeRPRU_26threatflux_binary_analysis8analysis8security5testss_28test_analyze_imports_anti_vm
FNDA:1,_RNvNtNtNtCs8kT03CeRPRU_26threatflux_binary_analysis8analysis8security5testss_28test_analyze_imports_network
FNDA:1,_RNvNtNtNtCs8kT03CeRPRU_26threatflux_binary_analysis8analysis8security5testss_28test_security_config_default
FNDA:1,_RNvNtNtNtCs8kT03CeRPRU_26threatflux_binary_analysis8analysis8security5testss_29test_analyze_imports_registry
FNDA:1,_RNvNtNtNtCs8kT03CeRPRU_26threatflux_binary_analysis8analysis8security5testss_31test_analyze_imports_anti_debug
FNDA:1,_RNvNtNtNtCs8kT03CeRPRU_26threatflux_binary_analysis8analysis8security5testss_31test_analyze_imports_filesystem
FNDA:1,_RNvNtNtNtCs8kT03CeRPRU_26threatflux_binary_analysis8analysis8security5testss_31test_analyze_symbols_suspicious
FNDA:1,_RNvNtNtNtCs8kT03CeRPRU_26threatflux_binary_analysis8analysis8security5testss_32test_analyzer_with_custom_config
FNDA:1,_RNvNtNtNtCs8kT03CeRPRU_26threatflux_binary_analysis8analysis8security5testss_32test_security_finding_categories
FNDA:1,_RNvNtNtNtCs8kT03CeRPRU_26threatflux_binary_analysis8analysis8security5testss_32test_suspicious_symbol_detection
FNDA:1,_RNvNtNtNtCs8kT03CeRPRU_26threatflux_binary_analysis8analysis8security5testss_33test_analyze_sections_rwx_section
FNDA:1,_RNvNtNtNtCs8kT03CeRPRU_26threatflux_binary_analysis8analysis8security5testss_33test_suspicious_section_detection
FNDA:1,_RNvNtNtNtCs8kT03CeRPRU_26threatflux_binary_analysis8analysis8security5testss_34test_calculate_risk_score_low_risk
FNDA:1,_RNvNtNtNtCs8kT03CeRPRU_26threatflux_binary_analysis8analysis8security5testss_35test_calculate_risk_score_high_risk
FNDA:1,_RNvNtNtNtCs8kT03CeRPRU_26threatflux_binary_analysis8analysis8security5testss_36test_analyze_imports_suspicious_apis
FNDA:1,_RNvNtNtNtCs8kT03CeRPRU_26threatflux_binary_analysis8analysis8security5testss_37test_analyze_binary_security_function
FNDA:1,_RNvNtNtNtCs8kT03CeRPRU_26threatflux_binary_analysis8analysis8security5testss_37test_analyzer_different_architectures
FNDA:1,_RNvNtNtNtCs8kT03CeRPRU_26threatflux_binary_analysis8analysis8security5testss_38test_analyze_sections_suspicious_names
FNDA:1,_RNvNtNtNtCs8kT03CeRPRU_26threatflux_binary_analysis8analysis8security5testss_38test_analyze_security_features_missing
FNDA:1,_RNvNtNtNtCs8kT03CeRPRU_26threatflux_binary_analysis8analysis8security5testss_40test_complete_security_analysis_low_risk
FNDA:1,_RNvNtNtNtCs8kT03CeRPRU_26threatflux_binary_analysis8analysis8security5testss_41test_complete_security_analysis_high_risk
FNDA:1,_RNvNtNtNtCs8kT03CeRPRU_26threatflux_binary_analysis8analysis8security5testss_42test_analyze_security_features_all_enabled
FNDA:1,_RNvNtNtNtCs8kT03CeRPRU_26threatflux_binary_analysis8analysis8security5testss_42test_analyze_with_disabled_suspicious_apis
FNDA:1,_RNvNtNtNtCs8kT03CeRPRU_26threatflux_binary_analysis8analysis8security5testss_42test_security_analysis_result_completeness
FNDA:20,_RNCNvNtNtNtCs8kT03CeRPRU_26threatflux_binary_analysis8analysis8security5testss_22test_risk_score_bounds0B9_
FNDA:10,_RNCNvNtNtNtCs8kT03CeRPRU_26threatflux_binary_analysis8analysis8security5testss_22test_risk_score_boundss0_0B9_
FNDA:5,_RNCNvNtNtNtCs8kT03CeRPRU_26threatflux_binary_analysis8analysis8security5testss_22test_risk_score_boundss1_0B9_
FNDA:5,_RNCNvNtNtNtCs8kT03CeRPRU_26threatflux_binary_analysis8analysis8security5testss_22test_risk_score_boundss2_0B9_
FNDA:5,_RNCNvNtNtNtCs8kT03CeRPRU_26threatflux_binary_analysis8analysis8security5testss_22test_risk_score_boundss3_0B9_
FNDA:5,_RNCNvNtNtNtCs8kT03CeRPRU_26threatflux_binary_analysis8analysis8security5testss_22test_risk_score_boundss4_0B9_
FNDA:10,_RNCNvNtNtNtCs8kT03CeRPRU_26threatflux_binary_analysis8analysis8security5testss_22test_risk_score_boundss5_0B9_
FNDA:10,_RNCNvNtNtNtCs8kT03CeRPRU_26threatflux_binary_analysis8analysis8security5testss_22test_risk_score_boundss_0B9_
FNDA:2,_RNCNvNtNtNtCs8kT03CeRPRU_26threatflux_binary_analysis8analysis8security5testss_27test_analyze_imports_crypto0B9_
FNDA:2,_RNCNvNtNtNtCs8kT03CeRPRU_26threatflux_binary_analysis8analysis8security5testss_28test_analyze_imports_anti_vm0B9_
FNDA:2,_RNCNvNtNtNtCs8kT03CeRPRU_26threatflux_binary_analysis8analysis8security5testss_28test_analyze_imports_network0B9_
FNDA:3,_RNCNvNtNtNtCs8kT03CeRPRU_26threatflux_binary_analysis8analysis8security5testss_29test_analyze_imports_registry0B9_
FNDA:2,_RNCNvNtNtNtCs8kT03CeRPRU_26threatflux_binary_analysis8analysis8security5testss_31test_analyze_imports_anti_debug0B9_
FNDA:2,_RNCNvNtNtNtCs8kT03CeRPRU_26threatflux_binary_analysis8analysis8security5testss_31test_analyze_imports_filesystem0B9_
FNDA:2,_RNCNvNtNtNtCs8kT03CeRPRU_26threatflux_binary_analysis8analysis8security5testss_31test_analyze_symbols_suspicious0B9_
FNDA:1,_RNCNvNtNtNtCs8kT03CeRPRU_26threatflux_binary_analysis8analysis8security5testss_33test_analyze_sections_rwx_section0B9_
FNDA:2,_RNCNvNtNtNtCs8kT03CeRPRU_26threatflux_binary_analysis8analysis8security5testss_36test_analyze_imports_suspicious_apis0B9_
FNDA:2,_RNCNvNtNtNtCs8kT03CeRPRU_26threatflux_binary_analysis8analysis8security5testss_38test_analyze_sections_suspicious_names0B9_
FNDA:4,_RNCNvNtNtNtCs8kT03CeRPRU_26threatflux_binary_analysis8analysis8security5testss_38test_analyze_security_features_missing0B9_
FNDA:2,_RNCNvNtNtNtCs8kT03CeRPRU_26threatflux_binary_analysis8analysis8security5testss_38test_analyze_security_features_missings0_0B9_
FNDA:3,_RNCNvNtNtNtCs8kT03CeRPRU_26threatflux_binary_analysis8analysis8security5testss_38test_analyze_security_features_missings1_0B9_
FNDA:4,_RNCNvNtNtNtCs8kT03CeRPRU_26threatflux_binary_analysis8analysis8security5testss_38test_analyze_security_features_missings2_0B9_
FNDA:1,_RNCNvNtNtNtCs8kT03CeRPRU_26threatflux_binary_analysis8analysis8security5testss_38test_analyze_security_features_missings_0B9_
FNDA:0,_RNCNvNtNtNtCs8kT03CeRPRU_26threatflux_binary_analysis8analysis8security5testss_40test_complete_security_analysis_low_risk0B9_
FNDA:0,_RNCNvNtNtNtCs8kT03CeRPRU_26threatflux_binary_analysis8analysis8security5testss_40test_complete_security_analysis_low_risks_0B9_
FNDA:11,_RNCNvNtNtNtCs8kT03CeRPRU_26threatflux_binary_analysis8analysis8security5testss_41test_complete_security_analysis_high_risk0B9_
FNDA:11,_RNCNvNtNtNtCs8kT03CeRPRU_26threatflux_binary_analysis8analysis8security5testss_41test_complete_security_analysis_high_risks0_0B9_
FNDA:11,_RNCNvNtNtNtCs8kT03CeRPRU_26threatflux_binary_analysis8analysis8security5testss_41test_complete_security_analysis_high_risks1_0B9_
FNDA:11,_RNCNvNtNtNtCs8kT03CeRPRU_26threatflux_binary_analysis8analysis8security5testss_41test_complete_security_analysis_high_risks2_0B9_
FNDA:11,_RNCNvNtNtNtCs8kT03CeRPRU_26threatflux_binary_analysis8analysis8security5testss_41test_complete_security_analysis_high_risks_0B9_
FNDA:0,_RNCNvNtNtNtCs8kT03CeRPRU_26threatflux_binary_analysis8analysis8security5testss_42test_analyze_security_features_all_enabled0B9_
FNDA:173,_RNCNvMs_NtNtCs8kT03CeRPRU_26threatflux_binary_analysis8analysis8securityNtB6_16SecurityAnalyzer25is_suspicious_symbol_name0Ba_
FNDA:201,_RNCNvMs_NtNtCs8kT03CeRPRU_26threatflux_binary_analysis8analysis8securityNtB6_16SecurityAnalyzer26is_suspicious_section_name0Ba_
FNF:99
FNH:94
DA:43,47
DA:44,47
DA:45,47
DA:46,47
DA:47,47
DA:48,47
DA:49,47
DA:50,47
DA:51,47
DA:52,47
DA:53,47
DA:54,47
DA:129,38
DA:130,38
DA:131,38
DA:132,38
DA:133,38
DA:134,38
DA:137,11
DA:138,11
DA:139,11
DA:140,11
DA:141,11
DA:142,11
DA:145,0
DA:146,0
DA:147,0
DA:148,0
DA:149,0
DA:150,0
DA:151,0
DA:152,0
DA:155,0
DA:156,0
DA:157,0
DA:158,0
DA:159,0
DA:160,0
DA:161,0
DA:162,0
DA:163,0
DA:164,0
DA:165,0
DA:166,0
DA:167,0
DA:168,0
DA:169,0
DA:170,0
DA:171,0
DA:172,0
DA:173,0
DA:174,0
DA:175,0
DA:178,15
DA:179,15
DA:180,15
DA:181,15
DA:182,15
DA:183,15
DA:184,15
DA:185,15
DA:186,15
DA:187,15
DA:188,15
DA:189,15
DA:190,15
DA:192,45
DA:193,30
DA:194,30
DA:195,30
DA:196,8
DA:197,8
DA:198,8
DA:199,8
DA:200,8
DA:201,8
DA:202,8
DA:203,8
DA:204,22
DA:206,30
DA:207,6
DA:208,6
DA:209,6
DA:210,6
DA:211,6
DA:212,6
DA:213,6
DA:214,6
DA:215,24
DA:217,30
DA:218,3
DA:219,3
DA:220,3
DA:221,3
DA:222,3
DA:223,3
DA:224,3
DA:225,3
DA:226,27
DA:228,30
DA:229,2
DA:230,2
DA:231,2
DA:232,2
DA:233,2
DA:234,2
DA:235,2
DA:236,2
DA:237,28
DA:239,30
DA:240,2
DA:241,2
DA:242,2
DA:243,2
DA:244,2
DA:245,2
DA:246,2
DA:247,2
DA:248,28
DA:250,30
DA:251,2
DA:252,2
DA:253,2
DA:254,2
DA:255,2
DA:256,2
DA:257,2
DA:258,2
DA:259,28
DA:261,30
DA:262,2
DA:263,2
DA:264,2
DA:265,2
DA:266,2
DA:267,2
DA:268,2
DA:269,2
DA:270,28
DA:272,15
DA:275,7
DA:276,7
DA:277,7
DA:278,7
DA:279,7
DA:280,7
DA:281,21
DA:283,14
DA:284,4
DA:285,4
DA:286,4
DA:287,4
DA:288,4
DA:289,4
DA:290,4
DA:291,4
DA:292,4
DA:293,4
DA:294,10
DA:297,14
DA:298,5
DA:299,5
DA:300,5
DA:301,5
DA:302,5
DA:303,5
DA:304,5
DA:305,9
DA:307,7
DA:310,6
DA:311,6
DA:312,6
DA:313,6
DA:314,6
DA:315,6
DA:316,18
DA:318,12
DA:319,6
DA:320,6
DA:321,6
DA:322,6
DA:323,6
DA:324,6
DA:325,6
DA:326,6
DA:328,6
DA:331,6
DA:332,6
DA:333,6
DA:334,6
DA:335,6
DA:336,6
DA:337,2
DA:338,2
DA:339,2
DA:340,2
DA:341,2
DA:342,2
DA:343,2
DA:344,4
DA:346,6
DA:347,2
DA:348,2
DA:349,2
DA:350,2
DA:351,2
DA:352,2
DA:353,2
DA:354,4
DA:356,6
DA:357,4
DA:358,4
DA:359,4
DA:360,4
DA:361,4
DA:362,4
DA:363,4
DA:364,4
DA:366,6
DA:367,4
DA:368,4
DA:369,4
DA:370,4
DA:371,4
DA:372,4
DA:373,4
DA:374,4
DA:375,6
DA:378,8
DA:379,8
DA:380,8
DA:381,8
DA:382,8
DA:383,8
DA:384,8
DA:385,8
DA:386,8
DA:387,8
DA:388,8
DA:389,8
DA:390,8
DA:391,8
DA:392,8
DA:393,8
DA:394,8
DA:395,8
DA:396,8
DA:397,4
DA:398,4
DA:399,8
DA:400,4
DA:401,4
DA:402,8
DA:403,6
DA:404,6
DA:405,8
DA:406,6
DA:407,6
DA:408,8
DA:409,6
DA:410,6
DA:413,48
DA:414,40
DA:415,11
DA:416,8
DA:417,13
DA:418,7
DA:419,1
DA:424,8
DA:425,8
DA:428,16
DA:429,16
DA:430,16
DA:431,16
DA:432,16
DA:433,16
DA:434,16
DA:435,16
DA:436,16
DA:437,16
DA:438,16
DA:439,16
DA:440,16
DA:441,16
DA:442,16
DA:443,16
DA:444,16
DA:445,16
DA:446,16
DA:447,16
DA:448,16
DA:449,16
DA:450,16
DA:451,16
DA:454,16
DA:455,16
DA:456,16
DA:457,16
DA:458,16
DA:459,16
DA:460,16
DA:461,16
DA:462,16
DA:463,16
DA:464,16
DA:465,16
DA:466,16
DA:467,16
DA:470,16
DA:471,16
DA:472,16
DA:473,16
DA:474,16
DA:475,16
DA:476,16
DA:477,16
DA:478,16
DA:479,16
DA:480,16
DA:481,16
DA:484,16
DA:485,16
DA:486,16
DA:487,16
DA:488,16
DA:489,16
DA:490,16
DA:491,16
DA:492,16
DA:493,16
DA:494,16
DA:495,16
DA:498,16
DA:499,16
DA:500,16
DA:501,16
DA:502,16
DA:503,16
DA:504,16
DA:505,16
DA:506,16
DA:507,16
DA:508,16
DA:509,16
DA:510,16
DA:511,16
DA:514,16
DA:515,16
DA:516,16
DA:517,16
DA:518,16
DA:519,16
DA:520,16
DA:521,16
DA:522,16
DA:523,16
DA:524,16
DA:525,16
DA:526,16
DA:527,16
DA:530,16
DA:531,16
DA:532,16
DA:533,16
DA:534,16
DA:535,16
DA:536,16
DA:537,16
DA:538,16
DA:539,16
DA:540,16
DA:541,16
DA:544,27
DA:545,27
DA:546,27
DA:547,27
DA:548,27
DA:549,27
DA:550,27
DA:551,27
DA:552,27
DA:553,27
DA:554,27
DA:555,27
DA:556,27
DA:557,27
DA:558,27
DA:559,27
DA:560,27
DA:561,27
DA:562,201
DA:563,27
DA:566,28
DA:567,28
DA:568,28
DA:569,28
DA:570,28
DA:571,28
DA:572,28
DA:573,28
DA:574,28
DA:575,28
DA:576,28
DA:577,28
DA:578,28
DA:579,28
DA:580,28
DA:581,28
DA:582,28
DA:583,173
DA:584,28
DA:588,0
DA:589,0
DA:590,0
DA:591,0
DA:599,2
DA:600,2
DA:601,2
DA:602,2
DA:603,2
DA:604,2
DA:605,2
DA:606,2
DA:607,2
DA:608,2
DA:609,2
DA:610,2
DA:611,2
DA:612,2
DA:613,2
DA:614,2
DA:615,2
DA:616,2
DA:617,2
DA:618,2
DA:619,2
DA:620,2
DA:623,2
DA:624,2
DA:625,2
DA:626,2
DA:627,2
DA:628,2
DA:629,2
DA:630,2
DA:631,2
DA:632,2
DA:633,2
DA:634,2
DA:635,2
DA:636,2
DA:637,2
DA:638,2
DA:639,2
DA:640,2
DA:641,2
DA:642,2
DA:643,2
DA:644,2
DA:645,2
DA:646,2
DA:647,2
DA:648,2
DA:649,2
DA:650,2
DA:651,2
DA:652,2
DA:653,2
DA:654,2
DA:655,2
DA:656,2
DA:657,2
DA:658,2
DA:659,2
DA:660,2
DA:661,2
DA:662,2
DA:663,2
DA:664,2
DA:665,2
DA:666,2
DA:667,2
DA:668,2
DA:669,2
DA:670,2
DA:671,2
DA:672,2
DA:673,2
DA:674,2
DA:675,2
DA:676,2
DA:677,2
DA:678,2
DA:679,2
DA:680,2
DA:681,2
DA:682,2
DA:683,2
DA:684,2
DA:685,2
DA:686,2
DA:687,2
DA:688,2
DA:689,2
DA:690,2
DA:691,2
DA:692,2
DA:693,2
DA:694,2
DA:695,2
DA:696,2
DA:697,2
DA:708,4
DA:709,4
DA:710,4
DA:712,4
DA:713,4
DA:714,4
DA:716,4
DA:717,4
DA:718,4
DA:720,4
DA:721,4
DA:722,4
DA:724,4
DA:725,4
DA:726,4
DA:730,4
DA:731,4
DA:732,4
DA:733,4
DA:734,4
DA:735,4
DA:736,4
DA:737,4
DA:738,4
DA:739,4
DA:740,4
DA:741,4
DA:742,4
DA:743,4
DA:744,4
DA:745,4
DA:746,4
DA:747,4
DA:748,4
DA:749,4
DA:750,4
DA:751,4
DA:752,4
DA:753,4
DA:754,4
DA:755,4
DA:756,4
DA:757,4
DA:758,4
DA:759,4
DA:763,1
DA:764,1
DA:765,1
DA:766,1
DA:769,1
DA:770,1
DA:771,1
DA:772,1
DA:773,1
DA:774,1
DA:775,1
DA:776,1
DA:777,1
DA:778,1
DA:779,1
DA:780,1
DA:781,1
DA:782,1
DA:783,1
DA:784,1
DA:785,1
DA:788,1
DA:789,1
DA:790,1
DA:791,1
DA:792,1
DA:793,1
DA:794,1
DA:795,1
DA:796,1
DA:797,1
DA:798,1
DA:802,1
DA:803,1
DA:804,1
DA:805,1
DA:806,1
DA:807,1
DA:808,1
DA:809,1
DA:810,1
DA:811,1
DA:812,1
DA:813,1
DA:814,1
DA:815,1
DA:816,1
DA:817,1
DA:818,1
DA:819,1
DA:820,1
DA:821,1
DA:822,1
DA:823,1
DA:824,1
DA:825,1
DA:826,1
DA:827,1
DA:828,1
DA:829,1
DA:830,1
DA:831,1
DA:832,1
DA:833,1
DA:834,1
DA:835,1
DA:836,1
DA:838,1
DA:839,1
DA:840,2
DA:841,1
DA:842,1
DA:843,1
DA:844,1
DA:847,1
DA:848,1
DA:849,1
DA:850,1
DA:851,1
DA:852,1
DA:853,1
DA:854,1
DA:855,1
DA:856,1
DA:857,1
DA:858,1
DA:859,1
DA:860,1
DA:861,1
DA:862,1
DA:863,1
DA:864,1
DA:865,1
DA:866,1
DA:867,1
DA:868,1
DA:869,1
DA:870,1
DA:871,1
DA:872,1
DA:873,1
DA:874,1
DA:875,1
DA:877,1
DA:878,1
DA:879,2
DA:880,1
DA:881,1
DA:882,1
DA:883,1
DA:886,1
DA:887,1
DA:888,1
DA:889,1
DA:890,1
DA:891,1
DA:892,1
DA:893,1
DA:894,1
DA:895,1
DA:896,1
DA:897,1
DA:898,1
DA:899,1
DA:900,1
DA:901,1
DA:902,1
DA:903,1
DA:904,1
DA:905,1
DA:906,1
DA:907,1
DA:908,1
DA:909,1
DA:910,1
DA:911,2
DA:912,1
DA:913,1
DA:914,1
DA:915,1
DA:918,1
DA:919,1
DA:920,1
DA:921,1
DA:922,1
DA:923,1
DA:924,1
DA:925,1
DA:926,1
DA:927,1
DA:928,1
DA:929,1
DA:930,1
DA:931,1
DA:932,1
DA:933,1
DA:934,1
DA:935,1
DA:936,1
DA:937,1
DA:938,1
DA:939,1
DA:940,1
DA:941,1
DA:942,1
DA:943,2
DA:944,1
DA:945,1
DA:946,1
DA:947,1
DA:950,1
DA:951,1
DA:952,1
DA:953,1
DA:954,1
DA:955,1
DA:956,1
DA:957,1
DA:958,1
DA:959,1
DA:960,1
DA:961,1
DA:962,1
DA:963,1
DA:964,1
DA:965,1
DA:966,1
DA:967,1
DA:968,1
DA:969,1
DA:970,1
DA:971,1
DA:972,1
DA:973,1
DA:974,1
DA:975,2
DA:976,1
DA:977,1
DA:978,1
DA:979,1
DA:982,1
DA:983,1
DA:984,1
DA:985,1
DA:986,1
DA:987,1
DA:988,1
DA:989,1
DA:990,1
DA:991,1
DA:992,1
DA:993,1
DA:994,1
DA:995,1
DA:996,1
DA:997,1
DA:998,1
DA:999,1
DA:1000,1
DA:1001,1
DA:1002,1
DA:1003,1
DA:1004,1
DA:1005,1
DA:1006,1
DA:1007,2
DA:1008,1
DA:1009,1
DA:1010,1
DA:1011,1
DA:1014,1
DA:1015,1
DA:1016,1
DA:1017,1
DA:1018,1
DA:1019,1
DA:1020,1
DA:1021,1
DA:1022,1
DA:1023,1
DA:1024,1
DA:1025,1
DA:1026,1
DA:1027,1
DA:1028,1
DA:1029,1
DA:1030,1
DA:1031,1
DA:1032,1
DA:1033,1
DA:1034,1
DA:1035,1
DA:1036,1
DA:1037,1
DA:1038,1
DA:1039,3
DA:1040,1
DA:1041,1
DA:1042,1
DA:1043,1
DA:1047,1
DA:1048,1
DA:1049,1
DA:1050,1
DA:1051,1
DA:1052,1
DA:1053,1
DA:1054,1
DA:1055,1
DA:1056,1
DA:1057,1
DA:1058,1
DA:1059,1
DA:1060,1
DA:1061,1
DA:1062,1
DA:1063,1
DA:1064,1
DA:1065,1
DA:1066,1
DA:1067,1
DA:1068,1
DA:1069,1
DA:1070,1
DA:1071,1
DA:1072,1
DA:1073,1
DA:1074,1
DA:1075,1
DA:1076,1
DA:1077,1
DA:1078,1
DA:1079,1
DA:1080,1
DA:1081,1
DA:1082,1
DA:1083,1
DA:1084,1
DA:1085,1
DA:1086,1
DA:1087,1
DA:1088,1
DA:1089,1
DA:1090,1
DA:1093,1
DA:1094,1
DA:1095,1
DA:1096,1
DA:1097,1
DA:1098,1
DA:1099,1
DA:1100,1
DA:1101,1
DA:1102,1
DA:1103,1
DA:1104,1
DA:1105,1
DA:1106,1
DA:1107,1
DA:1108,1
DA:1109,1
DA:1110,1
DA:1111,1
DA:1112,1
DA:1113,1
DA:1114,1
DA:1115,1
DA:1116,1
DA:1117,1
DA:1118,1
DA:1119,1
DA:1120,1
DA:1121,1
DA:1122,1
DA:1123,1
DA:1124,1
DA:1125,1
DA:1126,1
DA:1127,1
DA:1128,1
DA:1129,1
DA:1130,1
DA:1131,2
DA:1132,1
DA:1133,1
DA:1134,1
DA:1135,1
DA:1139,1
DA:1140,1
DA:1141,1
DA:1142,1
DA:1143,1
DA:1144,1
DA:1145,1
DA:1146,1
DA:1147,1
DA:1148,1
DA:1149,1
DA:1150,1
DA:1151,1
DA:1152,1
DA:1153,1
DA:1154,1
DA:1155,1
DA:1156,1
DA:1157,1
DA:1158,1
DA:1159,1
DA:1160,1
DA:1161,1
DA:1162,1
DA:1163,1
DA:1164,1
DA:1165,1
DA:1166,1
DA:1167,1
DA:1168,1
DA:1169,1
DA:1170,1
DA:1171,1
DA:1172,1
DA:1173,1
DA:1174,1
DA:1175,1
DA:1176,1
DA:1177,1
DA:1178,1
DA:1179,1
DA:1180,1
DA:1181,2
DA:1182,1
DA:1183,1
DA:1184,1
DA:1185,1
DA:1189,1
DA:1190,1
DA:1191,1
DA:1192,1
DA:1193,1
DA:1194,1
DA:1195,1
DA:1196,1
DA:1197,1
DA:1198,1
DA:1199,1
DA:1200,1
DA:1201,1
DA:1202,1
DA:1203,1
DA:1204,1
DA:1205,1
DA:1206,1
DA:1207,1
DA:1208,4
DA:1209,1
DA:1210,1
DA:1211,1
DA:1212,1
DA:1215,1
DA:1216,2
DA:1217,1
DA:1218,1
DA:1219,3
DA:1220,1
DA:1221,1
DA:1222,4
DA:1223,1
DA:1226,1
DA:1227,1
DA:1228,1
DA:1229,1
DA:1230,1
DA:1231,1
DA:1232,1
DA:1233,1
DA:1234,1
DA:1235,1
DA:1236,1
DA:1237,1
DA:1238,1
DA:1239,1
DA:1240,1
DA:1241,1
DA:1242,1
DA:1243,1
DA:1244,1
DA:1245,1
DA:1246,1
DA:1247,1
DA:1248,1
DA:1252,1
DA:1253,1
DA:1254,1
DA:1255,1
DA:1256,1
DA:1257,1
DA:1258,1
DA:1259,1
DA:1260,1
DA:1261,1
DA:1262,1
DA:1263,1
DA:1264,1
DA:1265,1
DA:1266,1
DA:1267,1
DA:1268,1
DA:1269,1
DA:1270,1
DA:1271,1
DA:1272,1
DA:1273,1
DA:1274,1
DA:1275,1
DA:1276,1
DA:1277,1
DA:1278,1
DA:1279,1
DA:1280,1
DA:1281,1
DA:1282,1
DA:1283,1
DA:1284,1
DA:1285,1
DA:1286,1
DA:1287,1
DA:1288,1
DA:1289,1
DA:1290,1
DA:1291,1
DA:1292,1
DA:1293,1
DA:1294,1
DA:1295,1
DA:1298,1
DA:1299,1
DA:1300,1
DA:1301,1
DA:1302,1
DA:1303,1
DA:1304,1
DA:1305,1
DA:1306,1
DA:1307,1
DA:1308,1
DA:1309,1
DA:1310,1
DA:1311,1
DA:1312,1
DA:1313,1
DA:1314,1
DA:1315,1
DA:1316,1
DA:1317,1
DA:1318,1
DA:1319,1
DA:1320,1
DA:1321,1
DA:1322,1
DA:1323,1
DA:1324,1
DA:1325,1
DA:1326,1
DA:1327,1
DA:1328,1
DA:1329,1
DA:1330,1
DA:1331,1
DA:1332,1
DA:1333,1
DA:1334,1
DA:1335,1
DA:1336,1
DA:1337,1
DA:1338,1
DA:1339,1
DA:1340,1
DA:1341,1
DA:1342,1
DA:1343,1
DA:1344,1
DA:1345,1
DA:1346,1
DA:1347,1
DA:1348,1
DA:1349,1
DA:1350,1
DA:1351,1
DA:1355,1
DA:1356,1
DA:1357,1
DA:1358,1
DA:1359,1
DA:1360,1
DA:1361,1
DA:1362,1
DA:1363,1
DA:1364,1
DA:1365,1
DA:1366,1
DA:1369,1
DA:1370,1
DA:1371,1
DA:1372,1
DA:1373,1
DA:1374,1
DA:1375,1
DA:1376,1
DA:1377,1
DA:1378,1
DA:1379,1
DA:1382,1
DA:1383,1
DA:1384,1
DA:1385,1
DA:1386,1
DA:1387,1
DA:1388,1
DA:1389,1
DA:1390,1
DA:1391,1
DA:1394,1
DA:1395,1
DA:1396,1
DA:1397,1
DA:1398,1
DA:1399,1
DA:1400,1
DA:1401,1
DA:1402,1
DA:1403,1
DA:1406,1
DA:1407,1
DA:1408,1
DA:1409,1
DA:1410,1
DA:1411,1
DA:1412,1
DA:1413,1
DA:1414,1
DA:1415,1
DA:1418,1
DA:1419,1
DA:1420,1
DA:1421,1
DA:1422,1
DA:1423,1
DA:1424,1
DA:1425,1
DA:1426,1
DA:1427,1
DA:1430,1
DA:1431,1
DA:1432,1
DA:1433,1
DA:1434,1
DA:1435,1
DA:1436,1
DA:1437,1
DA:1438,1
DA:1439,1
DA:1443,1
DA:1444,1
DA:1445,1
DA:1446,1
DA:1447,1
DA:1448,1
DA:1449,1
DA:1450,1
DA:1451,1
DA:1452,1
DA:1453,1
DA:1456,1
DA:1457,1
DA:1460,1
DA:1461,1
DA:1462,1
DA:1463,1
DA:1464,1
DA:1467,1
DA:1468,1
DA:1469,1
DA:1470,1
DA:1471,1
DA:1472,1
DA:1473,1
DA:1474,1
DA:1475,1
DA:1476,1
DA:1477,1
DA:1478,1
DA:1479,1
DA:1482,1
DA:1483,1
DA:1486,1
DA:1487,1
DA:1488,1
DA:1489,1
DA:1490,1
DA:1491,1
DA:1495,1
DA:1496,1
DA:1497,1
DA:1498,1
DA:1499,1
DA:1500,1
DA:1503,1
DA:1504,1
DA:1505,1
DA:1506,1
DA:1507,1
DA:1508,1
DA:1509,1
DA:1510,1
DA:1511,1
DA:1512,1
DA:1513,1
DA:1514,1
DA:1515,1
DA:1516,1
DA:1517,1
DA:1519,12
DA:1520,11
DA:1521,11
DA:1522,11
DA:1523,11
DA:1524,11
DA:1525,11
DA:1526,11
DA:1527,11
DA:1529,1
DA:1533,1
DA:1534,1
DA:1535,1
DA:1536,1
DA:1537,1
DA:1538,1
DA:1539,1
DA:1540,1
DA:1541,1
DA:1542,1
DA:1545,1
DA:1546,1
DA:1547,1
DA:1548,1
DA:1549,1
DA:1550,1
DA:1551,1
DA:1552,1
DA:1555,1
DA:1556,1
DA:1557,1
DA:1558,1
DA:1559,1
DA:1560,1
DA:1561,1
DA:1562,1
DA:1565,1
DA:1566,1
DA:1567,1
DA:1568,1
DA:1569,1
DA:1570,1
DA:1571,1
DA:1572,1
DA:1573,1
DA:1574,1
DA:1575,1
DA:1578,1
DA:1579,20
DA:1580,10
DA:1581,10
DA:1582,5
DA:1583,5
DA:1584,5
DA:1585,5
DA:1586,1
DA:1587,1
DA:1588,1
DA:1589,1
DA:1590,1
DA:1591,1
DA:1592,1
DA:1593,1
DA:1594,1
DA:1595,1
DA:1596,1
DA:1597,1
DA:1598,1
DA:1599,1
DA:1600,10
DA:1601,10
DA:1602,10
DA:1603,10
DA:1604,10
DA:1605,10
DA:1606,10
DA:1607,1
DA:1608,1
DA:1609,1
DA:1610,1
DA:1611,1
DA:1612,1
DA:1613,1
DA:1614,1
DA:1615,1
DA:1619,1
DA:1620,1
DA:1621,1
DA:1622,1
DA:1623,1
DA:1624,1
DA:1625,1
DA:1626,1
DA:1627,1
DA:1628,1
DA:1629,1
DA:1630,1
DA:1631,1
DA:1632,1
DA:1633,1
DA:1634,1
DA:1635,1
DA:1636,1
DA:1637,1
DA:1638,1
DA:1639,1
DA:1640,1
DA:1644,1
DA:1645,1
DA:1646,1
DA:1647,1
DA:1648,1
DA:1649,1
DA:1650,1
DA:1651,1
DA:1652,1
DA:1653,1
DA:1654,1
DA:1655,1
DA:1656,1
DA:1657,1
DA:1658,1
DA:1659,1
DA:1663,1
DA:1664,1
DA:1665,1
DA:1666,1
DA:1667,1
DA:1668,1
DA:1669,1
DA:1670,1
DA:1671,1
DA:1672,1
DA:1673,1
DA:1674,1
DA:1675,1
DA:1676,1
DA:1677,1
DA:1678,1
DA:1679,1
DA:1680,1
DA:1681,1
DA:1682,1
DA:1683,1
DA:1684,1
DA:1685,1
DA:1686,1
DA:1687,1
DA:1688,1
DA:1689,1
DA:1690,1
DA:1691,1
DA:1692,1
DA:1693,1
DA:1694,1
DA:1695,1
DA:1696,1
DA:1697,1
DA:1698,1
DA:1699,1
DA:1700,1
DA:1701,1
DA:1702,1
DA:1703,1
DA:1704,1
DA:1705,1
DA:1706,1
DA:1707,1
DA:1708,1
DA:1709,1
DA:1710,1
DA:1711,1
DA:1712,1
DA:1713,1
DA:1714,1
DA:1715,1
DA:1716,1
DA:1717,1
DA:1718,1
DA:1719,1
DA:1720,1
DA:1721,1
DA:1722,1
DA:1723,1
DA:1724,1
DA:1725,1
DA:1726,1
DA:1727,1
DA:1728,1
DA:1729,1
DA:1730,1
DA:1731,1
DA:1732,1
DA:1733,1
DA:1734,1
DA:1735,1
DA:1736,1
DA:1737,1
DA:1738,1
DA:1739,1
DA:1740,1
DA:1741,1
DA:1742,1
DA:1743,1
DA:1744,1
DA:1745,1
DA:1746,1
DA:1747,1
DA:1748,1
DA:1749,1
DA:1750,1
DA:1751,1
DA:1752,1
DA:1753,1
DA:1754,1
DA:1755,1
DA:1756,1
DA:1757,1
DA:1758,1
DA:1759,1
DA:1760,1
DA:1761,1
DA:1762,1
DA:1763,1
DA:1764,1
DA:1765,1
DA:1766,1
DA:1767,1
DA:1768,1
DA:1769,1
DA:1770,1
DA:1771,1
DA:1772,1
DA:1773,1
DA:1774,1
DA:1775,1
DA:1776,1
DA:1777,1
DA:1778,1
DA:1779,1
DA:1780,1
DA:1781,1
DA:1782,1
DA:1783,1
DA:1784,1
DA:1785,1
DA:1786,1
DA:1787,1
DA:1788,1
DA:1789,1
DA:1790,1
DA:1791,1
DA:1792,1
DA:1794,1
DA:1795,1
DA:1796,1
DA:1797,1
DA:1798,1
DA:1801,1
DA:1802,1
DA:1803,1
DA:1804,1
DA:1807,1
DA:1810,1
DA:1811,1
DA:1812,1
DA:1813,11
DA:1814,1
DA:1815,1
DA:1818,1
DA:1819,1
DA:1820,1
DA:1821,11
DA:1822,1
DA:1823,1
DA:1826,1
DA:1827,1
DA:1828,1
DA:1829,11
DA:1830,1
DA:1831,1
DA:1834,1
DA:1835,1
DA:1836,1
DA:1837,11
DA:1838,1
DA:1839,1
DA:1842,1
DA:1843,1
DA:1844,1
DA:1845,11
DA:1846,1
DA:1847,1
DA:1850,1
DA:1851,1
DA:1852,0
DA:1854,1
DA:1857,1
DA:1858,1
DA:1859,1
DA:1860,1
DA:1861,1
DA:1862,1
DA:1863,1
DA:1864,1
DA:1865,1
DA:1866,1
DA:1867,1
DA:1868,1
DA:1869,1
DA:1870,1
DA:1871,1
DA:1872,1
DA:1873,1
DA:1874,1
DA:1875,1
DA:1876,1
DA:1877,1
DA:1878,1
DA:1879,1
DA:1880,1
DA:1881,1
DA:1882,1
DA:1883,1
DA:1884,1
DA:1885,1
DA:1886,1
DA:1887,1
DA:1888,1
DA:1889,1
DA:1890,1
DA:1891,1
DA:1892,1
DA:1893,1
DA:1894,1
DA:1895,1
DA:1896,1
DA:1897,1
DA:1898,1
DA:1899,1
DA:1900,1
DA:1901,1
DA:1902,1
DA:1903,1
DA:1904,1
DA:1905,1
DA:1906,1
DA:1907,1
DA:1908,1
DA:1909,1
DA:1910,1
DA:1911,1
DA:1912,1
DA:1913,1
DA:1914,1
DA:1915,1
DA:1916,1
DA:1917,1
DA:1918,1
DA:1919,1
DA:1920,1
DA:1921,1
DA:1922,1
DA:1923,1
DA:1924,1
DA:1925,1
DA:1926,1
DA:1927,1
DA:1928,1
DA:1929,1
DA:1930,1
DA:1931,1
DA:1932,1
DA:1933,1
DA:1934,1
DA:1935,1
DA:1936,1
DA:1937,1
DA:1938,1
DA:1939,1
DA:1940,1
DA:1941,1
DA:1942,1
DA:1943,1
DA:1944,1
DA:1945,1
DA:1946,1
DA:1947,1
DA:1948,1
DA:1949,1
DA:1950,1
DA:1951,1
DA:1952,1
DA:1953,1
DA:1954,1
DA:1955,1
DA:1956,1
DA:1957,1
DA:1958,1
DA:1959,1
DA:1960,1
DA:1961,1
DA:1962,1
DA:1963,1
DA:1964,1
DA:1965,1
DA:1966,1
DA:1967,1
DA:1968,1
DA:1969,1
DA:1970,1
DA:1973,1
DA:1974,1
DA:1975,1
DA:1976,1
DA:1979,1
DA:1980,1
DA:1981,1
DA:1982,1
DA:1983,0
DA:1984,0
DA:1990,1
DA:1991,1
DA:1992,1
DA:1995,1
DA:1996,1
DA:1997,1
DA:1998,1
DA:1999,1
DA:2000,1
DA:2003,1
DA:2004,1
DA:2005,0
DA:2007,1
DA:2010,1
DA:2011,1
DA:2012,1
DA:2013,1
DA:2014,1
DA:2015,1
DA:2016,1
DA:2017,1
DA:2018,1
DA:2019,1
DA:2020,1
DA:2021,1
DA:2024,1
DA:2025,1
DA:2026,1
DA:2027,1
DA:2028,1
DA:2031,1
DA:2032,1
DA:2033,1
DA:2034,1
DA:2035,1
DA:2036,1
DA:2037,1
DA:2038,1
DA:2039,1
DA:2040,1
DA:2042,7
DA:2043,6
DA:2044,6
DA:2047,6
DA:2048,6
DA:2049,6
DA:2051,1
DA:2054,1
DA:2055,1
DA:2056,1
DA:2057,1
DA:2058,1
DA:2059,1
DA:2060,1
DA:2061,1
DA:2062,0
DA:2063,0
DA:2064,0
DA:2065,0
DA:2066,0
DA:2067,0
DA:2073,1
DA:2076,1
DA:2077,1
DA:2080,1
DA:2081,1
DA:2082,1
DA:2083,1
DA:2084,1
DA:2085,1
DA:2086,1
DA:2087,1
DA:2088,1
DA:2089,1
DA:2090,1
DA:2091,1
DA:2092,1
DA:2093,1
DA:2094,1
DA:2095,1
DA:2096,1
DA:2097,1
DA:2098,1
DA:2099,1
DA:2100,1
DA:2101,1
DA:2102,1
DA:2103,1
DA:2104,1
DA:2105,1
DA:2106,1
DA:2107,1
DA:2110,1
DA:2111,1
DA:2112,1
DA:2113,1
DA:2114,1
DA:2115,1
DA:2116,1
DA:2117,1
DA:2118,1
DA:2119,1
DA:2120,1
DA:2121,1
DA:2122,1
DA:2123,1
DA:2124,1
DA:2125,1
BRF:0
BRH:0
LF:1802
LH:1755
end_of_record
SF:/home/vtriple/threatflux-binary-analysis/src/analysis/symbols.rs
FN:14,_RNvNtNtCs9LoDH0wUW1w_26threatflux_binary_analysis8analysis7symbols16demangle_symbols
FN:14,_RNvNtNtCs8kT03CeRPRU_26threatflux_binary_analysis8analysis7symbols16demangle_symbols
FN:33,_RNvNtNtNtCs8kT03CeRPRU_26threatflux_binary_analysis8analysis7symbols5testss_21test_demangle_symbols
FNDA:140,_RNvNtNtCs9LoDH0wUW1w_26threatflux_binary_analysis8analysis7symbols16demangle_symbols
FNDA:1,_RNvNtNtCs8kT03CeRPRU_26threatflux_binary_analysis8analysis7symbols16demangle_symbols
FNDA:1,_RNvNtNtNtCs8kT03CeRPRU_26threatflux_binary_analysis8analysis7symbols5testss_21test_demangle_symbols
FNF:2
FNH:2
DA:14,141
DA:15,141
DA:16,3
DA:17,3
DA:18,3
DA:19,3
DA:20,1
DA:21,2
DA:22,0
DA:24,141
DA:33,1
DA:34,1
DA:35,1
DA:36,1
DA:37,1
DA:38,1
DA:39,1
DA:40,1
DA:41,1
DA:42,1
DA:43,1
DA:44,1
DA:45,1
DA:46,1
DA:47,1
DA:48,1
DA:49,1
DA:50,1
DA:51,1
DA:52,1
DA:53,1
DA:54,1
DA:55,1
DA:56,1
DA:57,1
DA:58,1
DA:59,1
DA:60,1
DA:61,1
BRF:0
BRH:0
LF:39
LH:38
end_of_record
SF:/home/vtriple/threatflux-binary-analysis/src/analysis/visualization.rs
FN:33,_RNvNtNtNtCs8kT03CeRPRU_26threatflux_binary_analysis8analysis13visualization5testss_15test_cfg_to_dot
FN:9,_RNvNtNtCs8kT03CeRPRU_26threatflux_binary_analysis8analysis13visualization10cfg_to_dot
FNDA:1,_RNvNtNtNtCs8kT03CeRPRU_26threatflux_binary_analysis8analysis13visualization5testss_15test_cfg_to_dot
FNDA:1,_RNvNtNtCs8kT03CeRPRU_26threatflux_binary_analysis8analysis13visualization10cfg_to_dot
FNF:2
FNH:2
DA:9,1
DA:10,1
DA:11,3
DA:12,2
DA:13,2
DA:14,2
DA:15,2
DA:16,2
DA:17,3
DA:18,3
DA:19,1
DA:20,1
DA:22,1
DA:23,1
DA:24,1
DA:33,1
DA:34,1
DA:35,1
DA:36,1
DA:37,1
DA:38,1
DA:39,1
DA:40,1
DA:41,1
DA:42,1
DA:43,1
DA:44,1
DA:45,1
DA:46,1
DA:47,1
DA:48,1
DA:49,1
DA:50,1
DA:51,1
DA:52,1
DA:53,1
DA:54,1
DA:55,1
DA:56,1
DA:57,1
DA:58,1
DA:59,1
DA:60,1
DA:61,1
DA:62,1
DA:63,1
DA:64,1
DA:65,1
DA:66,1
DA:67,1
DA:68,1
DA:69,1
DA:70,1
DA:71,1
DA:72,1
DA:73,1
DA:74,1
DA:75,1
DA:76,1
BRF:0
BRH:0
LF:59
LH:59
end_of_record
SF:/home/vtriple/threatflux-binary-analysis/src/disasm/capstone_engine.rs
FN:22,_RNCNvNtNtCs9LoDH0wUW1w_26threatflux_binary_analysis6disasm15capstone_engine11disassemble0B7_
FN:83,_RNCNvNtNtCs9LoDH0wUW1w_26threatflux_binary_analysis6disasm15capstone_engine22create_capstone_engine0B7_
FN:12,_RNvNtNtCs9LoDH0wUW1w_26threatflux_binary_analysis6disasm15capstone_engine11disassemble
FN:64,_RNvNtNtCs9LoDH0wUW1w_26threatflux_binary_analysis6disasm15capstone_engine22create_capstone_engine
FN:92,_RNCNvNtNtCs9LoDH0wUW1w_26threatflux_binary_analysis6disasm15capstone_engine27analyze_instruction_details0B7_
FN:119,_RNCNvNtNtCs9LoDH0wUW1w_26threatflux_binary_analysis6disasm15capstone_engine27analyze_instruction_detailss_0B7_
FN:88,_RNvNtNtCs9LoDH0wUW1w_26threatflux_binary_analysis6disasm15capstone_engine27analyze_instruction_details
FN:12,_RNvNtNtCs8kT03CeRPRU_26threatflux_binary_analysis6disasm15capstone_engine11disassemble
FN:64,_RNvNtNtCs8kT03CeRPRU_26threatflux_binary_analysis6disasm15capstone_engine22create_capstone_engine
FN:92,_RNCNvNtNtCs8kT03CeRPRU_26threatflux_binary_analysis6disasm15capstone_engine27analyze_instruction_details0B7_
FN:119,_RNCNvNtNtCs8kT03CeRPRU_26threatflux_binary_analysis6disasm15capstone_engine27analyze_instruction_detailss_0B7_
FN:88,_RNvNtNtCs8kT03CeRPRU_26threatflux_binary_analysis6disasm15capstone_engine27analyze_instruction_details
FN:22,_RNCNvNtNtCs8kT03CeRPRU_26threatflux_binary_analysis6disasm15capstone_engine11disassemble0B7_
FN:83,_RNCNvNtNtCs8kT03CeRPRU_26threatflux_binary_analysis6disasm15capstone_engine22create_capstone_engine0B7_
FN:152,_RNvNtNtNtCs8kT03CeRPRU_26threatflux_binary_analysis6disasm15capstone_engine5testss_20test_x86_disassembly
FN:146,_RNvNtNtNtCs8kT03CeRPRU_26threatflux_binary_analysis6disasm15capstone_engine5testss_29test_capstone_engine_creation
FN:167,_RNvNtNtNtCs8kT03CeRPRU_26threatflux_binary_analysis6disasm15capstone_engine5testss_29test_unsupported_architecture
FN:191,_RNvNtNtNtCs8kT03CeRPRU_26threatflux_binary_analysis6disasm15capstone_engine5testss_31test_instruction_bytes_accuracy
FN:173,_RNvNtNtNtCs8kT03CeRPRU_26threatflux_binary_analysis6disasm15capstone_engine5testss_33test_complex_instruction_sequence
FNDA:0,_RNCNvNtNtCs9LoDH0wUW1w_26threatflux_binary_analysis6disasm15capstone_engine11disassemble0B7_
FNDA:0,_RNCNvNtNtCs9LoDH0wUW1w_26threatflux_binary_analysis6disasm15capstone_engine22create_capstone_engine0B7_
FNDA:0,_RNvNtNtCs9LoDH0wUW1w_26threatflux_binary_analysis6disasm15capstone_engine11disassemble
FNDA:0,_RNvNtNtCs9LoDH0wUW1w_26threatflux_binary_analysis6disasm15capstone_engine22create_capstone_engine
FNDA:0,_RNCNvNtNtCs9LoDH0wUW1w_26threatflux_binary_analysis6disasm15capstone_engine27analyze_instruction_details0B7_
FNDA:0,_RNCNvNtNtCs9LoDH0wUW1w_26threatflux_binary_analysis6disasm15capstone_engine27analyze_instruction_detailss_0B7_
FNDA:0,_RNvNtNtCs9LoDH0wUW1w_26threatflux_binary_analysis6disasm15capstone_engine27analyze_instruction_details
FNDA:6,_RNvNtNtCs8kT03CeRPRU_26threatflux_binary_analysis6disasm15capstone_engine11disassemble
FNDA:8,_RNvNtNtCs8kT03CeRPRU_26threatflux_binary_analysis6disasm15capstone_engine22create_capstone_engine
FNDA:0,_RNCNvNtNtCs8kT03CeRPRU_26threatflux_binary_analysis6disasm15capstone_engine27analyze_instruction_details0B7_
FNDA:0,_RNCNvNtNtCs8kT03CeRPRU_26threatflux_binary_analysis6disasm15capstone_engine27analyze_instruction_detailss_0B7_
FNDA:0,_RNvNtNtCs8kT03CeRPRU_26threatflux_binary_analysis6disasm15capstone_engine27analyze_instruction_details
FNDA:0,_RNCNvNtNtCs8kT03CeRPRU_26threatflux_binary_analysis6disasm15capstone_engine11disassemble0B7_
FNDA:0,_RNCNvNtNtCs8kT03CeRPRU_26threatflux_binary_analysis6disasm15capstone_engine22create_capstone_engine0B7_
FNDA:1,_RNvNtNtNtCs8kT03CeRPRU_26threatflux_binary_analysis6disasm15capstone_engine5testss_20test_x86_disassembly
FNDA:1,_RNvNtNtNtCs8kT03CeRPRU_26threatflux_binary_analysis6disasm15capstone_engine5testss_29test_capstone_engine_creation
FNDA:1,_RNvNtNtNtCs8kT03CeRPRU_26threatflux_binary_analysis6disasm15capstone_engine5testss_29test_unsupported_architecture
FNDA:1,_RNvNtNtNtCs8kT03CeRPRU_26threatflux_binary_analysis6disasm15capstone_engine5testss_31test_instruction_bytes_accuracy
FNDA:1,_RNvNtNtNtCs8kT03CeRPRU_26threatflux_binary_analysis6disasm15capstone_engine5testss_33test_complex_instruction_sequence
FNF:12
FNH:7
DA:12,6
DA:13,6
DA:14,6
DA:15,6
DA:16,6
DA:17,6
DA:18,6
DA:20,6
DA:21,6
DA:22,6
DA:24,6
DA:25,6
DA:27,8
DA:28,8
DA:29,0
DA:30,8
DA:31,8
DA:32,8
DA:33,8
DA:34,8
DA:35,8
DA:36,8
DA:37,0
DA:38,8
DA:39,8
DA:40,8
DA:41,8
DA:42,8
DA:44,0
DA:47,8
DA:48,8
DA:49,8
DA:50,8
DA:51,8
DA:52,8
DA:53,8
DA:54,8
DA:55,8
DA:56,8
DA:57,8
DA:60,6
DA:61,6
DA:64,8
DA:65,8
DA:66,0
DA:67,7
DA:68,0
DA:69,0
DA:70,0
DA:71,0
DA:72,0
DA:73,0
DA:75,1
DA:76,1
DA:77,1
DA:78,1
DA:82,7
DA:83,7
DA:84,8
DA:88,0
DA:89,0
DA:90,0
DA:91,0
DA:92,0
DA:93,0
DA:94,0
DA:96,0
DA:97,0
DA:98,0
DA:99,0
DA:100,0
DA:101,0
DA:102,0
DA:103,0
DA:106,0
DA:107,0
DA:108,0
DA:110,0
DA:111,0
DA:112,0
DA:114,0
DA:115,0
DA:116,0
DA:117,0
DA:118,0
DA:119,0
DA:120,0
DA:121,0
DA:146,1
DA:147,1
DA:148,1
DA:149,1
DA:152,1
DA:153,1
DA:154,1
DA:155,1
DA:156,1
DA:157,1
DA:159,1
DA:160,1
DA:161,1
DA:162,1
DA:163,0
DA:164,1
DA:167,1
DA:168,1
DA:169,1
DA:170,1
DA:173,1
DA:174,1
DA:175,1
DA:176,1
DA:177,1
DA:178,1
DA:179,1
DA:180,1
DA:181,1
DA:182,1
DA:183,1
DA:184,1
DA:185,1
DA:186,1
DA:187,1
DA:188,1
DA:191,1
DA:192,1
DA:193,1
DA:194,1
DA:195,1
DA:196,1
DA:197,1
DA:198,1
DA:199,1
DA:200,1
DA:202,5
DA:203,4
DA:204,4
DA:205,4
DA:206,4
DA:208,1
BRF:0
BRH:0
LF:145
LH:100
end_of_record
SF:/home/vtriple/threatflux-binary-analysis/src/disasm/iced_engine.rs
FN:11,_RNvNtNtCs9LoDH0wUW1w_26threatflux_binary_analysis6disasm11iced_engine11disassemble
FN:79,_RNvNtNtCs9LoDH0wUW1w_26threatflux_binary_analysis6disasm11iced_engine14create_decoder
FN:98,_RNvNtNtCs9LoDH0wUW1w_26threatflux_binary_analysis6disasm11iced_engine16create_formatter
FN:150,_RNvNtNtCs9LoDH0wUW1w_26threatflux_binary_analysis6disasm11iced_engine17get_branch_target
FN:117,_RNvNtNtCs9LoDH0wUW1w_26threatflux_binary_analysis6disasm11iced_engine25analyze_iced_control_flow
FN:103,_RNvNtNtCs9LoDH0wUW1w_26threatflux_binary_analysis6disasm11iced_engine27parse_formatted_instruction
FN:282,_RNvNtNtCs9LoDH0wUW1w_26threatflux_binary_analysis6disasm11iced_engine18get_cpuid_features
FN:228,_RNvNtNtCs9LoDH0wUW1w_26threatflux_binary_analysis6disasm11iced_engine19format_operand_info
FN:164,_RNvNtNtCs9LoDH0wUW1w_26threatflux_binary_analysis6disasm11iced_engine27analyze_instruction_details
FN:11,_RNvNtNtCs8kT03CeRPRU_26threatflux_binary_analysis6disasm11iced_engine11disassemble
FN:79,_RNvNtNtCs8kT03CeRPRU_26threatflux_binary_analysis6disasm11iced_engine14create_decoder
FN:98,_RNvNtNtCs8kT03CeRPRU_26threatflux_binary_analysis6disasm11iced_engine16create_formatter
FN:150,_RNvNtNtCs8kT03CeRPRU_26threatflux_binary_analysis6disasm11iced_engine17get_branch_target
FN:282,_RNvNtNtCs8kT03CeRPRU_26threatflux_binary_analysis6disasm11iced_engine18get_cpuid_features
FN:228,_RNvNtNtCs8kT03CeRPRU_26threatflux_binary_analysis6disasm11iced_engine19format_operand_info
FN:117,_RNvNtNtCs8kT03CeRPRU_26threatflux_binary_analysis6disasm11iced_engine25analyze_iced_control_flow
FN:164,_RNvNtNtCs8kT03CeRPRU_26threatflux_binary_analysis6disasm11iced_engine27analyze_instruction_details
FN:103,_RNvNtNtCs8kT03CeRPRU_26threatflux_binary_analysis6disasm11iced_engine27parse_formatted_instruction
FN:552,_RNvNtNtNtCs8kT03CeRPRU_26threatflux_binary_analysis6disasm11iced_engine5testss_15test_empty_data
FN:601,_RNvNtNtNtCs8kT03CeRPRU_26threatflux_binary_analysis6disasm11iced_engine5testss_19test_x86_32bit_mode
FN:313,_RNvNtNtNtCs8kT03CeRPRU_26threatflux_binary_analysis6disasm11iced_engine5testss_20test_iced_engine_x86
FN:631,_RNvNtNtNtCs8kT03CeRPRU_26threatflux_binary_analysis6disasm11iced_engine5testss_21test_create_formatter
FN:676,_RNvNtNtNtCs8kT03CeRPRU_26threatflux_binary_analysis6disasm11iced_engine5testss_22test_get_branch_target
FN:739,_RNvNtNtNtCs8kT03CeRPRU_26threatflux_binary_analysis6disasm11iced_engine5testss_23test_get_cpuid_features
FN:298,_RNvNtNtNtCs8kT03CeRPRU_26threatflux_binary_analysis6disasm11iced_engine5testss_23test_iced_engine_x86_64
FN:716,_RNvNtNtNtCs8kT03CeRPRU_26threatflux_binary_analysis6disasm11iced_engine5testss_24test_format_operand_info
FN:335,_RNvNtNtNtCs8kT03CeRPRU_26threatflux_binary_analysis6disasm11iced_engine5testss_24test_instruction_parsing
FN:788,_RNvNtNtNtCs8kT03CeRPRU_26threatflux_binary_analysis6disasm11iced_engine5testss_24test_vector_instructions
FN:612,_RNvNtNtNtCs8kT03CeRPRU_26threatflux_binary_analysis6disasm11iced_engine5testss_27test_create_decoder_bitness
FN:586,_RNvNtNtNtCs8kT03CeRPRU_26threatflux_binary_analysis6disasm11iced_engine5testss_27test_instruction_addressing
FN:535,_RNvNtNtNtCs8kT03CeRPRU_26threatflux_binary_analysis6disasm11iced_engine5testss_27test_max_instructions_limit
FN:573,_RNvNtNtNtCs8kT03CeRPRU_26threatflux_binary_analysis6disasm11iced_engine5testss_27test_multi_byte_instruction
FN:560,_RNvNtNtNtCs8kT03CeRPRU_26threatflux_binary_analysis6disasm11iced_engine5testss_28test_single_byte_instruction
FN:326,_RNvNtNtNtCs8kT03CeRPRU_26threatflux_binary_analysis6disasm11iced_engine5testss_29test_unsupported_architecture
FN:495,_RNvNtNtNtCs8kT03CeRPRU_26threatflux_binary_analysis6disasm11iced_engine5testss_30test_float_instructions_x86_64
FN:375,_RNvNtNtNtCs8kT03CeRPRU_26threatflux_binary_analysis6disasm11iced_engine5testss_30test_logic_instructions_x86_64
FN:519,_RNvNtNtNtCs8kT03CeRPRU_26threatflux_binary_analysis6disasm11iced_engine5testss_30test_skip_invalid_instructions
FN:805,_RNvNtNtNtCs8kT03CeRPRU_26threatflux_binary_analysis6disasm11iced_engine5testss_31test_instruction_bytes_accuracy
FN:753,_RNvNtNtNtCs8kT03CeRPRU_26threatflux_binary_analysis6disasm11iced_engine5testss_31test_instruction_details_struct
FN:398,_RNvNtNtNtCs8kT03CeRPRU_26threatflux_binary_analysis6disasm11iced_engine5testss_31test_memory_instructions_x86_64
FN:469,_RNvNtNtNtCs8kT03CeRPRU_26threatflux_binary_analysis6disasm11iced_engine5testss_31test_system_instructions_x86_64
FN:700,_RNvNtNtNtCs8kT03CeRPRU_26threatflux_binary_analysis6disasm11iced_engine5testss_32test_analyze_instruction_details
FN:421,_RNvNtNtNtCs8kT03CeRPRU_26threatflux_binary_analysis6disasm11iced_engine5testss_32test_control_instructions_x86_64
FN:770,_RNvNtNtNtCs8kT03CeRPRU_26threatflux_binary_analysis6disasm11iced_engine5testss_33test_complex_instruction_sequence
FN:346,_RNvNtNtNtCs8kT03CeRPRU_26threatflux_binary_analysis6disasm11iced_engine5testss_35test_arithmetic_instructions_x86_64
FN:506,_RNvNtNtNtCs8kT03CeRPRU_26threatflux_binary_analysis6disasm11iced_engine5testss_35test_control_flow_analysis_disabled
FN:661,_RNvNtNtNtCs8kT03CeRPRU_26threatflux_binary_analysis6disasm11iced_engine5testss_39test_analyze_iced_control_flow_variants
FN:638,_RNvNtNtNtCs8kT03CeRPRU_26threatflux_binary_analysis6disasm11iced_engine5testss_43test_parse_formatted_instruction_edge_cases
FNDA:2,_RNvNtNtCs9LoDH0wUW1w_26threatflux_binary_analysis6disasm11iced_engine11disassemble
FNDA:2,_RNvNtNtCs9LoDH0wUW1w_26threatflux_binary_analysis6disasm11iced_engine14create_decoder
FNDA:2,_RNvNtNtCs9LoDH0wUW1w_26threatflux_binary_analysis6disasm11iced_engine16create_formatter
FNDA:0,_RNvNtNtCs9LoDH0wUW1w_26threatflux_binary_analysis6disasm11iced_engine17get_branch_target
FNDA:250,_RNvNtNtCs9LoDH0wUW1w_26threatflux_binary_analysis6disasm11iced_engine25analyze_iced_control_flow
FNDA:250,_RNvNtNtCs9LoDH0wUW1w_26threatflux_binary_analysis6disasm11iced_engine27parse_formatted_instruction
FNDA:0,_RNvNtNtCs9LoDH0wUW1w_26threatflux_binary_analysis6disasm11iced_engine18get_cpuid_features
FNDA:0,_RNvNtNtCs9LoDH0wUW1w_26threatflux_binary_analysis6disasm11iced_engine19format_operand_info
FNDA:0,_RNvNtNtCs9LoDH0wUW1w_26threatflux_binary_analysis6disasm11iced_engine27analyze_instruction_details
FNDA:34,_RNvNtNtCs8kT03CeRPRU_26threatflux_binary_analysis6disasm11iced_engine11disassemble
FNDA:37,_RNvNtNtCs8kT03CeRPRU_26threatflux_binary_analysis6disasm11iced_engine14create_decoder
FNDA:34,_RNvNtNtCs8kT03CeRPRU_26threatflux_binary_analysis6disasm11iced_engine16create_formatter
FNDA:6,_RNvNtNtCs8kT03CeRPRU_26threatflux_binary_analysis6disasm11iced_engine17get_branch_target
FNDA:2,_RNvNtNtCs8kT03CeRPRU_26threatflux_binary_analysis6disasm11iced_engine18get_cpuid_features
FNDA:4,_RNvNtNtCs8kT03CeRPRU_26threatflux_binary_analysis6disasm11iced_engine19format_operand_info
FNDA:37,_RNvNtNtCs8kT03CeRPRU_26threatflux_binary_analysis6disasm11iced_engine25analyze_iced_control_flow
FNDA:1,_RNvNtNtCs8kT03CeRPRU_26threatflux_binary_analysis6disasm11iced_engine27analyze_instruction_details
FNDA:43,_RNvNtNtCs8kT03CeRPRU_26threatflux_binary_analysis6disasm11iced_engine27parse_formatted_instruction
FNDA:1,_RNvNtNtNtCs8kT03CeRPRU_26threatflux_binary_analysis6disasm11iced_engine5testss_15test_empty_data
FNDA:1,_RNvNtNtNtCs8kT03CeRPRU_26threatflux_binary_analysis6disasm11iced_engine5testss_19test_x86_32bit_mode
FNDA:1,_RNvNtNtNtCs8kT03CeRPRU_26threatflux_binary_analysis6disasm11iced_engine5testss_20test_iced_engine_x86
FNDA:1,_RNvNtNtNtCs8kT03CeRPRU_26threatflux_binary_analysis6disasm11iced_engine5testss_21test_create_formatter
FNDA:1,_RNvNtNtNtCs8kT03CeRPRU_26threatflux_binary_analysis6disasm11iced_engine5testss_22test_get_branch_target
FNDA:1,_RNvNtNtNtCs8kT03CeRPRU_26threatflux_binary_analysis6disasm11iced_engine5testss_23test_get_cpuid_features
FNDA:1,_RNvNtNtNtCs8kT03CeRPRU_26threatflux_binary_analysis6disasm11iced_engine5testss_23test_iced_engine_x86_64
FNDA:1,_RNvNtNtNtCs8kT03CeRPRU_26threatflux_binary_analysis6disasm11iced_engine5testss_24test_format_operand_info
FNDA:1,_RNvNtNtNtCs8kT03CeRPRU_26threatflux_binary_analysis6disasm11iced_engine5testss_24test_instruction_parsing
FNDA:1,_RNvNtNtNtCs8kT03CeRPRU_26threatflux_binary_analysis6disasm11iced_engine5testss_24test_vector_instructions
FNDA:1,_RNvNtNtNtCs8kT03CeRPRU_26threatflux_binary_analysis6disasm11iced_engine5testss_27test_create_decoder_bitness
FNDA:1,_RNvNtNtNtCs8kT03CeRPRU_26threatflux_binary_analysis6disasm11iced_engine5testss_27test_instruction_addressing
FNDA:1,_RNvNtNtNtCs8kT03CeRPRU_26threatflux_binary_analysis6disasm11iced_engine5testss_27test_max_instructions_limit
FNDA:1,_RNvNtNtNtCs8kT03CeRPRU_26threatflux_binary_analysis6disasm11iced_engine5testss_27test_multi_byte_instruction
FNDA:1,_RNvNtNtNtCs8kT03CeRPRU_26threatflux_binary_analysis6disasm11iced_engine5testss_28test_single_byte_instruction
FNDA:1,_RNvNtNtNtCs8kT03CeRPRU_26threatflux_binary_analysis6disasm11iced_engine5testss_29test_unsupported_architecture
FNDA:1,_RNvNtNtNtCs8kT03CeRPRU_26threatflux_binary_analysis6disasm11iced_engine5testss_30test_float_instructions_x86_64
FNDA:1,_RNvNtNtNtCs8kT03CeRPRU_26threatflux_binary_analysis6disasm11iced_engine5testss_30test_logic_instructions_x86_64
FNDA:1,_RNvNtNtNtCs8kT03CeRPRU_26threatflux_binary_analysis6disasm11iced_engine5testss_30test_skip_invalid_instructions
FNDA:1,_RNvNtNtNtCs8kT03CeRPRU_26threatflux_binary_analysis6disasm11iced_engine5testss_31test_instruction_bytes_accuracy
FNDA:1,_RNvNtNtNtCs8kT03CeRPRU_26threatflux_binary_analysis6disasm11iced_engine5testss_31test_instruction_details_struct
FNDA:1,_RNvNtNtNtCs8kT03CeRPRU_26threatflux_binary_analysis6disasm11iced_engine5testss_31test_memory_instructions_x86_64
FNDA:1,_RNvNtNtNtCs8kT03CeRPRU_26threatflux_binary_analysis6disasm11iced_engine5testss_31test_system_instructions_x86_64
FNDA:1,_RNvNtNtNtCs8kT03CeRPRU_26threatflux_binary_analysis6disasm11iced_engine5testss_32test_analyze_instruction_details
FNDA:1,_RNvNtNtNtCs8kT03CeRPRU_26threatflux_binary_analysis6disasm11iced_engine5testss_32test_control_instructions_x86_64
FNDA:1,_RNvNtNtNtCs8kT03CeRPRU_26threatflux_binary_analysis6disasm11iced_engine5testss_33test_complex_instruction_sequence
FNDA:1,_RNvNtNtNtCs8kT03CeRPRU_26threatflux_binary_analysis6disasm11iced_engine5testss_35test_arithmetic_instructions_x86_64
FNDA:1,_RNvNtNtNtCs8kT03CeRPRU_26threatflux_binary_analysis6disasm11iced_engine5testss_35test_control_flow_analysis_disabled
FNDA:1,_RNvNtNtNtCs8kT03CeRPRU_26threatflux_binary_analysis6disasm11iced_engine5testss_39test_analyze_iced_control_flow_variants
FNDA:1,_RNvNtNtNtCs8kT03CeRPRU_26threatflux_binary_analysis6disasm11iced_engine5testss_43test_parse_formatted_instruction_edge_cases
FNF:39
FNH:39
DA:11,36
DA:12,36
DA:13,36
DA:14,36
DA:15,36
DA:16,36
DA:18,36
DA:19,2
DA:20,33
DA:22,1
DA:23,1
DA:24,1
DA:25,1
DA:29,35
DA:30,35
DA:31,35
DA:32,35
DA:33,35
DA:34,35
DA:35,35
DA:37,324
DA:38,289
DA:39,289
DA:40,289
DA:41,2
DA:42,287
DA:43,287
DA:44,287
DA:45,287
DA:46,287
DA:47,287
DA:48,287
DA:49,287
DA:50,287
DA:51,287
DA:52,286
DA:54,1
DA:57,287
DA:58,287
DA:59,287
DA:60,287
DA:61,287
DA:62,287
DA:63,287
DA:64,287
DA:65,287
DA:66,287
DA:67,287
DA:68,287
DA:69,287
DA:70,287
DA:71,287
DA:72,287
DA:75,35
DA:76,36
DA:79,39
DA:80,39
DA:82,39
DA:83,1
DA:84,3
DA:85,34
DA:87,1
DA:88,1
DA:89,1
DA:90,1
DA:94,38
DA:95,39
DA:98,36
DA:99,36
DA:100,36
DA:103,293
DA:104,293
DA:105,293
DA:106,293
DA:107,293
DA:108,273
DA:110,20
DA:113,293
DA:114,293
DA:117,287
DA:118,287
DA:119,278
DA:121,1
DA:122,1
DA:124,0
DA:128,1
DA:129,1
DA:131,0
DA:135,2
DA:136,1
DA:138,1
DA:141,4
DA:142,1
DA:143,0
DA:144,0
DA:145,0
DA:147,287
DA:150,6
DA:151,6
DA:152,4
DA:154,4
DA:156,0
DA:159,2
DA:160,6
DA:164,1
DA:165,1
DA:166,1
DA:167,1
DA:168,1
DA:171,2
DA:172,2
DA:173,2
DA:176,2
DA:177,0
DA:178,2
DA:183,2
DA:184,2
DA:185,2
DA:186,2
DA:187,2
DA:188,2
DA:189,2
DA:190,2
DA:191,2
DA:192,2
DA:195,1
DA:196,1
DA:197,1
DA:198,1
DA:199,1
DA:200,1
DA:201,1
DA:202,1
DA:203,1
DA:204,1
DA:228,4
DA:229,4
DA:231,3
DA:234,0
DA:237,0
DA:238,0
DA:239,0
DA:240,0
DA:241,0
[...]
FNDA:1,_RNvMs0_NtNtCs8kT03CeRPRU_26threatflux_binary_analysis5utils8patternsNtB5_14PatternMatcher21load_builtin_patterns
FNDA:27,_RNvMs0_NtNtCs8kT03CeRPRU_26threatflux_binary_analysis5utils8patternsNtB5_14PatternMatcher3new
FNDA:24,_RNvMs0_NtNtCs8kT03CeRPRU_26threatflux_binary_analysis5utils8patternsNtB5_14PatternMatcher6search
FNDA:1,_RNvNtNtCs8kT03CeRPRU_26threatflux_binary_analysis5utils8patterns16get_api_patterns
FNDA:1,_RNvNtNtCs8kT03CeRPRU_26threatflux_binary_analysis5utils8patterns19get_crypto_patterns
FNDA:2,_RNvNtNtCs8kT03CeRPRU_26threatflux_binary_analysis5utils8patterns19get_packer_patterns
FNDA:9,_RNvNtNtCs8kT03CeRPRU_26threatflux_binary_analysis5utils8patterns20compile_hex_wildcard
FNDA:5,_RNvNtNtCs8kT03CeRPRU_26threatflux_binary_analysis5utils8patterns20get_builtin_patterns
FNDA:1,_RNvNtNtCs8kT03CeRPRU_26threatflux_binary_analysis5utils8patterns20get_malware_patterns
FNDA:20,_RNvNtNtCs8kT03CeRPRU_26threatflux_binary_analysis5utils8patterns20hex_wildcard_matches
FNDA:2,_RNvNtNtCs8kT03CeRPRU_26threatflux_binary_analysis5utils8patterns21get_compiler_patterns
FNDA:3,_RNvNtNtCs8kT03CeRPRU_26threatflux_binary_analysis5utils8patterns24get_file_format_patterns
FNDA:30,_RNvXNtNtCs8kT03CeRPRU_26threatflux_binary_analysis5utils8patternsNtB2_11MatchConfigNtNtCs9sjCchOt1K7_4core7default7Default7default
FNDA:1,_RNvXs_NtNtCs8kT03CeRPRU_26threatflux_binary_analysis5utils8patternsNtB4_14PatternMatcherNtNtCs9sjCchOt1K7_4core7default7Default7default
FNDA:28,_RNvNtNtNtCs8kT03CeRPRU_26threatflux_binary_analysis5utils8patterns5tests19create_test_pattern
FNDA:1,_RNvNtNtNtCs8kT03CeRPRU_26threatflux_binary_analysis5utils8patterns5testss_17test_api_patterns
FNDA:1,_RNvNtNtNtCs8kT03CeRPRU_26threatflux_binary_analysis5utils8patterns5testss_20test_crypto_patterns
FNDA:1,_RNvNtNtNtCs8kT03CeRPRU_26threatflux_binary_analysis5utils8patterns5testss_20test_packer_patterns
FNDA:1,_RNvNtNtNtCs8kT03CeRPRU_26threatflux_binary_analysis5utils8patterns5testss_21test_builtin_patterns
FNDA:1,_RNvNtNtNtCs8kT03CeRPRU_26threatflux_binary_analysis5utils8patterns5testss_21test_malware_patterns
FNDA:1,_RNvNtNtNtCs8kT03CeRPRU_26threatflux_binary_analysis5utils8patterns5testss_22test_compiler_patterns
FNDA:1,_RNvNtNtNtCs8kT03CeRPRU_26threatflux_binary_analysis5utils8patterns5testss_22test_search_empty_data
FNDA:1,_RNvNtNtNtCs8kT03CeRPRU_26threatflux_binary_analysis5utils8patterns5testss_22test_search_large_data
FNDA:1,_RNvNtNtNtCs8kT03CeRPRU_26threatflux_binary_analysis5utils8patterns5testss_23test_add_single_pattern
FNDA:1,_RNvNtNtNtCs8kT03CeRPRU_26threatflux_binary_analysis5utils8patterns5testss_24test_byte_pattern_search
FNDA:1,_RNvNtNtNtCs8kT03CeRPRU_26threatflux_binary_analysis5utils8patterns5testss_25test_file_format_patterns
FNDA:1,_RNvNtNtNtCs8kT03CeRPRU_26threatflux_binary_analysis5utils8patterns5testss_25test_match_config_default
FNDA:1,_RNvNtNtNtCs8kT03CeRPRU_26threatflux_binary_analysis5utils8patterns5testss_25test_search_results_empty
FNDA:1,_RNvNtNtNtCs8kT03CeRPRU_26threatflux_binary_analysis5utils8patterns5testss_26test_add_multiple_patterns
FNDA:1,_RNvNtNtNtCs8kT03CeRPRU_26threatflux_binary_analysis5utils8patterns5testss_26test_hex_wildcard_matching
FNDA:1,_RNvNtNtNtCs8kT03CeRPRU_26threatflux_binary_analysis5utils8patterns5testss_26test_load_builtin_patterns
FNDA:1,_RNvNtNtNtCs8kT03CeRPRU_26threatflux_binary_analysis5utils8patterns5testss_27test_pattern_types_equality
FNDA:1,_RNvNtNtNtCs8kT03CeRPRU_26threatflux_binary_analysis5utils8patterns5testss_28test_pattern_match_structure
FNDA:1,_RNvNtNtNtCs8kT03CeRPRU_26threatflux_binary_analysis5utils8patterns5testss_28test_pattern_matcher_default
FNDA:1,_RNvNtNtNtCs8kT03CeRPRU_26threatflux_binary_analysis5utils8patterns5testss_29test_hex_wildcard_compilation
FNDA:1,_RNvNtNtNtCs8kT03CeRPRU_26threatflux_binary_analysis5utils8patterns5testss_29test_pattern_matcher_creation
FNDA:1,_RNvNtNtNtCs8kT03CeRPRU_26threatflux_binary_analysis5utils8patterns5testss_29test_search_results_structure
FNDA:1,_RNvNtNtNtCs8kT03CeRPRU_26threatflux_binary_analysis5utils8patterns5testss_31test_magic_pattern_search_match
FNDA:1,_RNvNtNtNtCs8kT03CeRPRU_26threatflux_binary_analysis5utils8patterns5testss_32test_hex_wildcard_matching_empty
FNDA:1,_RNvNtNtNtCs8kT03CeRPRU_26threatflux_binary_analysis5utils8patterns5testss_32test_hex_wildcard_pattern_search
FNDA:1,_RNvNtNtNtCs8kT03CeRPRU_26threatflux_binary_analysis5utils8patterns5testss_32test_pattern_categories_equality
FNDA:1,_RNvNtNtNtCs8kT03CeRPRU_26threatflux_binary_analysis5utils8patterns5testss_32test_pattern_matcher_with_config
FNDA:1,_RNvNtNtNtCs8kT03CeRPRU_26threatflux_binary_analysis5utils8patterns5testss_33test_byte_pattern_search_no_match
FNDA:1,_RNvNtNtNtCs8kT03CeRPRU_26threatflux_binary_analysis5utils8patterns5testss_34test_byte_pattern_search_too_short
FNDA:1,_RNvNtNtNtCs8kT03CeRPRU_26threatflux_binary_analysis5utils8patterns5testss_34test_multiple_pattern_types_search
FNDA:1,_RNvNtNtNtCs8kT03CeRPRU_26threatflux_binary_analysis5utils8patterns5testss_35test_magic_pattern_search_too_short
FNDA:1,_RNvNtNtNtCs8kT03CeRPRU_26threatflux_binary_analysis5utils8patterns5testss_36test_string_pattern_search_too_short
FNDA:1,_RNvNtNtNtCs8kT03CeRPRU_26threatflux_binary_analysis5utils8patterns5testss_37test_search_results_category_grouping
FNDA:1,_RNvNtNtNtCs8kT03CeRPRU_26threatflux_binary_analysis5utils8patterns5testss_39test_hex_wildcard_compilation_no_spaces
FNDA:1,_RNvNtNtNtCs8kT03CeRPRU_26threatflux_binary_analysis5utils8patterns5testss_39test_regex_pattern_search_returns_empty
FNDA:1,_RNvNtNtNtCs8kT03CeRPRU_26threatflux_binary_analysis5utils8patterns5testss_39test_string_pattern_search_invalid_utf8
FNDA:1,_RNvNtNtNtCs8kT03CeRPRU_26threatflux_binary_analysis5utils8patterns5testss_41test_byte_pattern_search_multiple_matches
FNDA:1,_RNvNtNtNtCs8kT03CeRPRU_26threatflux_binary_analysis5utils8patterns5testss_41test_string_pattern_search_case_sensitive
FNDA:1,_RNvNtNtNtCs8kT03CeRPRU_26threatflux_binary_analysis5utils8patterns5testss_42test_byte_pattern_search_max_matches_limit
FNDA:1,_RNvNtNtNtCs8kT03CeRPRU_26threatflux_binary_analysis5utils8patterns5testss_42test_get_builtin_patterns_unknown_category
FNDA:1,_RNvNtNtNtCs8kT03CeRPRU_26threatflux_binary_analysis5utils8patterns5testss_42test_hex_wildcard_matching_length_mismatch
FNDA:1,_RNvNtNtNtCs8kT03CeRPRU_26threatflux_binary_analysis5utils8patterns5testss_43test_hex_wildcard_compilation_all_wildcards
FNDA:1,_RNvNtNtNtCs8kT03CeRPRU_26threatflux_binary_analysis5utils8patterns5testss_43test_hex_wildcard_compilation_with_newlines
FNDA:1,_RNvNtNtNtCs8kT03CeRPRU_26threatflux_binary_analysis5utils8patterns5testss_43test_string_pattern_search_case_insensitive
FNDA:1,_RNvNtNtNtCs8kT03CeRPRU_26threatflux_binary_analysis5utils8patterns5testss_44test_byte_pattern_search_overlapping_matches
FNDA:1,_RNvNtNtNtCs8kT03CeRPRU_26threatflux_binary_analysis5utils8patterns5testss_44test_structural_pattern_search_returns_empty
FNDA:1,_RNvNtNtNtCs8kT03CeRPRU_26threatflux_binary_analysis5utils8patterns5testss_46test_hex_wildcard_compilation_error_odd_length
FNDA:1,_RNvNtNtNtCs8kT03CeRPRU_26threatflux_binary_analysis5utils8patterns5testss_47test_hex_wildcard_compilation_error_invalid_hex
FNDA:1,_RNvNtNtNtCs8kT03CeRPRU_26threatflux_binary_analysis5utils8patterns5testss_48test_hex_wildcard_pattern_search_invalid_pattern
FNDA:1,_RNvNtNtNtCs8kT03CeRPRU_26threatflux_binary_analysis5utils8patterns5testss_49test_magic_pattern_search_no_match_wrong_position
FNDA:200102,_RNCNvMs0_NtNtCs8kT03CeRPRU_26threatflux_binary_analysis5utils8patternsNtB7_14PatternMatcher12search_bytes0Bb_
FNDA:1,_RNCNvNtNtCs8kT03CeRPRU_26threatflux_binary_analysis5utils8patterns20compile_hex_wildcard0B7_
FNDA:1,_RNCNvNtNtNtCs8kT03CeRPRU_26threatflux_binary_analysis5utils8patterns5testss_17test_api_patterns0B9_
FNDA:1,_RNCNvNtNtNtCs8kT03CeRPRU_26threatflux_binary_analysis5utils8patterns5testss_20test_crypto_patterns0B9_
FNDA:1,_RNCNvNtNtNtCs8kT03CeRPRU_26threatflux_binary_analysis5utils8patterns5testss_20test_packer_patterns0B9_
FNDA:1,_RNCNvNtNtNtCs8kT03CeRPRU_26threatflux_binary_analysis5utils8patterns5testss_21test_builtin_patterns0B9_
FNDA:1,_RNCNvNtNtNtCs8kT03CeRPRU_26threatflux_binary_analysis5utils8patterns5testss_21test_malware_patterns0B9_
FNDA:2,_RNCNvNtNtNtCs8kT03CeRPRU_26threatflux_binary_analysis5utils8patterns5testss_22test_compiler_patterns0B9_
FNDA:4,_RNCNvNtNtNtCs8kT03CeRPRU_26threatflux_binary_analysis5utils8patterns5testss_25test_file_format_patterns0B9_
FNDA:7,_RNCNvNtNtNtCs8kT03CeRPRU_26threatflux_binary_analysis5utils8patterns5testss_26test_load_builtin_patterns0B9_
FNDA:7,_RNCNvNtNtNtCs8kT03CeRPRU_26threatflux_binary_analysis5utils8patterns5testss_26test_load_builtin_patternss0_0B9_
FNDA:7,_RNCNvNtNtNtCs8kT03CeRPRU_26threatflux_binary_analysis5utils8patterns5testss_26test_load_builtin_patternss_0B9_
FNF:87
FNH:87
DA:29,30
DA:30,30
DA:31,30
DA:32,30
DA:33,30
DA:34,30
DA:35,30
DA:36,30
DA:138,1
DA:139,1
DA:140,1
DA:145,27
DA:146,27
DA:147,27
DA:148,27
DA:149,27
DA:150,27
DA:153,3
DA:154,3
DA:155,3
DA:156,3
DA:157,3
DA:158,3
DA:161,29
DA:162,29
DA:163,29
DA:166,4
DA:167,4
DA:168,4
DA:171,1
DA:172,4
DA:173,3
DA:174,3
DA:175,3
DA:176,1
DA:179,24
DA:180,24
DA:181,24
DA:182,24
DA:184,50
DA:185,28
DA:187,49
DA:188,23
DA:189,23
DA:190,23
DA:191,23
DA:192,23
DA:193,23
DA:194,23
DA:195,23
DA:196,1
DA:197,22
DA:200,27
DA:201,1
DA:202,26
DA:205,23
DA:206,23
DA:207,23
DA:208,23
DA:209,23
DA:210,23
DA:211,23
DA:212,23
DA:213,24
DA:216,28
DA:217,28
DA:218,11
DA:219,7
DA:220,3
DA:221,5
DA:222,1
DA:223,1
DA:225,28
DA:228,11
DA:229,11
DA:231,11
DA:232,11
DA:233,1
DA:234,10
DA:235,10
DA:236,10
DA:237,22
DA:238,19
DA:239,19
DA:240,200102
DA:242,13
DA:243,13
DA:244,13
DA:245,13
DA:246,13
DA:247,13
DA:248,13
DA:249,13
DA:250,13
DA:251,13
DA:252,13
DA:253,13
DA:254,1
DA:255,12
DA:257,6
DA:260,0
DA:262,10
DA:263,11
DA:266,7
DA:267,7
DA:269,7
DA:270,7
DA:271,1
DA:272,6
DA:274,6
DA:275,5
DA:277,1
DA:280,6
DA:283,6
DA:284,5
DA:285,4
DA:287,1
DA:290,5
DA:291,10
DA:292,5
DA:293,5
DA:294,5
DA:295,5
DA:296,5
DA:297,5
DA:298,5
DA:299,5
DA:300,5
DA:301,5
DA:302,5
DA:303,5
DA:304,0
DA:305,5
DA:307,1
DA:308,0
DA:310,6
DA:311,7
DA:314,3
DA:315,3
DA:317,3
DA:318,3
DA:320,2
DA:321,18
DA:322,16
DA:323,16
DA:324,16
DA:325,16
DA:326,2
DA:327,2
DA:328,2
DA:329,2
DA:330,2
DA:331,2
DA:332,2
DA:333,2
DA:334,2
DA:335,0
DA:336,2
DA:337,14
DA:338,16
DA:340,0
DA:342,2
DA:343,3
DA:346,5
DA:347,5
DA:348,5
DA:350,5
DA:351,5
DA:352,3
DA:353,3
DA:354,3
DA:355,3
DA:356,3
DA:357,3
DA:358,3
DA:359,3
DA:360,0
DA:362,5
DA:363,5
DA:366,1
DA:367,1
DA:368,1
DA:369,1
DA:370,1
DA:373,1
DA:374,1
DA:375,1
DA:376,1
DA:377,1
DA:381,9
DA:382,9
DA:383,9
DA:384,9
DA:385,9
DA:386,2
DA:387,2
DA:388,2
DA:389,7
DA:391,30
DA:392,30
DA:393,30
DA:394,30
DA:395,7
DA:396,7
DA:397,23
DA:398,1
DA:399,23
DA:400,22
DA:404,6
DA:405,9
DA:408,20
DA:409,20
DA:410,1
DA:411,19
DA:413,34
DA:414,34
DA:415,30
DA:416,4
DA:417,15
DA:421,4
DA:422,20
DA:425,5
DA:426,5
DA:427,1
DA:428,1
DA:429,1
DA:430,0
DA:431,0
DA:432,0
DA:433,2
DA:435,5
DA:438,3
DA:439,3
DA:440,3
DA:441,3
DA:442,3
DA:443,3
DA:444,3
DA:445,3
DA:446,3
DA:447,3
DA:448,3
DA:449,3
DA:450,3
DA:451,3
DA:452,3
DA:453,3
DA:454,3
DA:455,3
DA:456,3
DA:457,3
DA:458,3
DA:459,3
DA:460,3
DA:461,3
DA:462,3
DA:463,3
DA:464,3
DA:465,3
DA:466,3
DA:467,3
DA:468,3
DA:469,3
DA:472,2
DA:473,2
DA:474,2
DA:475,2
DA:476,2
DA:477,2
DA:478,2
DA:479,2
DA:480,2
DA:481,2
DA:482,2
DA:483,2
DA:484,2
DA:485,2
DA:486,2
DA:487,2
DA:488,2
DA:489,2
DA:492,2
DA:493,2
DA:494,2
DA:495,2
DA:496,2
DA:497,2
DA:498,2
DA:499,2
DA:500,2
DA:503,1
DA:504,1
DA:505,1
DA:506,1
DA:507,1
DA:508,1
DA:509,1
DA:510,1
DA:511,1
DA:514,1
DA:515,1
DA:516,1
DA:517,1
DA:518,1
DA:519,1
DA:520,1
DA:521,1
DA:522,1
DA:525,1
DA:526,1
DA:527,1
DA:528,1
DA:529,1
DA:530,1
DA:531,1
DA:532,1
DA:533,1
DA:544,1
DA:545,1
DA:546,1
DA:547,1
DA:548,1
DA:549,1
DA:550,1
DA:551,1
DA:554,1
DA:555,1
DA:556,1
DA:557,1
DA:560,1
DA:561,1
DA:562,1
DA:563,1
DA:564,1
DA:565,1
DA:566,1
DA:567,1
DA:568,1
DA:569,1
DA:570,1
DA:571,1
DA:572,1
DA:575,1
DA:576,1
DA:577,1
DA:578,1
DA:579,1
DA:580,1
DA:581,1
DA:588,1
DA:589,1
DA:590,1
DA:591,1
DA:592,1
DA:593,1
DA:594,1
DA:595,1
DA:596,1
DA:597,1
DA:598,1
DA:599,1
DA:602,1
DA:603,1
DA:604,1
DA:605,1
DA:606,1
DA:607,1
DA:608,1
DA:609,1
DA:610,1
DA:611,1
DA:612,1
DA:613,1
DA:614,1
DA:615,1
DA:616,1
DA:617,1
DA:618,1
DA:619,1
DA:626,1
DA:627,1
DA:628,1
DA:629,1
DA:630,1
DA:631,1
DA:632,1
DA:633,1
DA:634,1
DA:635,1
DA:636,1
DA:639,1
DA:640,1
DA:641,1
DA:642,1
DA:643,1
DA:644,1
DA:645,1
DA:646,1
DA:647,1
DA:648,1
DA:651,1
DA:652,1
DA:653,1
DA:654,1
DA:655,1
DA:656,1
DA:657,1
DA:660,1
DA:661,1
DA:662,1
DA:663,1
DA:664,1
DA:667,1
DA:668,1
DA:669,1
DA:670,1
DA:671,1
DA:674,1
DA:675,1
DA:676,1
DA:677,1
DA:678,1
DA:679,1
DA:680,1
DA:681,1
DA:682,1
DA:685,1
DA:686,1
DA:687,1
DA:688,1
DA:689,1
DA:691,1
DA:692,1
DA:693,1
DA:696,1
DA:697,1
DA:698,1
DA:699,1
DA:700,1
DA:701,1
DA:704,1
DA:705,1
DA:706,1
DA:707,1
DA:708,1
DA:709,1
DA:716,1
DA:717,1
DA:718,1
DA:719,1
DA:720,1
DA:721,1
DA:722,1
DA:723,1
DA:724,1
DA:725,1
DA:726,1
DA:727,1
DA:728,1
DA:729,1
DA:730,1
DA:731,1
DA:732,1
DA:733,1
DA:734,1
DA:735,1
DA:736,1
DA:737,1
DA:740,1
DA:741,1
DA:742,1
DA:743,1
DA:744,1
DA:745,1
DA:746,1
DA:747,1
DA:748,1
DA:749,1
DA:750,1
DA:751,1
DA:752,1
DA:753,1
DA:756,1
DA:757,1
DA:758,1
DA:759,1
DA:760,1
DA:761,1
DA:762,1
DA:763,1
DA:764,1
DA:765,1
DA:766,1
DA:767,1
DA:768,1
DA:769,1
DA:772,1
DA:773,1
DA:774,1
DA:775,1
DA:776,1
DA:777,1
DA:778,1
DA:779,1
DA:780,1
DA:781,1
DA:782,1
DA:783,1
DA:784,1
DA:785,1
DA:788,1
DA:789,1
DA:790,1
DA:791,1
DA:792,1
DA:793,1
DA:794,1
DA:795,1
DA:796,1
DA:797,1
DA:798,1
DA:799,1
DA:800,1
DA:801,1
DA:804,1
DA:805,1
DA:806,1
DA:807,1
DA:808,1
DA:809,1
DA:810,1
DA:811,1
DA:812,1
DA:813,1
DA:814,1
DA:815,1
DA:816,1
DA:817,1
DA:818,1
DA:819,1
DA:820,1
DA:821,1
DA:828,1
DA:829,1
DA:830,1
DA:831,1
DA:832,1
DA:833,1
DA:834,1
DA:835,1
DA:836,1
DA:837,1
DA:838,1
DA:839,1
DA:840,1
DA:841,1
DA:842,1
DA:845,1
DA:846,1
DA:847,1
DA:848,1
DA:849,1
DA:850,1
DA:851,1
DA:852,1
DA:853,1
DA:854,1
DA:855,1
DA:856,1
DA:857,1
DA:858,1
DA:859,1
DA:860,1
DA:861,1
DA:862,1
DA:863,1
DA:866,1
DA:867,1
DA:868,1
DA:869,1
DA:870,1
DA:871,1
DA:872,1
DA:873,1
DA:874,1
DA:875,1
DA:876,1
DA:877,1
DA:878,1
DA:879,1
DA:882,1
DA:883,1
DA:884,1
DA:885,1
DA:886,1
DA:887,1
DA:888,1
DA:889,1
DA:890,1
DA:891,1
DA:892,1
DA:893,1
DA:894,1
DA:895,1
DA:902,1
DA:903,1
DA:904,1
DA:905,1
DA:906,1
DA:907,1
DA:908,1
DA:909,1
DA:910,1
DA:911,1
DA:912,1
DA:913,1
DA:914,1
DA:915,1
DA:916,1
DA:917,1
DA:920,1
DA:921,1
DA:922,1
DA:923,1
DA:924,1
DA:925,1
DA:926,1
DA:927,1
DA:928,1
DA:929,1
DA:930,1
DA:931,1
DA:932,1
DA:933,1
DA:940,1
DA:941,1
DA:942,1
DA:943,1
DA:944,1
DA:945,1
DA:946,1
DA:947,1
DA:948,1
DA:949,1
DA:950,1
DA:951,1
DA:952,1
DA:955,1
DA:956,1
DA:957,1
DA:958,1
DA:959,1
DA:960,1
DA:961,1
DA:962,1
DA:963,1
DA:964,1
DA:965,1
DA:968,1
DA:969,1
DA:970,1
DA:971,1
DA:972,1
DA:973,1
DA:974,1
DA:975,1
DA:976,1
DA:977,1
DA:978,1
DA:985,1
DA:986,1
DA:987,1
DA:988,1
DA:989,1
DA:990,1
DA:991,1
DA:992,1
DA:993,1
DA:994,1
DA:995,1
DA:996,1
DA:997,1
DA:998,1
DA:1001,1
DA:1002,1
DA:1003,1
DA:1004,1
DA:1005,1
DA:1006,1
DA:1007,1
DA:1008,1
DA:1009,1
DA:1010,1
DA:1011,1
DA:1012,1
DA:1013,1
DA:1014,1
DA:1021,1
DA:1022,1
DA:1023,1
DA:1026,1
DA:1027,1
DA:1028,1
DA:1031,1
DA:1032,1
DA:1033,1
DA:1035,4
DA:1036,1
DA:1037,1
DA:1038,1
DA:1039,1
DA:1040,1
DA:1043,1
DA:1044,1
DA:1045,1
DA:1047,2
DA:1048,1
DA:1049,1
DA:1050,1
DA:1053,1
DA:1054,1
DA:1055,1
DA:1057,1
DA:1058,1
DA:1059,1
DA:1062,1
DA:1063,1
DA:1064,1
DA:1066,1
DA:1067,1
DA:1068,1
DA:1071,1
DA:1072,1
DA:1073,1
DA:1075,1
DA:1076,1
DA:1077,1
DA:1080,1
DA:1081,1
DA:1082,1
DA:1084,1
DA:1085,1
DA:1086,1
DA:1089,1
DA:1090,1
DA:1091,1
DA:1093,1
DA:1094,1
DA:1095,1
DA:1098,1
DA:1099,1
DA:1100,1
DA:1101,1
DA:1102,1
DA:1103,1
DA:1104,1
DA:1105,1
DA:1106,1
DA:1107,1
DA:1110,1
DA:1111,1
DA:1112,1
DA:1113,7
DA:1114,1
DA:1115,1
DA:1116,1
DA:1117,1
DA:1118,7
DA:1119,1
DA:1120,1
DA:1121,1
DA:1122,1
DA:1123,7
DA:1124,1
DA:1125,1
DA:1126,1
DA:1127,1
DA:1128,1
DA:1129,1
DA:1136,1
DA:1137,1
DA:1138,1
DA:1139,1
DA:1140,1
DA:1141,1
DA:1142,1
DA:1143,1
DA:1144,1
DA:1145,1
DA:1146,1
DA:1147,1
DA:1148,1
DA:1149,1
DA:1150,1
DA:1151,1
DA:1152,1
DA:1153,1
DA:1154,1
DA:1155,1
DA:1156,1
DA:1157,1
DA:1158,1
DA:1159,1
DA:1160,1
DA:1163,1
DA:1164,1
DA:1165,1
DA:1166,1
DA:1167,1
DA:1168,1
DA:1169,1
DA:1170,1
DA:1171,1
DA:1174,1
DA:1175,1
DA:1176,1
DA:1177,1
DA:1178,1
DA:1179,1
DA:1180,1
DA:1181,1
DA:1182,1
DA:1183,1
DA:1184,1
DA:1185,1
DA:1186,1
DA:1187,1
DA:1188,1
DA:1189,1
DA:1190,1
DA:1191,1
DA:1192,1
DA:1193,1
DA:1194,1
DA:1195,1
DA:1196,1
DA:1197,1
DA:1198,1
DA:1199,1
DA:1200,1
DA:1201,1
DA:1202,1
DA:1203,1
DA:1210,1
DA:1211,1
DA:1212,1
DA:1213,1
DA:1216,1
DA:1217,1
DA:1218,1
DA:1219,1
DA:1226,1
DA:1227,1
DA:1228,1
DA:1229,1
DA:1230,1
DA:1231,1
DA:1232,1
DA:1233,1
DA:1234,1
DA:1235,1
DA:1236,1
DA:1237,1
DA:1238,1
DA:1239,1
DA:1240,1
DA:1243,1
DA:1244,1
DA:1245,1
DA:1246,1
DA:1247,1
DA:1248,1
DA:1249,1
DA:1250,1
DA:1251,1
DA:1252,1
DA:1253,1
DA:1254,1
DA:1255,1
DA:1256,1
DA:1257,1
DA:1258,1
DA:1259,1
DA:1260,1
DA:1263,1
DA:1264,1
DA:1265,1
DA:1266,1
DA:1267,1
DA:1268,1
DA:1269,1
DA:1270,1
DA:1271,1
DA:1272,1
DA:1273,1
DA:1274,1
DA:1275,1
DA:1276,1
DA:1277,1
DA:1278,1
DA:1279,1
DA:1280,1
DA:1281,1
DA:1282,1
DA:1285,1
DA:1286,1
DA:1287,1
DA:1288,1
DA:1289,1
DA:1290,1
DA:1291,1
DA:1292,1
DA:1293,1
DA:1294,1
DA:1295,1
DA:1296,1
DA:1297,1
DA:1298,1
DA:1299,1
DA:1300,1
DA:1301,1
DA:1302,1
DA:1303,1
DA:1304,1
DA:1305,1
DA:1306,1
DA:1307,1
DA:1308,1
DA:1309,1
DA:1310,1
DA:1311,1
DA:1312,1
DA:1313,1
DA:1314,1
DA:1320,28
DA:1321,28
DA:1322,28
DA:1323,28
DA:1324,28
DA:1325,28
DA:1326,28
DA:1327,28
DA:1328,28
BRF:0
BRH:0
LF:956
LH:947
end_of_record
SF:/home/vtriple/threatflux-binary-analysis/src/utils/serde_utils.rs
FN:7,_RINvNtNtCs9LoDH0wUW1w_26threatflux_binary_analysis5utils11serde_utils7to_jsonpEB6_
FN:13,_RINvNtNtCs9LoDH0wUW1w_26threatflux_binary_analysis5utils11serde_utils9from_jsonpEB6_
FN:8,_RNCINvNtNtCs9LoDH0wUW1w_26threatflux_binary_analysis5utils11serde_utils7to_jsonpE0B8_
FN:14,_RNCINvNtNtCs9LoDH0wUW1w_26threatflux_binary_analysis5utils11serde_utils9from_jsonpE0B8_
FN:24,_RNvNtNtNtCs8kT03CeRPRU_26threatflux_binary_analysis5utils11serde_utils5testss_19test_json_roundtrip
FN:7,_RINvNtNtCs8kT03CeRPRU_26threatflux_binary_analysis5utils11serde_utils7to_jsonNtNtB6_5types14AnalysisResultEB6_
FN:13,_RINvNtNtCs8kT03CeRPRU_26threatflux_binary_analysis5utils11serde_utils9from_jsonNtNtB6_5types14AnalysisResultEB6_
FN:8,_RNCINvNtNtCs8kT03CeRPRU_26threatflux_binary_analysis5utils11serde_utils7to_jsonNtNtB8_5types14AnalysisResultE0B8_
FN:14,_RNCINvNtNtCs8kT03CeRPRU_26threatflux_binary_analysis5utils11serde_utils9from_jsonNtNtB8_5types14AnalysisResultE0B8_
FNDA:0,_RINvNtNtCs9LoDH0wUW1w_26threatflux_binary_analysis5utils11serde_utils7to_jsonpEB6_
FNDA:0,_RINvNtNtCs9LoDH0wUW1w_26threatflux_binary_analysis5utils11serde_utils9from_jsonpEB6_
FNDA:0,_RNCINvNtNtCs9LoDH0wUW1w_26threatflux_binary_analysis5utils11serde_utils7to_jsonpE0B8_
FNDA:0,_RNCINvNtNtCs9LoDH0wUW1w_26threatflux_binary_analysis5utils11serde_utils9from_jsonpE0B8_
FNDA:1,_RNvNtNtNtCs8kT03CeRPRU_26threatflux_binary_analysis5utils11serde_utils5testss_19test_json_roundtrip
FNDA:1,_RINvNtNtCs8kT03CeRPRU_26threatflux_binary_analysis5utils11serde_utils7to_jsonNtNtB6_5types14AnalysisResultEB6_
FNDA:1,_RINvNtNtCs8kT03CeRPRU_26threatflux_binary_analysis5utils11serde_utils9from_jsonNtNtB6_5types14AnalysisResultEB6_
FNDA:0,_RNCINvNtNtCs8kT03CeRPRU_26threatflux_binary_analysis5utils11serde_utils7to_jsonNtNtB8_5types14AnalysisResultE0B8_
FNDA:0,_RNCINvNtNtCs8kT03CeRPRU_26threatflux_binary_analysis5utils11serde_utils9from_jsonNtNtB8_5types14AnalysisResultE0B8_
FNF:5
FNH:3
DA:7,1
DA:8,1
DA:9,1
DA:13,1
DA:14,1
DA:15,1
DA:24,1
DA:25,1
DA:26,1
DA:27,1
DA:28,1
DA:29,1
DA:30,1
DA:31,1
DA:32,1
DA:33,1
BRF:0
BRH:0
LF:18
LH:16
end_of_record