SF:/Users/vtriple/file-scanner/standalone-binary-analysis/src/analysis/control_flow.rs
FN:63,_RNvMs_NtNtCs3rKVG2KO5gW_26threatflux_binary_analysis8analysis12control_flowNtB4_19ControlFlowAnalyzer11with_config
FN:365,_RNvMs_NtNtCs3rKVG2KO5gW_26threatflux_binary_analysis8analysis12control_flowNtB4_19ControlFlowAnalyzer12detect_loops
FN:71,_RNvMs_NtNtCs3rKVG2KO5gW_26threatflux_binary_analysis8analysis12control_flowNtB4_19ControlFlowAnalyzer14analyze_binary
FN:267,_RNvMs_NtNtCs3rKVG2KO5gW_26threatflux_binary_analysis8analysis12control_flowNtB4_19ControlFlowAnalyzer15build_cfg_edges
FN:87,_RNvMs_NtNtCs3rKVG2KO5gW_26threatflux_binary_analysis8analysis12control_flowNtB4_19ControlFlowAnalyzer16analyze_function
FN:385,_RNvMs_NtNtCs3rKVG2KO5gW_26threatflux_binary_analysis8analysis12control_flowNtB4_19ControlFlowAnalyzer16dfs_detect_loops
FN:113,_RNvMs_NtNtCs3rKVG2KO5gW_26threatflux_binary_analysis8analysis12control_flowNtB4_19ControlFlowAnalyzer17extract_functions
FN:184,_RNvMs_NtNtCs3rKVG2KO5gW_26threatflux_binary_analysis8analysis12control_flowNtB4_19ControlFlowAnalyzer18build_basic_blocks
FN:332,_RNvMs_NtNtCs3rKVG2KO5gW_26threatflux_binary_analysis8analysis12control_flowNtB4_19ControlFlowAnalyzer20calculate_complexity
FN:409,_RNvMs_NtNtCs3rKVG2KO5gW_26threatflux_binary_analysis8analysis12control_flowNtB4_19ControlFlowAnalyzer23calculate_nesting_depth
FN:153,_RNvMs_NtNtCs3rKVG2KO5gW_26threatflux_binary_analysis8analysis12control_flowNtB4_19ControlFlowAnalyzer25get_function_instructions
FN:55,_RNvMs_NtNtCs3rKVG2KO5gW_26threatflux_binary_analysis8analysis12control_flowNtB4_19ControlFlowAnalyzer3new
FN:425,_RNvNtNtCs3rKVG2KO5gW_26threatflux_binary_analysis8analysis12control_flow14analyze_binary
FN:431,_RNvNtNtCs3rKVG2KO5gW_26threatflux_binary_analysis8analysis12control_flow16analyze_function
FN:43,_RNvXNtNtCs3rKVG2KO5gW_26threatflux_binary_analysis8analysis12control_flowNtB2_14AnalysisConfigNtNtCsaTRkahAGrLL_4core7default7Default7default
FN:267,_RNvMs_NtNtCs79K5M2vLVB3_26threatflux_binary_analysis8analysis12control_flowNtB4_19ControlFlowAnalyzer15build_cfg_edges
FN:184,_RNvMs_NtNtCs79K5M2vLVB3_26threatflux_binary_analysis8analysis12control_flowNtB4_19ControlFlowAnalyzer18build_basic_blocks
FN:55,_RNvMs_NtNtCs79K5M2vLVB3_26threatflux_binary_analysis8analysis12control_flowNtB4_19ControlFlowAnalyzer3new
FN:43,_RNvXNtNtCs79K5M2vLVB3_26threatflux_binary_analysis8analysis12control_flowNtB2_14AnalysisConfigNtNtCsaTRkahAGrLL_4core7default7Default7default
FN:63,_RNvMs_NtNtCs79K5M2vLVB3_26threatflux_binary_analysis8analysis12control_flowNtB4_19ControlFlowAnalyzer11with_config
FN:365,_RNvMs_NtNtCs79K5M2vLVB3_26threatflux_binary_analysis8analysis12control_flowNtB4_19ControlFlowAnalyzer12detect_loops
FN:71,_RNvMs_NtNtCs79K5M2vLVB3_26threatflux_binary_analysis8analysis12control_flowNtB4_19ControlFlowAnalyzer14analyze_binary
FN:87,_RNvMs_NtNtCs79K5M2vLVB3_26threatflux_binary_analysis8analysis12control_flowNtB4_19ControlFlowAnalyzer16analyze_function
FN:385,_RNvMs_NtNtCs79K5M2vLVB3_26threatflux_binary_analysis8analysis12control_flowNtB4_19ControlFlowAnalyzer16dfs_detect_loops
FN:113,_RNvMs_NtNtCs79K5M2vLVB3_26threatflux_binary_analysis8analysis12control_flowNtB4_19ControlFlowAnalyzer17extract_functions
FN:332,_RNvMs_NtNtCs79K5M2vLVB3_26threatflux_binary_analysis8analysis12control_flowNtB4_19ControlFlowAnalyzer20calculate_complexity
FN:409,_RNvMs_NtNtCs79K5M2vLVB3_26threatflux_binary_analysis8analysis12control_flowNtB4_19ControlFlowAnalyzer23calculate_nesting_depth
FN:153,_RNvMs_NtNtCs79K5M2vLVB3_26threatflux_binary_analysis8analysis12control_flowNtB4_19ControlFlowAnalyzer25get_function_instructions
FN:425,_RNvNtNtCs79K5M2vLVB3_26threatflux_binary_analysis8analysis12control_flow14analyze_binary
FN:431,_RNvNtNtCs79K5M2vLVB3_26threatflux_binary_analysis8analysis12control_flow16analyze_function
FN:448,_RNvNtNtNtCs79K5M2vLVB3_26threatflux_binary_analysis8analysis12control_flow5testss_19test_config_default
FN:442,_RNvNtNtNtCs79K5M2vLVB3_26threatflux_binary_analysis8analysis12control_flow5testss_22test_analyzer_creation
FN:457,_RNvNtNtNtCs79K5M2vLVB3_26threatflux_binary_analysis8analysis12control_flow5testss_25test_basic_block_creation
FNDA:0,_RNvMs_NtNtCs3rKVG2KO5gW_26threatflux_binary_analysis8analysis12control_flowNtB4_19ControlFlowAnalyzer11with_config
FNDA:125,_RNvMs_NtNtCs3rKVG2KO5gW_26threatflux_binary_analysis8analysis12control_flowNtB4_19ControlFlowAnalyzer12detect_loops
FNDA:132,_RNvMs_NtNtCs3rKVG2KO5gW_26threatflux_binary_analysis8analysis12control_flowNtB4_19ControlFlowAnalyzer14analyze_binary
FNDA:125,_RNvMs_NtNtCs3rKVG2KO5gW_26threatflux_binary_analysis8analysis12control_flowNtB4_19ControlFlowAnalyzer15build_cfg_edges
FNDA:125,_RNvMs_NtNtCs3rKVG2KO5gW_26threatflux_binary_analysis8analysis12control_flowNtB4_19ControlFlowAnalyzer16analyze_function
FNDA:125,_RNvMs_NtNtCs3rKVG2KO5gW_26threatflux_binary_analysis8analysis12control_flowNtB4_19ControlFlowAnalyzer16dfs_detect_loops
FNDA:132,_RNvMs_NtNtCs3rKVG2KO5gW_26threatflux_binary_analysis8analysis12control_flowNtB4_19ControlFlowAnalyzer17extract_functions
FNDA:125,_RNvMs_NtNtCs3rKVG2KO5gW_26threatflux_binary_analysis8analysis12control_flowNtB4_19ControlFlowAnalyzer18build_basic_blocks
FNDA:125,_RNvMs_NtNtCs3rKVG2KO5gW_26threatflux_binary_analysis8analysis12control_flowNtB4_19ControlFlowAnalyzer20calculate_complexity
FNDA:125,_RNvMs_NtNtCs3rKVG2KO5gW_26threatflux_binary_analysis8analysis12control_flowNtB4_19ControlFlowAnalyzer23calculate_nesting_depth
FNDA:125,_RNvMs_NtNtCs3rKVG2KO5gW_26threatflux_binary_analysis8analysis12control_flowNtB4_19ControlFlowAnalyzer25get_function_instructions
FNDA:132,_RNvMs_NtNtCs3rKVG2KO5gW_26threatflux_binary_analysis8analysis12control_flowNtB4_19ControlFlowAnalyzer3new
FNDA:132,_RNvNtNtCs3rKVG2KO5gW_26threatflux_binary_analysis8analysis12control_flow14analyze_binary
FNDA:0,_RNvNtNtCs3rKVG2KO5gW_26threatflux_binary_analysis8analysis12control_flow16analyze_function
FNDA:132,_RNvXNtNtCs3rKVG2KO5gW_26threatflux_binary_analysis8analysis12control_flowNtB2_14AnalysisConfigNtNtCsaTRkahAGrLL_4core7default7Default7default
FNDA:1,_RNvMs_NtNtCs79K5M2vLVB3_26threatflux_binary_analysis8analysis12control_flowNtB4_19ControlFlowAnalyzer15build_cfg_edges
FNDA:1,_RNvMs_NtNtCs79K5M2vLVB3_26threatflux_binary_analysis8analysis12control_flowNtB4_19ControlFlowAnalyzer18build_basic_blocks
FNDA:2,_RNvMs_NtNtCs79K5M2vLVB3_26threatflux_binary_analysis8analysis12control_flowNtB4_19ControlFlowAnalyzer3new
FNDA:3,_RNvXNtNtCs79K5M2vLVB3_26threatflux_binary_analysis8analysis12control_flowNtB2_14AnalysisConfigNtNtCsaTRkahAGrLL_4core7default7Default7default
FNDA:0,_RNvMs_NtNtCs79K5M2vLVB3_26threatflux_binary_analysis8analysis12control_flowNtB4_19ControlFlowAnalyzer11with_config
FNDA:0,_RNvMs_NtNtCs79K5M2vLVB3_26threatflux_binary_analysis8analysis12control_flowNtB4_19ControlFlowAnalyzer12detect_loops
FNDA:0,_RNvMs_NtNtCs79K5M2vLVB3_26threatflux_binary_analysis8analysis12control_flowNtB4_19ControlFlowAnalyzer14analyze_binary
FNDA:0,_RNvMs_NtNtCs79K5M2vLVB3_26threatflux_binary_analysis8analysis12control_flowNtB4_19ControlFlowAnalyzer16analyze_function
FNDA:0,_RNvMs_NtNtCs79K5M2vLVB3_26threatflux_binary_analysis8analysis12control_flowNtB4_19ControlFlowAnalyzer16dfs_detect_loops
FNDA:0,_RNvMs_NtNtCs79K5M2vLVB3_26threatflux_binary_analysis8analysis12control_flowNtB4_19ControlFlowAnalyzer17extract_functions
FNDA:0,_RNvMs_NtNtCs79K5M2vLVB3_26threatflux_binary_analysis8analysis12control_flowNtB4_19ControlFlowAnalyzer20calculate_complexity
FNDA:0,_RNvMs_NtNtCs79K5M2vLVB3_26threatflux_binary_analysis8analysis12control_flowNtB4_19ControlFlowAnalyzer23calculate_nesting_depth
FNDA:0,_RNvMs_NtNtCs79K5M2vLVB3_26threatflux_binary_analysis8analysis12control_flowNtB4_19ControlFlowAnalyzer25get_function_instructions
FNDA:0,_RNvNtNtCs79K5M2vLVB3_26threatflux_binary_analysis8analysis12control_flow14analyze_binary
FNDA:0,_RNvNtNtCs79K5M2vLVB3_26threatflux_binary_analysis8analysis12control_flow16analyze_function
FNDA:1,_RNvNtNtNtCs79K5M2vLVB3_26threatflux_binary_analysis8analysis12control_flow5testss_19test_config_default
FNDA:1,_RNvNtNtNtCs79K5M2vLVB3_26threatflux_binary_analysis8analysis12control_flow5testss_22test_analyzer_creation
FNDA:1,_RNvNtNtNtCs79K5M2vLVB3_26threatflux_binary_analysis8analysis12control_flow5testss_25test_basic_block_creation
FNF:18
FNH:16
DA:43,135
DA:44,135
DA:45,135
DA:46,135
DA:47,135
DA:48,135
DA:49,135
DA:50,135
DA:55,134
DA:56,134
DA:57,134
DA:58,134
DA:59,134
DA:60,134
DA:63,0
DA:64,0
DA:65,0
DA:66,0
DA:67,0
DA:68,0
DA:71,132
DA:72,132
DA:75,132
DA:77,257
DA:78,125
DA:79,125
DA:80,125
DA:83,132
DA:84,132
DA:87,125
DA:88,125
DA:89,125
DA:90,125
DA:91,125
DA:93,125
DA:96,125
DA:99,125
DA:100,125
DA:102,0
DA:105,125
DA:106,125
DA:107,125
DA:108,125
DA:109,125
DA:110,125
DA:113,132
DA:114,132
DA:116,132
DA:117,0
DA:118,0
DA:119,0
DA:120,0
DA:121,0
DA:122,0
DA:123,0
DA:124,0
DA:125,0
DA:126,0
DA:127,0
DA:128,0
DA:129,0
DA:133,132
DA:134,132
DA:135,125
DA:136,125
DA:137,125
DA:138,125
DA:139,125
DA:140,125
DA:141,125
DA:142,125
DA:143,125
DA:144,125
DA:145,125
DA:146,125
DA:147,0
DA:149,132
DA:150,132
DA:153,125
DA:154,125
DA:155,125
DA:156,125
DA:157,125
DA:158,125
DA:159,125
DA:160,125
DA:163,1375
DA:164,1250
DA:165,1250
DA:166,1250
DA:167,1250
DA:168,1250
DA:169,1250
DA:170,1250
DA:171,1250
DA:172,125
DA:174,1125
DA:180,125
DA:181,125
DA:184,126
DA:185,126
DA:186,0
DA:187,126
DA:188,126
DA:189,126
DA:190,126
DA:191,126
DA:192,126
DA:193,126
DA:196,1252
DA:197,1252
DA:198,0
DA:199,0
DA:200,0
DA:202,0
DA:203,0
DA:204,0
DA:205,0
DA:206,0
DA:210,126
DA:211,0
DA:212,126
DA:214,1126
DA:219,126
DA:220,126
DA:222,1252
DA:223,1252
DA:224,0
DA:225,0
DA:226,0
DA:227,0
DA:228,0
DA:229,0
DA:230,0
DA:231,0
DA:232,0
DA:233,0
DA:234,0
DA:235,0
DA:236,0
DA:237,0
DA:238,0
DA:239,0
DA:240,1252
DA:244,126
DA:245,126
DA:246,126
DA:247,126
DA:248,126
DA:249,126
DA:250,126
DA:251,126
DA:252,126
DA:253,126
DA:254,126
DA:255,126
DA:256,126
DA:257,126
DA:258,126
DA:261,126
DA:263,126
DA:264,126
DA:267,126
DA:268,126
DA:271,126
DA:272,126
DA:273,126
DA:276,126
DA:277,126
DA:278,126
DA:279,126
DA:282,0
DA:283,0
DA:284,0
DA:285,0
DA:287,0
DA:289,0
DA:290,0
DA:291,0
DA:292,0
DA:294,0
DA:296,0
DA:297,0
DA:298,0
DA:299,0
DA:301,0
DA:302,0
DA:303,0
DA:304,0
DA:306,0
DA:307,0
DA:308,0
DA:309,0
DA:310,0
DA:311,0
DA:314,126
DA:315,126
DA:316,126
DA:319,0
DA:320,0
DA:321,0
DA:322,0
DA:325,0
DA:328,126
DA:329,126
DA:332,125
DA:333,125
DA:334,125
DA:337,250
DA:338,125
DA:339,125
DA:343,125
DA:344,125
DA:346,0
DA:350,125
DA:351,125
DA:352,125
DA:353,125
DA:354,125
DA:355,125
DA:356,125
DA:357,125
DA:358,125
DA:359,125
DA:360,125
DA:361,125
DA:362,125
DA:365,125
DA:366,125
DA:367,0
DA:368,125
DA:369,125
DA:370,125
DA:371,125
DA:372,125
DA:375,125
DA:376,125
DA:377,125
DA:378,125
DA:381,125
DA:382,125
DA:385,125
DA:386,125
DA:387,125
DA:388,125
DA:389,125
DA:390,125
DA:391,125
DA:392,125
DA:393,125
DA:395,125
DA:396,0
DA:397,0
DA:398,0
DA:399,0
DA:400,0
DA:401,0
DA:404,125
DA:405,125
DA:406,125
DA:409,125
DA:410,125
DA:413,250
DA:414,125
DA:415,125
DA:416,0
DA:417,125
DA:420,125
DA:421,125
DA:425,132
DA:426,132
DA:427,132
DA:428,132
DA:431,0
DA:432,0
DA:433,0
DA:434,0
DA:442,1
DA:443,1
DA:444,1
DA:445,1
DA:448,1
DA:449,1
DA:450,1
DA:451,1
DA:452,1
DA:453,1
DA:454,1
DA:457,1
DA:458,1
DA:459,1
DA:460,1
DA:461,1
DA:462,1
DA:463,1
DA:464,1
DA:465,1
DA:466,1
DA:467,1
DA:468,1
DA:469,1
DA:470,1
DA:471,1
DA:472,1
DA:473,1
DA:474,1
DA:475,1
DA:476,1
DA:477,1
DA:478,1
DA:479,1
DA:480,1
DA:481,1
DA:482,1
DA:483,1
DA:484,1
DA:485,1
DA:486,1
BRF:0
BRH:0
LF:318
LH:229
end_of_record
SF:/Users/vtriple/file-scanner/standalone-binary-analysis/src/analysis/entropy.rs
FN:202,_RNvNtNtCs3rKVG2KO5gW_26threatflux_binary_analysis8analysis7entropy13detect_packer
FN:14,_RNvNtNtCs3rKVG2KO5gW_26threatflux_binary_analysis8analysis7entropy14analyze_binary
FN:48,_RNvNtNtCs3rKVG2KO5gW_26threatflux_binary_analysis8analysis7entropy17calculate_entropy
FN:119,_RNvNtNtCs3rKVG2KO5gW_26threatflux_binary_analysis8analysis7entropy20has_crypto_constants
FN:74,_RNvNtNtCs3rKVG2KO5gW_26threatflux_binary_analysis8analysis7entropy25find_high_entropy_regions
FN:138,_RNvNtNtCs3rKVG2KO5gW_26threatflux_binary_analysis8analysis7entropy25has_compression_signature
FN:151,_RNvNtNtCs3rKVG2KO5gW_26threatflux_binary_analysis8analysis7entropy26analyze_packing_indicators
FN:101,_RNvNtNtCs3rKVG2KO5gW_26threatflux_binary_analysis8analysis7entropy28classify_high_entropy_region
FN:129,_RNCNvNtNtCs3rKVG2KO5gW_26threatflux_binary_analysis8analysis7entropy20has_crypto_constants0B7_
FN:48,_RNvNtNtCs79K5M2vLVB3_26threatflux_binary_analysis8analysis7entropy17calculate_entropy
FN:119,_RNvNtNtCs79K5M2vLVB3_26threatflux_binary_analysis8analysis7entropy20has_crypto_constants
FN:138,_RNvNtNtCs79K5M2vLVB3_26threatflux_binary_analysis8analysis7entropy25has_compression_signature
FN:231,_RNvNtNtNtCs79K5M2vLVB3_26threatflux_binary_analysis8analysis7entropy5testss_24test_entropy_calculation
FN:244,_RNvNtNtNtCs79K5M2vLVB3_26threatflux_binary_analysis8analysis7entropy5testss_31test_crypto_constants_detection
FN:253,_RNvNtNtNtCs79K5M2vLVB3_26threatflux_binary_analysis8analysis7entropy5testss_36test_compression_signature_detection
FN:202,_RNvNtNtCs79K5M2vLVB3_26threatflux_binary_analysis8analysis7entropy13detect_packer
FN:14,_RNvNtNtCs79K5M2vLVB3_26threatflux_binary_analysis8analysis7entropy14analyze_binary
FN:74,_RNvNtNtCs79K5M2vLVB3_26threatflux_binary_analysis8analysis7entropy25find_high_entropy_regions
FN:151,_RNvNtNtCs79K5M2vLVB3_26threatflux_binary_analysis8analysis7entropy26analyze_packing_indicators
FN:101,_RNvNtNtCs79K5M2vLVB3_26threatflux_binary_analysis8analysis7entropy28classify_high_entropy_region
FN:129,_RNCNvNtNtCs79K5M2vLVB3_26threatflux_binary_analysis8analysis7entropy20has_crypto_constants0B7_
FN:238,_RNCNvNtNtNtCs79K5M2vLVB3_26threatflux_binary_analysis8analysis7entropy5testss_24test_entropy_calculation0B9_
FNDA:132,_RNvNtNtCs3rKVG2KO5gW_26threatflux_binary_analysis8analysis7entropy13detect_packer
FNDA:132,_RNvNtNtCs3rKVG2KO5gW_26threatflux_binary_analysis8analysis7entropy14analyze_binary
FNDA:15760,_RNvNtNtCs3rKVG2KO5gW_26threatflux_binary_analysis8analysis7entropy17calculate_entropy
FNDA:0,_RNvNtNtCs3rKVG2KO5gW_26threatflux_binary_analysis8analysis7entropy20has_crypto_constants
FNDA:132,_RNvNtNtCs3rKVG2KO5gW_26threatflux_binary_analysis8analysis7entropy25find_high_entropy_regions
FNDA:0,_RNvNtNtCs3rKVG2KO5gW_26threatflux_binary_analysis8analysis7entropy25has_compression_signature
FNDA:132,_RNvNtNtCs3rKVG2KO5gW_26threatflux_binary_analysis8analysis7entropy26analyze_packing_indicators
FNDA:0,_RNvNtNtCs3rKVG2KO5gW_26threatflux_binary_analysis8analysis7entropy28classify_high_entropy_region
FNDA:0,_RNCNvNtNtCs3rKVG2KO5gW_26threatflux_binary_analysis8analysis7entropy20has_crypto_constants0B7_
FNDA:2,_RNvNtNtCs79K5M2vLVB3_26threatflux_binary_analysis8analysis7entropy17calculate_entropy
FNDA:2,_RNvNtNtCs79K5M2vLVB3_26threatflux_binary_analysis8analysis7entropy20has_crypto_constants
FNDA:3,_RNvNtNtCs79K5M2vLVB3_26threatflux_binary_analysis8analysis7entropy25has_compression_signature
FNDA:1,_RNvNtNtNtCs79K5M2vLVB3_26threatflux_binary_analysis8analysis7entropy5testss_24test_entropy_calculation
FNDA:1,_RNvNtNtNtCs79K5M2vLVB3_26threatflux_binary_analysis8analysis7entropy5testss_31test_crypto_constants_detection
FNDA:1,_RNvNtNtNtCs79K5M2vLVB3_26threatflux_binary_analysis8analysis7entropy5testss_36test_compression_signature_detection
FNDA:0,_RNvNtNtCs79K5M2vLVB3_26threatflux_binary_analysis8analysis7entropy13detect_packer
FNDA:0,_RNvNtNtCs79K5M2vLVB3_26threatflux_binary_analysis8analysis7entropy14analyze_binary
FNDA:0,_RNvNtNtCs79K5M2vLVB3_26threatflux_binary_analysis8analysis7entropy25find_high_entropy_regions
FNDA:0,_RNvNtNtCs79K5M2vLVB3_26threatflux_binary_analysis8analysis7entropy26analyze_packing_indicators
FNDA:0,_RNvNtNtCs79K5M2vLVB3_26threatflux_binary_analysis8analysis7entropy28classify_high_entropy_region
FNDA:64,_RNCNvNtNtCs79K5M2vLVB3_26threatflux_binary_analysis8analysis7entropy20has_crypto_constants0B7_
FNDA:1024,_RNCNvNtNtNtCs79K5M2vLVB3_26threatflux_binary_analysis8analysis7entropy5testss_24test_entropy_calculation0B9_
FNF:13
FNH:12
DA:14,132
DA:15,132
DA:16,132
DA:17,132
DA:18,132
DA:19,132
DA:20,132
DA:21,132
DA:22,132
DA:23,9
DA:24,9
DA:25,9
DA:26,9
DA:27,6
DA:28,6
DA:29,6
DA:30,6
DA:34,132
DA:37,132
DA:38,132
DA:39,132
DA:40,132
DA:41,132
DA:42,132
DA:43,132
DA:44,132
DA:45,132
DA:48,15762
DA:49,15762
DA:50,0
DA:51,15762
DA:52,15762
DA:53,15762
DA:54,15762
DA:55,47287814
DA:56,47272052
DA:57,47272052
DA:60,15762
DA:61,15762
DA:63,4050834
DA:64,4035072
DA:65,20127
DA:66,20127
DA:67,4014945
DA:70,15762
DA:71,15762
DA:74,132
DA:75,132
DA:76,132
DA:77,132
DA:79,15490
DA:80,15490
DA:81,15490
DA:82,15490
DA:83,0
DA:84,0
DA:85,0
DA:86,0
DA:87,0
DA:88,0
DA:89,0
DA:90,0
DA:91,0
DA:92,0
DA:93,0
DA:94,15490
DA:97,132
DA:98,132
DA:101,0
DA:102,0
DA:103,0
DA:104,0
DA:106,0
DA:107,0
DA:108,0
DA:109,0
DA:111,0
DA:114,0
DA:116,0
DA:119,2
DA:128,5
DA:129,64
DA:130,1
DA:131,3
DA:134,1
DA:135,2
DA:138,3
DA:139,3
DA:140,0
DA:141,3
DA:144,3
DA:145,2
DA:146,1
DA:147,1
DA:148,3
DA:151,132
DA:152,132
DA:153,132
DA:154,132
DA:155,132
DA:156,132
DA:157,132
DA:158,132
DA:159,132
DA:160,132
DA:161,132
DA:162,0
DA:163,132
DA:166,132
DA:167,138
DA:168,6
DA:169,0
DA:170,0
DA:171,6
DA:174,132
DA:175,0
DA:176,132
DA:179,132
DA:180,0
DA:181,0
DA:182,132
DA:185,132
DA:186,0
DA:187,132
DA:188,0
DA:189,132
DA:190,0
DA:192,132
DA:196,132
DA:197,132
DA:198,132
DA:199,132
DA:202,132
DA:203,132
DA:204,132
DA:205,132
DA:206,132
DA:207,116
DA:208,16
DA:209,16
DA:210,16
DA:211,16
DA:212,16
DA:213,16
DA:214,0
DA:215,16
DA:216,0
DA:217,16
DA:218,0
DA:219,16
DA:220,0
DA:222,16
DA:224,132
DA:231,1
DA:232,1
DA:233,1
DA:234,1
DA:235,1
DA:238,1024
DA:239,1
DA:240,1
DA:241,1
DA:244,1
DA:245,1
DA:246,1
DA:248,1
DA:249,1
DA:250,1
DA:253,1
DA:254,1
DA:255,1
DA:256,1
DA:259,1
DA:260,1
DA:263,1
DA:264,1
DA:265,1
BRF:0
BRH:0
LF:179
LH:142
end_of_record
SF:/Users/vtriple/file-scanner/standalone-binary-analysis/src/analysis/security.rs
FN:583,_RNCNvMs_NtNtCs3rKVG2KO5gW_26threatflux_binary_analysis8analysis8securityNtB6_16SecurityAnalyzer25is_suspicious_symbol_name0Ba_
FN:562,_RNCNvMs_NtNtCs3rKVG2KO5gW_26threatflux_binary_analysis8analysis8securityNtB6_16SecurityAnalyzer26is_suspicious_section_name0Ba_
FN:599,_RNvNtNtNtCs79K5M2vLVB3_26threatflux_binary_analysis8analysis8security5testss_22test_analyzer_creation
FN:630,_RNvNtNtNtCs79K5M2vLVB3_26threatflux_binary_analysis8analysis8security5testss_22test_severity_ordering
FN:605,_RNvNtNtNtCs79K5M2vLVB3_26threatflux_binary_analysis8analysis8security5testss_28test_security_config_default
FN:622,_RNvNtNtNtCs79K5M2vLVB3_26threatflux_binary_analysis8analysis8security5testss_32test_suspicious_symbol_detection
FN:614,_RNvNtNtNtCs79K5M2vLVB3_26threatflux_binary_analysis8analysis8security5testss_33test_suspicious_section_detection
FN:566,_RNvMs_NtNtCs79K5M2vLVB3_26threatflux_binary_analysis8analysis8securityNtB4_16SecurityAnalyzer25is_suspicious_symbol_name
FN:544,_RNvMs_NtNtCs79K5M2vLVB3_26threatflux_binary_analysis8analysis8securityNtB4_16SecurityAnalyzer26is_suspicious_section_name
FN:129,_RNvMs_NtNtCs79K5M2vLVB3_26threatflux_binary_analysis8analysis8securityNtB4_16SecurityAnalyzer3new
FN:43,_RNvXNtNtCs79K5M2vLVB3_26threatflux_binary_analysis8analysis8securityNtB2_14SecurityConfigNtNtCsaTRkahAGrLL_4core7default7Default7default
FN:137,_RNvMs_NtNtCs79K5M2vLVB3_26threatflux_binary_analysis8analysis8securityNtB4_16SecurityAnalyzer11with_config
FN:178,_RNvMs_NtNtCs79K5M2vLVB3_26threatflux_binary_analysis8analysis8securityNtB4_16SecurityAnalyzer15analyze_imports
FN:310,_RNvMs_NtNtCs79K5M2vLVB3_26threatflux_binary_analysis8analysis8securityNtB4_16SecurityAnalyzer15analyze_symbols
FN:484,_RNvMs_NtNtCs79K5M2vLVB3_26threatflux_binary_analysis8analysis8securityNtB4_16SecurityAnalyzer15get_crypto_apis
FN:275,_RNvMs_NtNtCs79K5M2vLVB3_26threatflux_binary_analysis8analysis8securityNtB4_16SecurityAnalyzer16analyze_sections
FN:470,_RNvMs_NtNtCs79K5M2vLVB3_26threatflux_binary_analysis8analysis8securityNtB4_16SecurityAnalyzer16get_anti_vm_apis
FN:498,_RNvMs_NtNtCs79K5M2vLVB3_26threatflux_binary_analysis8analysis8securityNtB4_16SecurityAnalyzer16get_network_apis
FN:530,_RNvMs_NtNtCs79K5M2vLVB3_26threatflux_binary_analysis8analysis8securityNtB4_16SecurityAnalyzer17get_registry_apis
FN:454,_RNvMs_NtNtCs79K5M2vLVB3_26threatflux_binary_analysis8analysis8securityNtB4_16SecurityAnalyzer19get_anti_debug_apis
FN:514,_RNvMs_NtNtCs79K5M2vLVB3_26threatflux_binary_analysis8analysis8securityNtB4_16SecurityAnalyzer19get_filesystem_apis
FN:428,_RNvMs_NtNtCs79K5M2vLVB3_26threatflux_binary_analysis8analysis8securityNtB4_16SecurityAnalyzer19get_suspicious_apis
FN:378,_RNvMs_NtNtCs79K5M2vLVB3_26threatflux_binary_analysis8analysis8securityNtB4_16SecurityAnalyzer20calculate_risk_score
FN:331,_RNvMs_NtNtCs79K5M2vLVB3_26threatflux_binary_analysis8analysis8securityNtB4_16SecurityAnalyzer25analyze_security_features
FN:145,_RNvMs_NtNtCs79K5M2vLVB3_26threatflux_binary_analysis8analysis8securityNtB4_16SecurityAnalyzer7analyze
FN:588,_RNvNtNtCs79K5M2vLVB3_26threatflux_binary_analysis8analysis8security23analyze_binary_security
FN:583,_RNCNvMs_NtNtCs79K5M2vLVB3_26threatflux_binary_analysis8analysis8securityNtB6_16SecurityAnalyzer25is_suspicious_symbol_name0Ba_
FN:562,_RNCNvMs_NtNtCs79K5M2vLVB3_26threatflux_binary_analysis8analysis8securityNtB6_16SecurityAnalyzer26is_suspicious_section_name0Ba_
FNDA:0,_RNCNvMs_NtNtCs3rKVG2KO5gW_26threatflux_binary_analysis8analysis8securityNtB6_16SecurityAnalyzer25is_suspicious_symbol_name0Ba_
FNDA:0,_RNCNvMs_NtNtCs3rKVG2KO5gW_26threatflux_binary_analysis8analysis8securityNtB6_16SecurityAnalyzer26is_suspicious_section_name0Ba_
FNDA:1,_RNvNtNtNtCs79K5M2vLVB3_26threatflux_binary_analysis8analysis8security5testss_22test_analyzer_creation
FNDA:1,_RNvNtNtNtCs79K5M2vLVB3_26threatflux_binary_analysis8analysis8security5testss_22test_severity_ordering
FNDA:1,_RNvNtNtNtCs79K5M2vLVB3_26threatflux_binary_analysis8analysis8security5testss_28test_security_config_default
FNDA:1,_RNvNtNtNtCs79K5M2vLVB3_26threatflux_binary_analysis8analysis8security5testss_32test_suspicious_symbol_detection
FNDA:1,_RNvNtNtNtCs79K5M2vLVB3_26threatflux_binary_analysis8analysis8security5testss_33test_suspicious_section_detection
FNDA:3,_RNvMs_NtNtCs79K5M2vLVB3_26threatflux_binary_analysis8analysis8securityNtB4_16SecurityAnalyzer25is_suspicious_symbol_name
FNDA:3,_RNvMs_NtNtCs79K5M2vLVB3_26threatflux_binary_analysis8analysis8securityNtB4_16SecurityAnalyzer26is_suspicious_section_name
FNDA:3,_RNvMs_NtNtCs79K5M2vLVB3_26threatflux_binary_analysis8analysis8securityNtB4_16SecurityAnalyzer3new
FNDA:4,_RNvXNtNtCs79K5M2vLVB3_26threatflux_binary_analysis8analysis8securityNtB2_14SecurityConfigNtNtCsaTRkahAGrLL_4core7default7Default7default
FNDA:0,_RNvMs_NtNtCs79K5M2vLVB3_26threatflux_binary_analysis8analysis8securityNtB4_16SecurityAnalyzer11with_config
FNDA:0,_RNvMs_NtNtCs79K5M2vLVB3_26threatflux_binary_analysis8analysis8securityNtB4_16SecurityAnalyzer15analyze_imports
FNDA:0,_RNvMs_NtNtCs79K5M2vLVB3_26threatflux_binary_analysis8analysis8securityNtB4_16SecurityAnalyzer15analyze_symbols
FNDA:0,_RNvMs_NtNtCs79K5M2vLVB3_26threatflux_binary_analysis8analysis8securityNtB4_16SecurityAnalyzer15get_crypto_apis
FNDA:0,_RNvMs_NtNtCs79K5M2vLVB3_26threatflux_binary_analysis8analysis8securityNtB4_16SecurityAnalyzer16analyze_sections
FNDA:0,_RNvMs_NtNtCs79K5M2vLVB3_26threatflux_binary_analysis8analysis8securityNtB4_16SecurityAnalyzer16get_anti_vm_apis
FNDA:0,_RNvMs_NtNtCs79K5M2vLVB3_26threatflux_binary_analysis8analysis8securityNtB4_16SecurityAnalyzer16get_network_apis
FNDA:0,_RNvMs_NtNtCs79K5M2vLVB3_26threatflux_binary_analysis8analysis8securityNtB4_16SecurityAnalyzer17get_registry_apis
FNDA:0,_RNvMs_NtNtCs79K5M2vLVB3_26threatflux_binary_analysis8analysis8securityNtB4_16SecurityAnalyzer19get_anti_debug_apis
FNDA:0,_RNvMs_NtNtCs79K5M2vLVB3_26threatflux_binary_analysis8analysis8securityNtB4_16SecurityAnalyzer19get_filesystem_apis
FNDA:0,_RNvMs_NtNtCs79K5M2vLVB3_26threatflux_binary_analysis8analysis8securityNtB4_16SecurityAnalyzer19get_suspicious_apis
FNDA:0,_RNvMs_NtNtCs79K5M2vLVB3_26threatflux_binary_analysis8analysis8securityNtB4_16SecurityAnalyzer20calculate_risk_score
FNDA:0,_RNvMs_NtNtCs79K5M2vLVB3_26threatflux_binary_analysis8analysis8securityNtB4_16SecurityAnalyzer25analyze_security_features
FNDA:0,_RNvMs_NtNtCs79K5M2vLVB3_26threatflux_binary_analysis8analysis8securityNtB4_16SecurityAnalyzer7analyze
FNDA:0,_RNvNtNtCs79K5M2vLVB3_26threatflux_binary_analysis8analysis8security23analyze_binary_security
FNDA:13,_RNCNvMs_NtNtCs79K5M2vLVB3_26threatflux_binary_analysis8analysis8securityNtB6_16SecurityAnalyzer25is_suspicious_symbol_name0Ba_
FNDA:15,_RNCNvMs_NtNtCs79K5M2vLVB3_26threatflux_binary_analysis8analysis8securityNtB6_16SecurityAnalyzer26is_suspicious_section_name0Ba_
FNF:26
FNH:11
DA:43,4
DA:44,4
DA:45,4
DA:46,4
DA:47,4
DA:48,4
DA:49,4
DA:50,4
DA:51,4
DA:52,4
DA:53,4
DA:54,4
DA:129,3
DA:130,3
DA:131,3
DA:132,3
DA:133,3
DA:134,3
DA:137,0
DA:138,0
DA:139,0
DA:140,0
DA:141,0
DA:142,0
DA:145,0
DA:146,0
DA:147,0
DA:148,0
DA:149,0
DA:150,0
DA:151,0
DA:152,0
DA:155,0
DA:156,0
DA:157,0
DA:158,0
DA:159,0
DA:160,0
DA:161,0
DA:162,0
DA:163,0
DA:164,0
DA:165,0
DA:166,0
DA:167,0
DA:168,0
DA:169,0
DA:170,0
DA:171,0
DA:172,0
DA:173,0
DA:174,0
DA:175,0
DA:178,0
DA:179,0
DA:180,0
DA:181,0
DA:182,0
DA:183,0
DA:184,0
DA:185,0
DA:186,0
DA:187,0
DA:188,0
DA:189,0
DA:190,0
DA:192,0
DA:193,0
DA:194,0
DA:195,0
DA:196,0
DA:197,0
DA:198,0
DA:199,0
DA:200,0
DA:201,0
DA:202,0
DA:203,0
DA:204,0
DA:206,0
DA:207,0
DA:208,0
DA:209,0
DA:210,0
DA:211,0
DA:212,0
DA:213,0
DA:214,0
DA:215,0
DA:217,0
DA:218,0
DA:219,0
DA:220,0
DA:221,0
DA:222,0
DA:223,0
DA:224,0
DA:225,0
DA:226,0
DA:228,0
DA:229,0
DA:230,0
DA:231,0
DA:232,0
DA:233,0
DA:234,0
DA:235,0
DA:236,0
DA:237,0
DA:239,0
DA:240,0
DA:241,0
DA:242,0
DA:243,0
DA:244,0
DA:245,0
DA:246,0
DA:247,0
DA:248,0
DA:250,0
DA:251,0
DA:252,0
DA:253,0
DA:254,0
DA:255,0
DA:256,0
DA:257,0
DA:258,0
DA:259,0
DA:261,0
DA:262,0
DA:263,0
DA:264,0
DA:265,0
DA:266,0
DA:267,0
DA:268,0
DA:269,0
DA:270,0
DA:272,0
DA:275,0
DA:276,0
DA:277,0
DA:278,0
DA:279,0
DA:280,0
DA:281,0
DA:283,0
DA:284,0
DA:285,0
DA:286,0
DA:287,0
DA:288,0
DA:289,0
DA:290,0
DA:291,0
DA:292,0
DA:293,0
DA:294,0
DA:297,0
DA:298,0
DA:299,0
DA:300,0
DA:301,0
DA:302,0
DA:303,0
DA:304,0
DA:305,0
DA:307,0
DA:310,0
DA:311,0
DA:312,0
DA:313,0
DA:314,0
DA:315,0
DA:316,0
DA:318,0
DA:319,0
DA:320,0
DA:321,0
DA:322,0
DA:323,0
DA:324,0
DA:325,0
DA:326,0
DA:328,0
DA:331,0
DA:332,0
DA:333,0
DA:334,0
DA:335,0
DA:336,0
DA:337,0
DA:338,0
DA:339,0
DA:340,0
DA:341,0
DA:342,0
DA:343,0
DA:344,0
DA:346,0
DA:347,0
DA:348,0
DA:349,0
DA:350,0
DA:351,0
DA:352,0
DA:353,0
DA:354,0
DA:356,0
DA:357,0
DA:358,0
DA:359,0
DA:360,0
DA:361,0
DA:362,0
DA:363,0
DA:364,0
DA:366,0
DA:367,0
DA:368,0
DA:369,0
DA:370,0
DA:371,0
DA:372,0
DA:373,0
DA:374,0
DA:375,0
DA:378,0
DA:379,0
DA:380,0
DA:381,0
DA:382,0
DA:383,0
DA:384,0
DA:385,0
DA:386,0
DA:387,0
DA:388,0
DA:389,0
DA:390,0
DA:391,0
DA:392,0
DA:393,0
DA:394,0
DA:395,0
DA:396,0
DA:397,0
DA:398,0
DA:399,0
DA:400,0
DA:401,0
DA:402,0
DA:403,0
DA:404,0
DA:405,0
DA:406,0
DA:407,0
DA:408,0
DA:409,0
DA:410,0
DA:413,0
DA:414,0
DA:415,0
DA:416,0
DA:417,0
DA:418,0
DA:419,0
DA:424,0
DA:425,0
DA:428,0
DA:429,0
DA:430,0
DA:431,0
DA:432,0
DA:433,0
DA:434,0
DA:435,0
DA:436,0
DA:437,0
DA:438,0
DA:439,0
DA:440,0
DA:441,0
DA:442,0
DA:443,0
DA:444,0
DA:445,0
DA:446,0
DA:447,0
DA:448,0
DA:449,0
DA:450,0
DA:451,0
DA:454,0
DA:455,0
DA:456,0
DA:457,0
DA:458,0
DA:459,0
DA:460,0
DA:461,0
DA:462,0
DA:463,0
DA:464,0
DA:465,0
DA:466,0
DA:467,0
DA:470,0
DA:471,0
DA:472,0
DA:473,0
DA:474,0
DA:475,0
DA:476,0
DA:477,0
DA:478,0
DA:479,0
DA:480,0
DA:481,0
DA:484,0
DA:485,0
DA:486,0
DA:487,0
DA:488,0
DA:489,0
DA:490,0
DA:491,0
DA:492,0
DA:493,0
DA:494,0
DA:495,0
DA:498,0
DA:499,0
DA:500,0
DA:501,0
DA:502,0
DA:503,0
DA:504,0
DA:505,0
DA:506,0
DA:507,0
DA:508,0
DA:509,0
DA:510,0
DA:511,0
DA:514,0
DA:515,0
DA:516,0
DA:517,0
DA:518,0
DA:519,0
DA:520,0
DA:521,0
DA:522,0
DA:523,0
DA:524,0
DA:525,0
DA:526,0
DA:527,0
DA:530,0
DA:531,0
DA:532,0
DA:533,0
DA:534,0
DA:535,0
DA:536,0
DA:537,0
DA:538,0
DA:539,0
DA:540,0
DA:541,0
DA:544,3
DA:545,3
DA:546,3
DA:547,3
DA:548,3
DA:549,3
DA:550,3
DA:551,3
DA:552,3
DA:553,3
DA:554,3
DA:555,3
DA:556,3
DA:557,3
DA:558,3
DA:559,3
DA:560,3
DA:561,3
DA:562,15
DA:563,3
DA:566,3
DA:567,3
DA:568,3
DA:569,3
DA:570,3
DA:571,3
DA:572,3
DA:573,3
DA:574,3
DA:575,3
DA:576,3
DA:577,3
DA:578,3
DA:579,3
DA:580,3
DA:581,3
DA:582,3
DA:583,13
DA:584,3
DA:588,0
DA:589,0
DA:590,0
DA:591,0
DA:599,1
DA:600,1
DA:601,1
DA:602,1
DA:605,1
DA:606,1
DA:607,1
DA:608,1
DA:609,1
DA:610,1
DA:611,1
DA:614,1
DA:615,1
DA:616,1
DA:617,1
DA:618,1
DA:619,1
DA:622,1
DA:623,1
DA:624,1
DA:625,1
DA:626,1
DA:627,1
DA:630,1
DA:631,1
DA:632,1
DA:633,1
DA:634,1
DA:635,1
BRF:0
BRH:0
LF:446
LH:88
end_of_record
SF:/Users/vtriple/file-scanner/standalone-binary-analysis/src/disasm/capstone_engine.rs
FN:22,_RNCNvNtNtCs3rKVG2KO5gW_26threatflux_binary_analysis6disasm15capstone_engine11disassemble0B7_
FN:83,_RNCNvNtNtCs3rKVG2KO5gW_26threatflux_binary_analysis6disasm15capstone_engine22create_capstone_engine0B7_
FN:12,_RNvNtNtCs3rKVG2KO5gW_26threatflux_binary_analysis6disasm15capstone_engine11disassemble
FN:64,_RNvNtNtCs3rKVG2KO5gW_26threatflux_binary_analysis6disasm15capstone_engine22create_capstone_engine
FN:92,_RNCNvNtNtCs3rKVG2KO5gW_26threatflux_binary_analysis6disasm15capstone_engine27analyze_instruction_details0B7_
FN:119,_RNCNvNtNtCs3rKVG2KO5gW_26threatflux_binary_analysis6disasm15capstone_engine27analyze_instruction_detailss_0B7_
FN:88,_RNvNtNtCs3rKVG2KO5gW_26threatflux_binary_analysis6disasm15capstone_engine27analyze_instruction_details
FN:22,_RNCNvNtNtCs79K5M2vLVB3_26threatflux_binary_analysis6disasm15capstone_engine11disassemble0B7_
FN:83,_RNCNvNtNtCs79K5M2vLVB3_26threatflux_binary_analysis6disasm15capstone_engine22create_capstone_engine0B7_
FN:12,_RNvNtNtCs79K5M2vLVB3_26threatflux_binary_analysis6disasm15capstone_engine11disassemble
FN:64,_RNvNtNtCs79K5M2vLVB3_26threatflux_binary_analysis6disasm15capstone_engine22create_capstone_engine
FN:92,_RNCNvNtNtCs79K5M2vLVB3_26threatflux_binary_analysis6disasm15capstone_engine27analyze_instruction_details0B7_
FN:119,_RNCNvNtNtCs79K5M2vLVB3_26threatflux_binary_analysis6disasm15capstone_engine27analyze_instruction_detailss_0B7_
FN:88,_RNvNtNtCs79K5M2vLVB3_26threatflux_binary_analysis6disasm15capstone_engine27analyze_instruction_details
FN:152,_RNvNtNtNtCs79K5M2vLVB3_26threatflux_binary_analysis6disasm15capstone_engine5testss_20test_x86_disassembly
FN:146,_RNvNtNtNtCs79K5M2vLVB3_26threatflux_binary_analysis6disasm15capstone_engine5testss_29test_capstone_engine_creation
FN:168,_RNvNtNtNtCs79K5M2vLVB3_26threatflux_binary_analysis6disasm15capstone_engine5testss_29test_unsupported_architecture
FNDA:0,_RNCNvNtNtCs3rKVG2KO5gW_26threatflux_binary_analysis6disasm15capstone_engine11disassemble0B7_
FNDA:0,_RNCNvNtNtCs3rKVG2KO5gW_26threatflux_binary_analysis6disasm15capstone_engine22create_capstone_engine0B7_
FNDA:0,_RNvNtNtCs3rKVG2KO5gW_26threatflux_binary_analysis6disasm15capstone_engine11disassemble
FNDA:0,_RNvNtNtCs3rKVG2KO5gW_26threatflux_binary_analysis6disasm15capstone_engine22create_capstone_engine
FNDA:0,_RNCNvNtNtCs3rKVG2KO5gW_26threatflux_binary_analysis6disasm15capstone_engine27analyze_instruction_details0B7_
FNDA:0,_RNCNvNtNtCs3rKVG2KO5gW_26threatflux_binary_analysis6disasm15capstone_engine27analyze_instruction_detailss_0B7_
FNDA:0,_RNvNtNtCs3rKVG2KO5gW_26threatflux_binary_analysis6disasm15capstone_engine27analyze_instruction_details
FNDA:0,_RNCNvNtNtCs79K5M2vLVB3_26threatflux_binary_analysis6disasm15capstone_engine11disassemble0B7_
FNDA:0,_RNCNvNtNtCs79K5M2vLVB3_26threatflux_binary_analysis6disasm15capstone_engine22create_capstone_engine0B7_
FNDA:1,_RNvNtNtCs79K5M2vLVB3_26threatflux_binary_analysis6disasm15capstone_engine11disassemble
FNDA:3,_RNvNtNtCs79K5M2vLVB3_26threatflux_binary_analysis6disasm15capstone_engine22create_capstone_engine
FNDA:0,_RNCNvNtNtCs79K5M2vLVB3_26threatflux_binary_analysis6disasm15capstone_engine27analyze_instruction_details0B7_
FNDA:0,_RNCNvNtNtCs79K5M2vLVB3_26threatflux_binary_analysis6disasm15capstone_engine27analyze_instruction_detailss_0B7_
FNDA:0,_RNvNtNtCs79K5M2vLVB3_26threatflux_binary_analysis6disasm15capstone_engine27analyze_instruction_details
FNDA:1,_RNvNtNtNtCs79K5M2vLVB3_26threatflux_binary_analysis6disasm15capstone_engine5testss_20test_x86_disassembly
FNDA:1,_RNvNtNtNtCs79K5M2vLVB3_26threatflux_binary_analysis6disasm15capstone_engine5testss_29test_capstone_engine_creation
FNDA:1,_RNvNtNtNtCs79K5M2vLVB3_26threatflux_binary_analysis6disasm15capstone_engine5testss_29test_unsupported_architecture
FNF:10
FNH:5
DA:12,1
DA:13,1
DA:14,1
DA:15,1
DA:16,1
DA:17,1
DA:18,1
DA:20,1
DA:21,1
DA:22,1
DA:24,1
DA:25,1
DA:27,1
DA:28,1
DA:29,0
DA:30,1
DA:31,1
DA:32,1
DA:33,1
DA:34,1
DA:35,1
DA:36,1
DA:37,0
DA:38,1
DA:39,1
DA:40,1
DA:41,1
DA:42,1
DA:44,0
DA:47,1
DA:48,1
DA:49,1
DA:50,1
DA:51,1
DA:52,1
DA:53,1
DA:54,1
DA:55,1
DA:56,1
DA:57,1
DA:60,1
DA:61,1
DA:64,3
DA:65,3
DA:66,0
DA:67,2
DA:68,0
DA:69,0
DA:70,0
DA:71,0
DA:72,0
DA:73,0
DA:75,1
DA:76,1
DA:77,1
DA:78,1
DA:82,2
DA:83,2
DA:84,3
DA:88,0
DA:89,0
DA:90,0
DA:91,0
DA:92,0
DA:93,0
DA:94,0
DA:96,0
DA:97,0
DA:98,0
DA:99,0
DA:100,0
DA:101,0
DA:102,0
DA:103,0
DA:106,0
DA:107,0
DA:108,0
DA:110,0
DA:111,0
DA:112,0
DA:114,0
DA:115,0
DA:116,0
DA:117,0
DA:118,0
DA:119,0
DA:120,0
DA:121,0
DA:146,1
DA:147,1
DA:148,1
DA:149,1
DA:152,1
DA:153,1
DA:154,1
DA:155,1
DA:156,1
DA:157,1
DA:158,1
DA:159,1
DA:160,1
DA:161,1
DA:162,1
DA:163,1
DA:164,0
DA:165,1
DA:168,1
DA:169,1
DA:170,1
DA:171,1
BRF:0
BRH:0
LF:115
LH:70
end_of_record
SF:/Users/vtriple/file-scanner/standalone-binary-analysis/src/disasm/iced_engine.rs
FN:11,_RNvNtNtCs3rKVG2KO5gW_26threatflux_binary_analysis6disasm11iced_engine11disassemble
FN:79,_RNvNtNtCs3rKVG2KO5gW_26threatflux_binary_analysis6disasm11iced_engine14create_decoder
FN:98,_RNvNtNtCs3rKVG2KO5gW_26threatflux_binary_analysis6disasm11iced_engine16create_formatter
FN:150,_RNvNtNtCs3rKVG2KO5gW_26threatflux_binary_analysis6disasm11iced_engine17get_branch_target
FN:117,_RNvNtNtCs3rKVG2KO5gW_26threatflux_binary_analysis6disasm11iced_engine25analyze_iced_control_flow
FN:103,_RNvNtNtCs3rKVG2KO5gW_26threatflux_binary_analysis6disasm11iced_engine27parse_formatted_instruction
FN:282,_RNvNtNtCs3rKVG2KO5gW_26threatflux_binary_analysis6disasm11iced_engine18get_cpuid_features
FN:228,_RNvNtNtCs3rKVG2KO5gW_26threatflux_binary_analysis6disasm11iced_engine19format_operand_info
FN:164,_RNvNtNtCs3rKVG2KO5gW_26threatflux_binary_analysis6disasm11iced_engine27analyze_instruction_details
FN:312,_RNvNtNtNtCs79K5M2vLVB3_26threatflux_binary_analysis6disasm11iced_engine5testss_20test_iced_engine_x86
FN:297,_RNvNtNtNtCs79K5M2vLVB3_26threatflux_binary_analysis6disasm11iced_engine5testss_23test_iced_engine_x86_64
FN:334,_RNvNtNtNtCs79K5M2vLVB3_26threatflux_binary_analysis6disasm11iced_engine5testss_24test_instruction_parsing
FN:325,_RNvNtNtNtCs79K5M2vLVB3_26threatflux_binary_analysis6disasm11iced_engine5testss_29test_unsupported_architecture
FN:282,_RNvNtNtCs79K5M2vLVB3_26threatflux_binary_analysis6disasm11iced_engine18get_cpuid_features
FN:228,_RNvNtNtCs79K5M2vLVB3_26threatflux_binary_analysis6disasm11iced_engine19format_operand_info
FN:164,_RNvNtNtCs79K5M2vLVB3_26threatflux_binary_analysis6disasm11iced_engine27analyze_instruction_details
FN:11,_RNvNtNtCs79K5M2vLVB3_26threatflux_binary_analysis6disasm11iced_engine11disassemble
FN:79,_RNvNtNtCs79K5M2vLVB3_26threatflux_binary_analysis6disasm11iced_engine14create_decoder
FN:98,_RNvNtNtCs79K5M2vLVB3_26threatflux_binary_analysis6disasm11iced_engine16create_formatter
FN:150,_RNvNtNtCs79K5M2vLVB3_26threatflux_binary_analysis6disasm11iced_engine17get_branch_target
FN:117,_RNvNtNtCs79K5M2vLVB3_26threatflux_binary_analysis6disasm11iced_engine25analyze_iced_control_flow
FN:103,_RNvNtNtCs79K5M2vLVB3_26threatflux_binary_analysis6disasm11iced_engine27parse_formatted_instruction
FNDA:0,_RNvNtNtCs3rKVG2KO5gW_26threatflux_binary_analysis6disasm11iced_engine11disassemble
FNDA:0,_RNvNtNtCs3rKVG2KO5gW_26threatflux_binary_analysis6disasm11iced_engine14create_decoder
FNDA:0,_RNvNtNtCs3rKVG2KO5gW_26threatflux_binary_analysis6disasm11iced_engine16create_formatter
FNDA:0,_RNvNtNtCs3rKVG2KO5gW_26threatflux_binary_analysis6disasm11iced_engine17get_branch_target
FNDA:0,_RNvNtNtCs3rKVG2KO5gW_26threatflux_binary_analysis6disasm11iced_engine25analyze_iced_control_flow
FNDA:0,_RNvNtNtCs3rKVG2KO5gW_26threatflux_binary_analysis6disasm11iced_engine27parse_formatted_instruction
FNDA:0,_RNvNtNtCs3rKVG2KO5gW_26threatflux_binary_analysis6disasm11iced_engine18get_cpuid_features
FNDA:0,_RNvNtNtCs3rKVG2KO5gW_26threatflux_binary_analysis6disasm11iced_engine19format_operand_info
FNDA:0,_RNvNtNtCs3rKVG2KO5gW_26threatflux_binary_analysis6disasm11iced_engine27analyze_instruction_details
FNDA:1,_RNvNtNtNtCs79K5M2vLVB3_26threatflux_binary_analysis6disasm11iced_engine5testss_20test_iced_engine_x86
FNDA:1,_RNvNtNtNtCs79K5M2vLVB3_26threatflux_binary_analysis6disasm11iced_engine5testss_23test_iced_engine_x86_64
FNDA:1,_RNvNtNtNtCs79K5M2vLVB3_26threatflux_binary_analysis6disasm11iced_engine5testss_24test_instruction_parsing
FNDA:1,_RNvNtNtNtCs79K5M2vLVB3_26threatflux_binary_analysis6disasm11iced_engine5testss_29test_unsupported_architecture
FNDA:0,_RNvNtNtCs79K5M2vLVB3_26threatflux_binary_analysis6disasm11iced_engine18get_cpuid_features
FNDA:0,_RNvNtNtCs79K5M2vLVB3_26threatflux_binary_analysis6disasm11iced_engine19format_operand_info
FNDA:0,_RNvNtNtCs79K5M2vLVB3_26threatflux_binary_analysis6disasm11iced_engine27analyze_instruction_details
FNDA:3,_RNvNtNtCs79K5M2vLVB3_26threatflux_binary_analysis6disasm11iced_engine11disassemble
FNDA:2,_RNvNtNtCs79K5M2vLVB3_26threatflux_binary_analysis6disasm11iced_engine14create_decoder
FNDA:2,_RNvNtNtCs79K5M2vLVB3_26threatflux_binary_analysis6disasm11iced_engine16create_formatter
FNDA:0,_RNvNtNtCs79K5M2vLVB3_26threatflux_binary_analysis6disasm11iced_engine17get_branch_target
FNDA:2,_RNvNtNtCs79K5M2vLVB3_26threatflux_binary_analysis6disasm11iced_engine25analyze_iced_control_flow
FNDA:4,_RNvNtNtCs79K5M2vLVB3_26threatflux_binary_analysis6disasm11iced_engine27parse_formatted_instruction
FNF:13
FNH:9
DA:11,3
DA:12,3
DA:13,3
DA:14,3
DA:15,3
DA:16,3
DA:18,3
DA:19,1
DA:20,1
DA:22,1
DA:23,1
DA:24,1
DA:25,1
DA:29,2
DA:30,2
DA:31,2
DA:32,2
DA:33,2
DA:34,2
DA:35,2
DA:37,4
DA:38,2
DA:39,2
DA:40,2
DA:41,0
DA:42,2
DA:43,2
DA:44,2
DA:45,2
DA:46,2
DA:47,2
DA:48,2
DA:49,2
DA:50,2
DA:51,2
DA:52,2
DA:54,0
DA:57,2
DA:58,2
DA:59,2
DA:60,2
DA:61,2
DA:62,2
DA:63,2
DA:64,2
DA:65,2
DA:66,2
DA:67,2
DA:68,2
DA:69,2
DA:70,2
DA:71,2
DA:72,2
DA:75,2
DA:76,3
DA:79,2
DA:80,2
DA:82,2
DA:83,0
DA:84,1
DA:85,1
DA:87,0
DA:88,0
DA:89,0
DA:90,0
DA:94,2
DA:95,2
DA:98,2
DA:99,2
DA:100,2
DA:103,4
DA:104,4
DA:105,4
DA:106,4
DA:107,4
DA:108,1
DA:110,3
DA:113,4
DA:114,4
DA:117,2
DA:118,2
DA:119,2
DA:121,0
DA:122,0
DA:124,0
DA:128,0
DA:129,0
DA:131,0
DA:135,0
DA:136,0
DA:138,0
DA:141,0
DA:142,0
DA:143,0
DA:144,0
DA:145,0
DA:147,2
DA:150,0
DA:151,0
DA:152,0
DA:154,0
DA:156,0
DA:159,0
DA:160,0
DA:164,0
DA:165,0
DA:166,0
DA:167,0
DA:168,0
DA:171,0
DA:172,0
DA:173,0
DA:176,0
DA:177,0
DA:178,0
DA:183,0
DA:184,0
DA:185,0
DA:186,0
DA:187,0
DA:188,0
DA:189,0
DA:190,0
DA:191,0
DA:192,0
DA:195,0
DA:196,0
DA:197,0
DA:198,0
DA:199,0
DA:200,0
DA:201,0
DA:202,0
DA:203,0
DA:204,0
DA:228,0
DA:229,0
DA:231,0
DA:234,0
DA:237,0
DA:238,0
DA:239,0
DA:240,0
DA:241,0
DA:244,0
DA:247,0
DA:250,0
DA:253,0
DA:256,0
DA:259,0
DA:262,0
DA:265,0
DA:268,0
DA:269,0
DA:270,0
DA:271,0
DA:272,0
DA:273,0
DA:274,0
DA:276,0
DA:278,0
DA:282,0
DA:283,0
DA:285,0
DA:286,0
DA:287,0
DA:289,0
DA:290,0
DA:297,1
DA:298,1
DA:299,1
DA:300,1
DA:301,1
DA:302,1
DA:303,1
DA:304,1
DA:305,1
DA:306,1
DA:307,1
DA:308,1
DA:309,1
DA:312,1
DA:313,1
DA:314,1
DA:315,1
DA:316,1
DA:317,1
DA:318,1
DA:319,1
DA:320,1
DA:321,1
DA:322,1
DA:325,1
DA:326,1
DA:327,1
DA:328,1
DA:329,1
DA:330,1
DA:331,1
DA:334,1
DA:335,1
DA:336,1
DA:337,1
DA:339,1
DA:340,1
DA:341,1
DA:342,1
BRF:0
BRH:0
LF:207
LH:115
end_of_record
SF:/Users/vtriple/file-scanner/standalone-binary-analysis/src/disasm/mod.rs
FN:81,_RNvMs_NtCs3rKVG2KO5gW_26threatflux_binary_analysis6disasmNtB4_12Disassembler11disassemble
FN:73,_RNvMs_NtCs3rKVG2KO5gW_26threatflux_binary_analysis6disasmNtB4_12Disassembler11with_config
FN:155,_RNvMs_NtCs3rKVG2KO5gW_26threatflux_binary_analysis6disasmNtB4_12Disassembler13select_engine
FN:139,_RNvMs_NtCs3rKVG2KO5gW_26threatflux_binary_analysis6disasmNtB4_12Disassembler14disassemble_at
FN:114,_RNvMs_NtCs3rKVG2KO5gW_26threatflux_binary_analysis6disasmNtB4_12Disassembler19disassemble_section
FN:65,_RNvMs_NtCs3rKVG2KO5gW_26threatflux_binary_analysis6disasmNtB4_12Disassembler3new
FN:201,_RNvNtCs3rKVG2KO5gW_26threatflux_binary_analysis6disasm18disassemble_binary
FN:305,_RNvNtCs3rKVG2KO5gW_26threatflux_binary_analysis6disasm20analyze_control_flow
FN:238,_RNvNtCs3rKVG2KO5gW_26threatflux_binary_analysis6disasm22categorize_instruction
FN:338,_RNvNtCs3rKVG2KO5gW_26threatflux_binary_analysis6disasm29extract_address_from_operands
FN:46,_RNvXNtCs3rKVG2KO5gW_26threatflux_binary_analysis6disasmNtB2_17DisassemblyConfigNtNtCsaTRkahAGrLL_4core7default7Default7default
FN:65,_RNvMs_NtCs79K5M2vLVB3_26threatflux_binary_analysis6disasmNtB4_12Disassembler3new
FN:305,_RNvNtCs79K5M2vLVB3_26threatflux_binary_analysis6disasm20analyze_control_flow
FN:238,_RNvNtCs79K5M2vLVB3_26threatflux_binary_analysis6disasm22categorize_instruction
FN:338,_RNvNtCs79K5M2vLVB3_26threatflux_binary_analysis6disasm29extract_address_from_operands
FN:46,_RNvXNtCs79K5M2vLVB3_26threatflux_binary_analysis6disasmNtB2_17DisassemblyConfigNtNtCsaTRkahAGrLL_4core7default7Default7default
FN:81,_RNvMs_NtCs79K5M2vLVB3_26threatflux_binary_analysis6disasmNtB4_12Disassembler11disassemble
FN:73,_RNvMs_NtCs79K5M2vLVB3_26threatflux_binary_analysis6disasmNtB4_12Disassembler11with_config
FN:155,_RNvMs_NtCs79K5M2vLVB3_26threatflux_binary_analysis6disasmNtB4_12Disassembler13select_engine
FN:139,_RNvMs_NtCs79K5M2vLVB3_26threatflux_binary_analysis6disasmNtB4_12Disassembler14disassemble_at
FN:114,_RNvMs_NtCs79K5M2vLVB3_26threatflux_binary_analysis6disasmNtB4_12Disassembler19disassemble_section
FN:201,_RNvNtCs79K5M2vLVB3_26threatflux_binary_analysis6disasm18disassemble_binary
FN:369,_RNvNtNtCs79K5M2vLVB3_26threatflux_binary_analysis6disasm5testss_19test_config_default
FN:414,_RNvNtNtCs79K5M2vLVB3_26threatflux_binary_analysis6disasm5testss_23test_address_extraction
FN:393,_RNvNtNtCs79K5M2vLVB3_26threatflux_binary_analysis6disasm5testss_26test_control_flow_analysis
FN:363,_RNvNtNtCs79K5M2vLVB3_26threatflux_binary_analysis6disasm5testss_26test_disassembler_creation
FN:378,_RNvNtNtCs79K5M2vLVB3_26threatflux_binary_analysis6disasm5testss_31test_instruction_categorization
FNDA:0,_RNvMs_NtCs3rKVG2KO5gW_26threatflux_binary_analysis6disasmNtB4_12Disassembler11disassemble
FNDA:132,_RNvMs_NtCs3rKVG2KO5gW_26threatflux_binary_analysis6disasmNtB4_12Disassembler11with_config
FNDA:0,_RNvMs_NtCs3rKVG2KO5gW_26threatflux_binary_analysis6disasmNtB4_12Disassembler13select_engine
FNDA:0,_RNvMs_NtCs3rKVG2KO5gW_26threatflux_binary_analysis6disasmNtB4_12Disassembler14disassemble_at
FNDA:0,_RNvMs_NtCs3rKVG2KO5gW_26threatflux_binary_analysis6disasmNtB4_12Disassembler19disassemble_section
FNDA:0,_RNvMs_NtCs3rKVG2KO5gW_26threatflux_binary_analysis6disasmNtB4_12Disassembler3new
FNDA:132,_RNvNtCs3rKVG2KO5gW_26threatflux_binary_analysis6disasm18disassemble_binary
FNDA:0,_RNvNtCs3rKVG2KO5gW_26threatflux_binary_analysis6disasm20analyze_control_flow
FNDA:0,_RNvNtCs3rKVG2KO5gW_26threatflux_binary_analysis6disasm22categorize_instruction
FNDA:0,_RNvNtCs3rKVG2KO5gW_26threatflux_binary_analysis6disasm29extract_address_from_operands
FNDA:0,_RNvXNtCs3rKVG2KO5gW_26threatflux_binary_analysis6disasmNtB2_17DisassemblyConfigNtNtCsaTRkahAGrLL_4core7default7Default7default
FNDA:1,_RNvMs_NtCs79K5M2vLVB3_26threatflux_binary_analysis6disasmNtB4_12Disassembler3new
FNDA:6,_RNvNtCs79K5M2vLVB3_26threatflux_binary_analysis6disasm20analyze_control_flow
FNDA:8,_RNvNtCs79K5M2vLVB3_26threatflux_binary_analysis6disasm22categorize_instruction
FNDA:6,_RNvNtCs79K5M2vLVB3_26threatflux_binary_analysis6disasm29extract_address_from_operands
FNDA:6,_RNvXNtCs79K5M2vLVB3_26threatflux_binary_analysis6disasmNtB2_17DisassemblyConfigNtNtCsaTRkahAGrLL_4core7default7Default7default
FNDA:0,_RNvMs_NtCs79K5M2vLVB3_26threatflux_binary_analysis6disasmNtB4_12Disassembler11disassemble
FNDA:0,_RNvMs_NtCs79K5M2vLVB3_26threatflux_binary_analysis6disasmNtB4_12Disassembler11with_config
FNDA:0,_RNvMs_NtCs79K5M2vLVB3_26threatflux_binary_analysis6disasmNtB4_12Disassembler13select_engine
FNDA:0,_RNvMs_NtCs79K5M2vLVB3_26threatflux_binary_analysis6disasmNtB4_12Disassembler14disassemble_at
FNDA:0,_RNvMs_NtCs79K5M2vLVB3_26threatflux_binary_analysis6disasmNtB4_12Disassembler19disassemble_section
FNDA:0,_RNvNtCs79K5M2vLVB3_26threatflux_binary_analysis6disasm18disassemble_binary
FNDA:1,_RNvNtNtCs79K5M2vLVB3_26threatflux_binary_analysis6disasm5testss_19test_config_default
FNDA:1,_RNvNtNtCs79K5M2vLVB3_26threatflux_binary_analysis6disasm5testss_23test_address_extraction
FNDA:1,_RNvNtNtCs79K5M2vLVB3_26threatflux_binary_analysis6disasm5testss_26test_control_flow_analysis
FNDA:1,_RNvNtNtCs79K5M2vLVB3_26threatflux_binary_analysis6disasm5testss_26test_disassembler_creation
FNDA:1,_RNvNtNtCs79K5M2vLVB3_26threatflux_binary_analysis6disasm5testss_31test_instruction_categorization
FNF:16
FNH:12
DA:46,6
DA:47,6
DA:48,6
DA:49,6
DA:50,6
DA:51,6
DA:52,6
DA:53,6
DA:54,6
DA:65,1
DA:66,1
DA:67,1
DA:68,1
DA:69,1
DA:70,1
DA:73,132
DA:74,132
DA:75,132
DA:76,132
DA:77,132
DA:78,132
DA:81,0
DA:82,0
DA:84,0
DA:87,0
DA:91,0
DA:97,0
DA:111,0
DA:114,0
DA:115,0
DA:116,0
DA:117,0
DA:118,0
DA:119,0
DA:120,0
DA:121,0
DA:122,0
DA:125,0
DA:126,0
DA:127,0
DA:129,0
DA:132,0
DA:133,0
DA:134,0
DA:135,0
DA:136,0
DA:139,0
DA:140,0
DA:141,0
DA:142,0
DA:143,0
DA:144,0
DA:145,0
DA:146,0
DA:147,0
DA:148,0
DA:149,0
DA:150,0
DA:151,0
DA:152,0
DA:155,0
DA:156,0
DA:158,0
DA:160,0
DA:163,0
DA:167,0
DA:184,0
DA:197,0
DA:201,132
DA:202,132
DA:203,132
DA:204,132
DA:205,132
DA:206,132
DA:207,132
DA:208,132
DA:209,132
DA:210,132
DA:211,132
DA:213,132
DA:215,132
DA:218,132
DA:219,9
DA:220,0
DA:221,0
DA:222,0
DA:223,0
DA:224,0
DA:227,0
DA:230,0
DA:231,9
DA:234,132
DA:235,132
DA:238,8
DA:239,8
DA:240,8
DA:241,8
DA:242,7
DA:243,7
DA:244,7
DA:245,7
DA:246,7
DA:248,1
DA:249,7
DA:250,6
DA:251,6
DA:252,6
DA:253,6
DA:254,6
DA:256,1
DA:257,6
DA:258,5
DA:259,5
DA:260,5
DA:261,5
DA:262,5
DA:264,1
DA:265,5
DA:266,4
DA:267,4
DA:268,4
DA:269,4
DA:270,4
DA:271,4
DA:272,4
DA:273,4
DA:275,1
DA:276,4
DA:277,4
DA:278,3
DA:279,3
DA:281,1
DA:282,3
DA:283,3
DA:284,3
DA:286,0
DA:287,3
DA:288,3
DA:289,3
DA:290,3
DA:292,0
DA:293,3
DA:294,3
DA:295,3
DA:296,3
DA:298,0
DA:300,3
DA:302,8
DA:305,6
DA:306,6
DA:307,6
DA:308,6
DA:309,1
DA:310,5
DA:312,1
DA:313,1
DA:315,0
DA:317,4
DA:318,1
DA:319,1
DA:321,0
DA:323,3
DA:325,1
DA:326,1
DA:328,0
DA:330,2
DA:331,0
DA:333,2
DA:335,6
DA:338,6
DA:343,6
DA:344,4
DA:345,4
DA:346,0
DA:347,2
DA:350,2
DA:351,1
DA:352,1
DA:353,1
DA:354,1
DA:355,6
DA:363,1
DA:364,1
DA:365,1
DA:366,1
DA:369,1
DA:370,1
DA:371,1
DA:372,1
DA:373,1
DA:374,1
DA:375,1
DA:378,1
DA:379,1
DA:380,1
DA:381,1
DA:382,1
DA:383,1
DA:384,1
DA:385,1
DA:386,1
DA:387,1
DA:388,1
DA:389,1
DA:390,1
DA:393,1
DA:394,1
DA:395,1
DA:396,1
DA:397,1
DA:398,1
DA:399,1
DA:400,1
DA:401,1
DA:402,1
DA:403,1
DA:404,1
DA:405,1
DA:406,1
DA:407,1
DA:408,1
DA:409,1
DA:410,1
DA:411,1
DA:414,1
DA:415,1
DA:416,1
DA:417,1
DA:418,1
BRF:0
BRH:0
LF:229
LH:167
end_of_record
SF:/Users/vtriple/file-scanner/standalone-binary-analysis/src/error.rs
FN:65,_RNvXNtCs3rKVG2KO5gW_26threatflux_binary_analysis5errorNtB2_11BinaryErrorINtNtCsaTRkahAGrLL_4core7convert4FromNtNtCshyAAPZQQkwt_6goblin5error5ErrorE4from
FN:79,_RNvXs0_NtCs3rKVG2KO5gW_26threatflux_binary_analysis5errorNtB5_11BinaryErrorINtNtCsaTRkahAGrLL_4core7convert4FromNtNtCs1FpiPfO9teF_10wasmparser13binary_reader17BinaryReaderErrorE4from
FN:72,_RNvXs_NtCs3rKVG2KO5gW_26threatflux_binary_analysis5errorNtB4_11BinaryErrorINtNtCsaTRkahAGrLL_4core7convert4FromNtNtCs4oiOcKCEHgj_8capstone5error5ErrorE4from
FN:126,_RINvMs1_NtCs3rKVG2KO5gW_26threatflux_binary_analysis5errorNtB6_11BinaryError10memory_mapNtNtCsfmASsVe1tYz_5alloc6string6StringEB8_
FN:106,_RINvMs1_NtCs3rKVG2KO5gW_26threatflux_binary_analysis5errorNtB6_11BinaryError11disassemblyNtNtCsfmASsVe1tYz_5alloc6string6StringEB8_
FN:101,_RINvMs1_NtCs3rKVG2KO5gW_26threatflux_binary_analysis5errorNtB6_11BinaryError12invalid_dataNtNtCsfmASsVe1tYz_5alloc6string6StringEB8_
FN:101,_RINvMs1_NtCs3rKVG2KO5gW_26threatflux_binary_analysis5errorNtB6_11BinaryError12invalid_dataReEB8_
FN:96,_RINvMs1_NtCs3rKVG2KO5gW_26threatflux_binary_analysis5errorNtB6_11BinaryError16unsupported_archNtNtCsfmASsVe1tYz_5alloc6string6StringEB8_
FN:91,_RINvMs1_NtCs3rKVG2KO5gW_26threatflux_binary_analysis5errorNtB6_11BinaryError18unsupported_formatNtNtCsfmASsVe1tYz_5alloc6string6StringEB8_
FN:91,_RINvMs1_NtCs3rKVG2KO5gW_26threatflux_binary_analysis5errorNtB6_11BinaryError18unsupported_formatReEB8_
FN:111,_RINvMs1_NtCs3rKVG2KO5gW_26threatflux_binary_analysis5errorNtB6_11BinaryError12control_flowpEB8_
FN:136,_RINvMs1_NtCs3rKVG2KO5gW_26threatflux_binary_analysis5errorNtB6_11BinaryError21feature_not_availablepEB8_
FN:86,_RINvMs1_NtCs3rKVG2KO5gW_26threatflux_binary_analysis5errorNtB6_11BinaryError5parsepEB8_
FN:131,_RINvMs1_NtCs3rKVG2KO5gW_26threatflux_binary_analysis5errorNtB6_11BinaryError6configpEB8_
FN:116,_RINvMs1_NtCs3rKVG2KO5gW_26threatflux_binary_analysis5errorNtB6_11BinaryError6symbolpEB8_
FN:121,_RINvMs1_NtCs3rKVG2KO5gW_26threatflux_binary_analysis5errorNtB6_11BinaryError7entropypEB8_
FN:141,_RINvMs1_NtCs3rKVG2KO5gW_26threatflux_binary_analysis5errorNtB6_11BinaryError8internalpEB8_
FN:126,_RINvMs1_NtCs79K5M2vLVB3_26threatflux_binary_analysis5errorNtB6_11BinaryError10memory_mapNtNtCsfmASsVe1tYz_5alloc6string6StringEB8_
FN:106,_RINvMs1_NtCs79K5M2vLVB3_26threatflux_binary_analysis5errorNtB6_11BinaryError11disassemblyNtNtCsfmASsVe1tYz_5alloc6string6StringEB8_
FN:101,_RINvMs1_NtCs79K5M2vLVB3_26threatflux_binary_analysis5errorNtB6_11BinaryError12invalid_dataNtNtCsfmASsVe1tYz_5alloc6string6StringEB8_
FN:101,_RINvMs1_NtCs79K5M2vLVB3_26threatflux_binary_analysis5errorNtB6_11BinaryError12invalid_dataReEB8_
FN:96,_RINvMs1_NtCs79K5M2vLVB3_26threatflux_binary_analysis5errorNtB6_11BinaryError16unsupported_archNtNtCsfmASsVe1tYz_5alloc6string6StringEB8_
FN:111,_RINvMs1_NtCs79K5M2vLVB3_26threatflux_binary_analysis5errorNtB6_11BinaryError12control_flowpEB8_
FN:91,_RINvMs1_NtCs79K5M2vLVB3_26threatflux_binary_analysis5errorNtB6_11BinaryError18unsupported_formatpEB8_
FN:136,_RINvMs1_NtCs79K5M2vLVB3_26threatflux_binary_analysis5errorNtB6_11BinaryError21feature_not_availablepEB8_
FN:86,_RINvMs1_NtCs79K5M2vLVB3_26threatflux_binary_analysis5errorNtB6_11BinaryError5parsepEB8_
FN:131,_RINvMs1_NtCs79K5M2vLVB3_26threatflux_binary_analysis5errorNtB6_11BinaryError6configpEB8_
FN:116,_RINvMs1_NtCs79K5M2vLVB3_26threatflux_binary_analysis5errorNtB6_11BinaryError6symbolpEB8_
FN:121,_RINvMs1_NtCs79K5M2vLVB3_26threatflux_binary_analysis5errorNtB6_11BinaryError7entropypEB8_
FN:141,_RINvMs1_NtCs79K5M2vLVB3_26threatflux_binary_analysis5errorNtB6_11BinaryError8internalpEB8_
FN:65,_RNvXNtCs79K5M2vLVB3_26threatflux_binary_analysis5errorNtB2_11BinaryErrorINtNtCsaTRkahAGrLL_4core7convert4FromNtNtCshyAAPZQQkwt_6goblin5error5ErrorE4from
FN:79,_RNvXs0_NtCs79K5M2vLVB3_26threatflux_binary_analysis5errorNtB5_11BinaryErrorINtNtCsaTRkahAGrLL_4core7convert4FromNtNtCs1FpiPfO9teF_10wasmparser13binary_reader17BinaryReaderErrorE4from
FN:72,_RNvXs_NtCs79K5M2vLVB3_26threatflux_binary_analysis5errorNtB4_11BinaryErrorINtNtCsaTRkahAGrLL_4core7convert4FromNtNtCs4oiOcKCEHgj_8capstone5error5ErrorE4from
FNDA:4,_RNvXNtCs3rKVG2KO5gW_26threatflux_binary_analysis5errorNtB2_11BinaryErrorINtNtCsaTRkahAGrLL_4core7convert4FromNtNtCshyAAPZQQkwt_6goblin5error5ErrorE4from
FNDA:0,_RNvXs0_NtCs3rKVG2KO5gW_26threatflux_binary_analysis5errorNtB5_11BinaryErrorINtNtCsaTRkahAGrLL_4core7convert4FromNtNtCs1FpiPfO9teF_10wasmparser13binary_reader17BinaryReaderErrorE4from
FNDA:0,_RNvXs_NtCs3rKVG2KO5gW_26threatflux_binary_analysis5errorNtB4_11BinaryErrorINtNtCsaTRkahAGrLL_4core7convert4FromNtNtCs4oiOcKCEHgj_8capstone5error5ErrorE4from
FNDA:0,_RINvMs1_NtCs3rKVG2KO5gW_26threatflux_binary_analysis5errorNtB6_11BinaryError10memory_mapNtNtCsfmASsVe1tYz_5alloc6string6StringEB8_
FNDA:0,_RINvMs1_NtCs3rKVG2KO5gW_26threatflux_binary_analysis5errorNtB6_11BinaryError11disassemblyNtNtCsfmASsVe1tYz_5alloc6string6StringEB8_
FNDA:0,_RINvMs1_NtCs3rKVG2KO5gW_26threatflux_binary_analysis5errorNtB6_11BinaryError12invalid_dataNtNtCsfmASsVe1tYz_5alloc6string6StringEB8_
FNDA:5,_RINvMs1_NtCs3rKVG2KO5gW_26threatflux_binary_analysis5errorNtB6_11BinaryError12invalid_dataReEB8_
FNDA:0,_RINvMs1_NtCs3rKVG2KO5gW_26threatflux_binary_analysis5errorNtB6_11BinaryError16unsupported_archNtNtCsfmASsVe1tYz_5alloc6string6StringEB8_
FNDA:6,_RINvMs1_NtCs3rKVG2KO5gW_26threatflux_binary_analysis5errorNtB6_11BinaryError18unsupported_formatNtNtCsfmASsVe1tYz_5alloc6string6StringEB8_
FNDA:0,_RINvMs1_NtCs3rKVG2KO5gW_26threatflux_binary_analysis5errorNtB6_11BinaryError18unsupported_formatReEB8_
FNDA:0,_RINvMs1_NtCs3rKVG2KO5gW_26threatflux_binary_analysis5errorNtB6_11BinaryError12control_flowpEB8_
FNDA:0,_RINvMs1_NtCs3rKVG2KO5gW_26threatflux_binary_analysis5errorNtB6_11BinaryError21feature_not_availablepEB8_
FNDA:0,_RINvMs1_NtCs3rKVG2KO5gW_26threatflux_binary_analysis5errorNtB6_11BinaryError5parsepEB8_
FNDA:0,_RINvMs1_NtCs3rKVG2KO5gW_26threatflux_binary_analysis5errorNtB6_11BinaryError6configpEB8_
FNDA:0,_RINvMs1_NtCs3rKVG2KO5gW_26threatflux_binary_analysis5errorNtB6_11BinaryError6symbolpEB8_
FNDA:0,_RINvMs1_NtCs3rKVG2KO5gW_26threatflux_binary_analysis5errorNtB6_11BinaryError7entropypEB8_
FNDA:0,_RINvMs1_NtCs3rKVG2KO5gW_26threatflux_binary_analysis5errorNtB6_11BinaryError8internalpEB8_
FNDA:0,_RINvMs1_NtCs79K5M2vLVB3_26threatflux_binary_analysis5errorNtB6_11BinaryError10memory_mapNtNtCsfmASsVe1tYz_5alloc6string6StringEB8_
FNDA:0,_RINvMs1_NtCs79K5M2vLVB3_26threatflux_binary_analysis5errorNtB6_11BinaryError11disassemblyNtNtCsfmASsVe1tYz_5alloc6string6StringEB8_
FNDA:0,_RINvMs1_NtCs79K5M2vLVB3_26threatflux_binary_analysis5errorNtB6_11BinaryError12invalid_dataNtNtCsfmASsVe1tYz_5alloc6string6StringEB8_
FNDA:0,_RINvMs1_NtCs79K5M2vLVB3_26threatflux_binary_analysis5errorNtB6_11BinaryError12invalid_dataReEB8_
FNDA:2,_RINvMs1_NtCs79K5M2vLVB3_26threatflux_binary_analysis5errorNtB6_11BinaryError16unsupported_archNtNtCsfmASsVe1tYz_5alloc6string6StringEB8_
FNDA:0,_RINvMs1_NtCs79K5M2vLVB3_26threatflux_binary_analysis5errorNtB6_11BinaryError12control_flowpEB8_
FNDA:0,_RINvMs1_NtCs79K5M2vLVB3_26threatflux_binary_analysis5errorNtB6_11BinaryError18unsupported_formatpEB8_
FNDA:0,_RINvMs1_NtCs79K5M2vLVB3_26threatflux_binary_analysis5errorNtB6_11BinaryError21feature_not_availablepEB8_
FNDA:0,_RINvMs1_NtCs79K5M2vLVB3_26threatflux_binary_analysis5errorNtB6_11BinaryError5parsepEB8_
FNDA:0,_RINvMs1_NtCs79K5M2vLVB3_26threatflux_binary_analysis5errorNtB6_11BinaryError6configpEB8_
FNDA:0,_RINvMs1_NtCs79K5M2vLVB3_26threatflux_binary_analysis5errorNtB6_11BinaryError6symbolpEB8_
FNDA:0,_RINvMs1_NtCs79K5M2vLVB3_26threatflux_binary_analysis5errorNtB6_11BinaryError7entropypEB8_
FNDA:0,_RINvMs1_NtCs79K5M2vLVB3_26threatflux_binary_analysis5errorNtB6_11BinaryError8internalpEB8_
FNDA:0,_RNvXNtCs79K5M2vLVB3_26threatflux_binary_analysis5errorNtB2_11BinaryErrorINtNtCsaTRkahAGrLL_4core7convert4FromNtNtCshyAAPZQQkwt_6goblin5error5ErrorE4from
FNDA:0,_RNvXs0_NtCs79K5M2vLVB3_26threatflux_binary_analysis5errorNtB5_11BinaryErrorINtNtCsaTRkahAGrLL_4core7convert4FromNtNtCs1FpiPfO9teF_10wasmparser13binary_reader17BinaryReaderErrorE4from
FNDA:0,_RNvXs_NtCs79K5M2vLVB3_26threatflux_binary_analysis5errorNtB4_11BinaryErrorINtNtCsaTRkahAGrLL_4core7convert4FromNtNtCs4oiOcKCEHgj_8capstone5error5ErrorE4from
FNF:15
FNH:4
DA:65,4
DA:66,4
DA:67,4
DA:72,0
DA:73,0
DA:74,0
DA:79,0
DA:80,0
DA:81,0
DA:86,0
DA:87,0
DA:88,0
DA:91,6
DA:92,6
DA:93,6
DA:96,2
DA:97,2
DA:98,2
DA:101,5
DA:102,5
DA:103,5
DA:106,0
DA:107,0
DA:108,0
DA:111,0
DA:112,0
DA:113,0
DA:116,0
DA:117,0
DA:118,0
DA:121,0
DA:122,0
DA:123,0
DA:126,0
DA:127,0
DA:128,0
DA:131,0
DA:132,0
DA:133,0
DA:136,0
DA:137,0
DA:138,0
DA:141,0
DA:142,0
DA:143,0
BRF:0
BRH:0
LF:45
LH:12
end_of_record
SF:/Users/vtriple/file-scanner/standalone-binary-analysis/src/formats/elf.rs
FN:41,_RNvMs_NtNtCs3rKVG2KO5gW_26threatflux_binary_analysis7formats3elfNtB4_9ElfBinary3new
FN:350,_RNvNtNtCs3rKVG2KO5gW_26threatflux_binary_analysis7formats3elf12try_demangle
FN:212,_RNvNtNtCs3rKVG2KO5gW_26threatflux_binary_analysis7formats3elf13parse_symbols
FN:141,_RNvNtNtCs3rKVG2KO5gW_26threatflux_binary_analysis7formats3elf14parse_sections
FN:337,_RNvNtNtCs3rKVG2KO5gW_26threatflux_binary_analysis7formats3elf21extract_compiler_info
FN:273,_RNvNtNtCs3rKVG2KO5gW_26threatflux_binary_analysis7formats3elf21parse_imports_exports
FN:311,_RNvNtNtCs3rKVG2KO5gW_26threatflux_binary_analysis7formats3elf25analyze_security_features
FN:17,_RNvXNtNtCs3rKVG2KO5gW_26threatflux_binary_analysis7formats3elfNtB2_9ElfParserNtNtB6_5types18BinaryFormatParser5parse
FN:22,_RNvXNtNtCs3rKVG2KO5gW_26threatflux_binary_analysis7formats3elfNtB2_9ElfParserNtNtB6_5types18BinaryFormatParser9can_parse
FN:116,_RNvXs0_NtNtCs3rKVG2KO5gW_26threatflux_binary_analysis7formats3elfNtB5_9ElfBinaryNtNtB9_5types17BinaryFormatTrait11entry_point
FN:108,_RNvXs0_NtNtCs3rKVG2KO5gW_26threatflux_binary_analysis7formats3elfNtB5_9ElfBinaryNtNtB9_5types17BinaryFormatTrait11format_type
FN:112,_RNvXs0_NtNtCs3rKVG2KO5gW_26threatflux_binary_analysis7formats3elfNtB5_9ElfBinaryNtNtB9_5types17BinaryFormatTrait12architecture
FN:132,_RNvXs0_NtNtCs3rKVG2KO5gW_26threatflux_binary_analysis7formats3elfNtB5_9ElfBinaryNtNtB9_5types17BinaryFormatTrait7exports
FN:128,_RNvXs0_NtNtCs3rKVG2KO5gW_26threatflux_binary_analysis7formats3elfNtB5_9ElfBinaryNtNtB9_5types17BinaryFormatTrait7imports
FN:124,_RNvXs0_NtNtCs3rKVG2KO5gW_26threatflux_binary_analysis7formats3elfNtB5_9ElfBinaryNtNtB9_5types17BinaryFormatTrait7symbols
FN:136,_RNvXs0_NtNtCs3rKVG2KO5gW_26threatflux_binary_analysis7formats3elfNtB5_9ElfBinaryNtNtB9_5types17BinaryFormatTrait8metadata
FN:120,_RNvXs0_NtNtCs3rKVG2KO5gW_26threatflux_binary_analysis7formats3elfNtB5_9ElfBinaryNtNtB9_5types17BinaryFormatTrait8sections
FN:41,_RNvMs_NtNtCs79K5M2vLVB3_26threatflux_binary_analysis7formats3elfNtB4_9ElfBinary3new
FN:350,_RNvNtNtCs79K5M2vLVB3_26threatflux_binary_analysis7formats3elf12try_demangle
FN:212,_RNvNtNtCs79K5M2vLVB3_26threatflux_binary_analysis7formats3elf13parse_symbols
FN:141,_RNvNtNtCs79K5M2vLVB3_26threatflux_binary_analysis7formats3elf14parse_sections
FN:337,_RNvNtNtCs79K5M2vLVB3_26threatflux_binary_analysis7formats3elf21extract_compiler_info
FN:273,_RNvNtNtCs79K5M2vLVB3_26threatflux_binary_analysis7formats3elf21parse_imports_exports
FN:311,_RNvNtNtCs79K5M2vLVB3_26threatflux_binary_analysis7formats3elf25analyze_security_features
FN:17,_RNvXNtNtCs79K5M2vLVB3_26threatflux_binary_analysis7formats3elfNtB2_9ElfParserNtNtB6_5types18BinaryFormatParser5parse
FN:22,_RNvXNtNtCs79K5M2vLVB3_26threatflux_binary_analysis7formats3elfNtB2_9ElfParserNtNtB6_5types18BinaryFormatParser9can_parse
FN:116,_RNvXs0_NtNtCs79K5M2vLVB3_26threatflux_binary_analysis7formats3elfNtB5_9ElfBinaryNtNtB9_5types17BinaryFormatTrait11entry_point
FN:108,_RNvXs0_NtNtCs79K5M2vLVB3_26threatflux_binary_analysis7formats3elfNtB5_9ElfBinaryNtNtB9_5types17BinaryFormatTrait11format_type
FN:112,_RNvXs0_NtNtCs79K5M2vLVB3_26threatflux_binary_analysis7formats3elfNtB5_9ElfBinaryNtNtB9_5types17BinaryFormatTrait12architecture
FN:132,_RNvXs0_NtNtCs79K5M2vLVB3_26threatflux_binary_analysis7formats3elfNtB5_9ElfBinaryNtNtB9_5types17BinaryFormatTrait7exports
FN:128,_RNvXs0_NtNtCs79K5M2vLVB3_26threatflux_binary_analysis7formats3elfNtB5_9ElfBinaryNtNtB9_5types17BinaryFormatTrait7imports
FN:124,_RNvXs0_NtNtCs79K5M2vLVB3_26threatflux_binary_analysis7formats3elfNtB5_9ElfBinaryNtNtB9_5types17BinaryFormatTrait7symbols
FN:136,_RNvXs0_NtNtCs79K5M2vLVB3_26threatflux_binary_analysis7formats3elfNtB5_9ElfBinaryNtNtB9_5types17BinaryFormatTrait8metadata
FN:120,_RNvXs0_NtNtCs79K5M2vLVB3_26threatflux_binary_analysis7formats3elfNtB5_9ElfBinaryNtNtB9_5types17BinaryFormatTrait8sections
FNDA:130,_RNvMs_NtNtCs3rKVG2KO5gW_26threatflux_binary_analysis7formats3elfNtB4_9ElfBinary3new
FNDA:0,_RNvNtNtCs3rKVG2KO5gW_26threatflux_binary_analysis7formats3elf12try_demangle
FNDA:130,_RNvNtNtCs3rKVG2KO5gW_26threatflux_binary_analysis7formats3elf13parse_symbols
FNDA:130,_RNvNtNtCs3rKVG2KO5gW_26threatflux_binary_analysis7formats3elf14parse_sections
FNDA:130,_RNvNtNtCs3rKVG2KO5gW_26threatflux_binary_analysis7formats3elf21extract_compiler_info
FNDA:130,_RNvNtNtCs3rKVG2KO5gW_26threatflux_binary_analysis7formats3elf21parse_imports_exports
FNDA:130,_RNvNtNtCs3rKVG2KO5gW_26threatflux_binary_analysis7formats3elf25analyze_security_features
FNDA:130,_RNvXNtNtCs3rKVG2KO5gW_26threatflux_binary_analysis7formats3elfNtB2_9ElfParserNtNtB6_5types18BinaryFormatParser5parse
FNDA:0,_RNvXNtNtCs3rKVG2KO5gW_26threatflux_binary_analysis7formats3elfNtB2_9ElfParserNtNtB6_5types18BinaryFormatParser9can_parse
FNDA:247,_RNvXs0_NtNtCs3rKVG2KO5gW_26threatflux_binary_analysis7formats3elfNtB5_9ElfBinaryNtNtB9_5types17BinaryFormatTrait11entry_point
FNDA:125,_RNvXs0_NtNtCs3rKVG2KO5gW_26threatflux_binary_analysis7formats3elfNtB5_9ElfBinaryNtNtB9_5types17BinaryFormatTrait11format_type
FNDA:369,_RNvXs0_NtNtCs3rKVG2KO5gW_26threatflux_binary_analysis7formats3elfNtB5_9ElfBinaryNtNtB9_5types17BinaryFormatTrait12architecture
FNDA:125,_RNvXs0_NtNtCs3rKVG2KO5gW_26threatflux_binary_analysis7formats3elfNtB5_9ElfBinaryNtNtB9_5types17BinaryFormatTrait7exports
FNDA:125,_RNvXs0_NtNtCs3rKVG2KO5gW_26threatflux_binary_analysis7formats3elfNtB5_9ElfBinaryNtNtB9_5types17BinaryFormatTrait7imports
FNDA:247,_RNvXs0_NtNtCs3rKVG2KO5gW_26threatflux_binary_analysis7formats3elfNtB5_9ElfBinaryNtNtB9_5types17BinaryFormatTrait7symbols
FNDA:125,_RNvXs0_NtNtCs3rKVG2KO5gW_26threatflux_binary_analysis7formats3elfNtB5_9ElfBinaryNtNtB9_5types17BinaryFormatTrait8metadata
FNDA:369,_RNvXs0_NtNtCs3rKVG2KO5gW_26threatflux_binary_analysis7formats3elfNtB5_9ElfBinaryNtNtB9_5types17BinaryFormatTrait8sections
FNDA:0,_RNvMs_NtNtCs79K5M2vLVB3_26threatflux_binary_analysis7formats3elfNtB4_9ElfBinary3new
FNDA:0,_RNvNtNtCs79K5M2vLVB3_26threatflux_binary_analysis7formats3elf12try_demangle
FNDA:0,_RNvNtNtCs79K5M2vLVB3_26threatflux_binary_analysis7formats3elf13parse_symbols
FNDA:0,_RNvNtNtCs79K5M2vLVB3_26threatflux_binary_analysis7formats3elf14parse_sections
FNDA:0,_RNvNtNtCs79K5M2vLVB3_26threatflux_binary_analysis7formats3elf21extract_compiler_info
FNDA:0,_RNvNtNtCs79K5M2vLVB3_26threatflux_binary_analysis7formats3elf21parse_imports_exports
FNDA:0,_RNvNtNtCs79K5M2vLVB3_26threatflux_binary_analysis7formats3elf25analyze_security_features
FNDA:0,_RNvXNtNtCs79K5M2vLVB3_26threatflux_binary_analysis7formats3elfNtB2_9ElfParserNtNtB6_5types18BinaryFormatParser5parse
FNDA:0,_RNvXNtNtCs79K5M2vLVB3_26threatflux_binary_analysis7formats3elfNtB2_9ElfParserNtNtB6_5types18BinaryFormatParser9can_parse
FNDA:0,_RNvXs0_NtNtCs79K5M2vLVB3_26threatflux_binary_analysis7formats3elfNtB5_9ElfBinaryNtNtB9_5types17BinaryFormatTrait11entry_point
FNDA:0,_RNvXs0_NtNtCs79K5M2vLVB3_26threatflux_binary_analysis7formats3elfNtB5_9ElfBinaryNtNtB9_5types17BinaryFormatTrait11format_type
FNDA:0,_RNvXs0_NtNtCs79K5M2vLVB3_26threatflux_binary_analysis7formats3elfNtB5_9ElfBinaryNtNtB9_5types17BinaryFormatTrait12architecture
FNDA:0,_RNvXs0_NtNtCs79K5M2vLVB3_26threatflux_binary_analysis7formats3elfNtB5_9ElfBinaryNtNtB9_5types17BinaryFormatTrait7exports
FNDA:0,_RNvXs0_NtNtCs79K5M2vLVB3_26threatflux_binary_analysis7formats3elfNtB5_9ElfBinaryNtNtB9_5types17BinaryFormatTrait7imports
FNDA:0,_RNvXs0_NtNtCs79K5M2vLVB3_26threatflux_binary_analysis7formats3elfNtB5_9ElfBinaryNtNtB9_5types17BinaryFormatTrait7symbols
FNDA:0,_RNvXs0_NtNtCs79K5M2vLVB3_26threatflux_binary_analysis7formats3elfNtB5_9ElfBinaryNtNtB9_5types17BinaryFormatTrait8metadata
FNDA:0,_RNvXs0_NtNtCs79K5M2vLVB3_26threatflux_binary_analysis7formats3elfNtB5_9ElfBinaryNtNtB9_5types17BinaryFormatTrait8sections
FNF:17
FNH:15
DA:17,130
DA:18,130
DA:19,130
DA:20,130
DA:22,0
DA:23,0
DA:24,0
DA:41,130
DA:42,130
DA:45,130
DA:46,0
DA:47,130
DA:48,0
DA:49,0
DA:50,0
DA:51,0
DA:52,0
DA:53,0
DA:54,0
DA:58,130
DA:59,130
DA:60,0
DA:64,130
DA:66,130
DA:67,130
DA:68,130
DA:69,130
DA:70,130
DA:71,130
DA:73,0
DA:75,130
DA:76,130
DA:77,130
DA:78,130
DA:79,130
DA:83,130
DA:86,130
DA:89,130
DA:93,130
DA:94,130
DA:95,130
DA:96,130
DA:97,130
DA:98,130
DA:99,130
DA:100,130
DA:101,130
DA:102,130
DA:103,130
DA:104,130
DA:108,125
DA:109,125
DA:110,125
DA:112,369
DA:113,369
DA:114,369
DA:116,247
DA:117,247
DA:118,247
DA:120,369
DA:121,369
DA:122,369
DA:124,247
DA:125,247
DA:126,247
DA:128,125
DA:129,125
DA:130,125
DA:132,125
DA:133,125
DA:134,125
DA:136,125
DA:137,125
DA:138,125
DA:141,130
DA:142,130
DA:144,130
DA:145,0
DA:146,0
DA:147,0
DA:148,0
DA:149,0
DA:151,0
DA:153,0
DA:154,0
DA:156,0
DA:157,0
DA:158,0
DA:160,0
DA:162,0
DA:165,0
DA:166,0
DA:167,0
DA:169,0
DA:171,0
DA:172,0
DA:173,0
DA:176,0
DA:177,0
DA:178,0
DA:179,0
DA:180,0
DA:181,0
DA:184,0
DA:185,0
DA:187,0
DA:188,0
DA:189,0
DA:190,0
DA:192,0
DA:195,0
DA:198,0
DA:199,0
DA:200,0
DA:201,0
DA:202,0
DA:203,0
DA:204,0
DA:205,0
DA:206,0
DA:209,130
DA:210,130
DA:212,130
DA:213,130
DA:215,130
DA:216,0
DA:217,0
DA:218,0
DA:219,0
DA:220,0
DA:221,0
DA:222,0
DA:223,0
DA:224,0
DA:225,0
DA:227,0
DA:228,0
DA:229,0
DA:230,0
DA:231,0
DA:232,0
DA:233,0
DA:234,0
DA:237,0
DA:238,0
DA:239,0
DA:240,0
DA:241,0
DA:244,0
DA:245,0
DA:246,0
DA:247,0
DA:248,0
DA:249,0
DA:252,0
DA:253,0
DA:255,0
DA:258,0
DA:259,0
DA:260,0
DA:261,0
DA:262,0
DA:263,0
DA:264,0
DA:265,0
DA:266,0
DA:267,0
DA:270,130
DA:271,130
DA:273,130
DA:274,130
DA:275,130
DA:278,130
DA:279,0
DA:280,0
DA:281,0
DA:282,0
DA:283,0
DA:284,0
DA:285,0
DA:286,0
DA:287,0
DA:288,0
DA:289,0
DA:290,0
DA:291,0
DA:292,0
DA:293,0
DA:294,0
DA:295,0
DA:296,0
DA:297,0
DA:298,0
DA:299,0
DA:300,0
DA:301,0
DA:302,0
DA:303,0
DA:304,0
DA:305,0
DA:308,130
DA:309,130
DA:311,130
DA:312,130
DA:315,243
DA:316,113
DA:317,0
DA:318,113
DA:322,130
DA:325,243
DA:326,113
DA:327,0
DA:328,113
DA:332,130
DA:333,130
DA:334,130
DA:335,130
DA:337,130
DA:339,130
DA:340,0
DA:341,0
DA:343,0
DA:344,0
DA:345,0
DA:347,130
DA:348,130
DA:350,0
DA:351,0
DA:352,0
DA:354,0
DA:356,0
DA:358,0
BRF:0
BRH:0
LF:232
LH:94
end_of_record
SF:/Users/vtriple/file-scanner/standalone-binary-analysis/src/formats/macho.rs
FN:58,_RNvMs_NtNtCs3rKVG2KO5gW_26threatflux_binary_analysis7formats5machoNtB4_11MachOBinary3new
FN:214,_RNvNtNtCs3rKVG2KO5gW_26threatflux_binary_analysis7formats5macho13parse_symbols
FN:154,_RNvNtNtCs3rKVG2KO5gW_26threatflux_binary_analysis7formats5macho14parse_sections
FN:281,_RNvNtNtCs3rKVG2KO5gW_26threatflux_binary_analysis7formats5macho16find_entry_point
FN:297,_RNvNtNtCs3rKVG2KO5gW_26threatflux_binary_analysis7formats5macho21extract_compiler_info
FN:225,_RNvNtNtCs3rKVG2KO5gW_26threatflux_binary_analysis7formats5macho21parse_imports_exports
FN:252,_RNvNtNtCs3rKVG2KO5gW_26threatflux_binary_analysis7formats5macho25analyze_security_features
FN:16,_RNvXNtNtCs3rKVG2KO5gW_26threatflux_binary_analysis7formats5machoNtB2_11MachOParserNtNtB6_5types18BinaryFormatParser5parse
FN:26,_RNvXNtNtCs3rKVG2KO5gW_26threatflux_binary_analysis7formats5machoNtB2_11MachOParserNtNtB6_5types18BinaryFormatParser9can_parse
FN:129,_RNvXs0_NtNtCs3rKVG2KO5gW_26threatflux_binary_analysis7formats5machoNtB5_11MachOBinaryNtNtB9_5types17BinaryFormatTrait11entry_point
FN:121,_RNvXs0_NtNtCs3rKVG2KO5gW_26threatflux_binary_analysis7formats5machoNtB5_11MachOBinaryNtNtB9_5types17BinaryFormatTrait11format_type
FN:125,_RNvXs0_NtNtCs3rKVG2KO5gW_26threatflux_binary_analysis7formats5machoNtB5_11MachOBinaryNtNtB9_5types17BinaryFormatTrait12architecture
FN:145,_RNvXs0_NtNtCs3rKVG2KO5gW_26threatflux_binary_analysis7formats5machoNtB5_11MachOBinaryNtNtB9_5types17BinaryFormatTrait7exports
FN:141,_RNvXs0_NtNtCs3rKVG2KO5gW_26threatflux_binary_analysis7formats5machoNtB5_11MachOBinaryNtNtB9_5types17BinaryFormatTrait7imports
FN:137,_RNvXs0_NtNtCs3rKVG2KO5gW_26threatflux_binary_analysis7formats5machoNtB5_11MachOBinaryNtNtB9_5types17BinaryFormatTrait7symbols
FN:149,_RNvXs0_NtNtCs3rKVG2KO5gW_26threatflux_binary_analysis7formats5machoNtB5_11MachOBinaryNtNtB9_5types17BinaryFormatTrait8metadata
FN:133,_RNvXs0_NtNtCs3rKVG2KO5gW_26threatflux_binary_analysis7formats5machoNtB5_11MachOBinaryNtNtB9_5types17BinaryFormatTrait8sections
FN:58,_RNvMs_NtNtCs79K5M2vLVB3_26threatflux_binary_analysis7formats5machoNtB4_11MachOBinary3new
FN:214,_RNvNtNtCs79K5M2vLVB3_26threatflux_binary_analysis7formats5macho13parse_symbols
FN:154,_RNvNtNtCs79K5M2vLVB3_26threatflux_binary_analysis7formats5macho14parse_sections
FN:281,_RNvNtNtCs79K5M2vLVB3_26threatflux_binary_analysis7formats5macho16find_entry_point
FN:297,_RNvNtNtCs79K5M2vLVB3_26threatflux_binary_analysis7formats5macho21extract_compiler_info
FN:225,_RNvNtNtCs79K5M2vLVB3_26threatflux_binary_analysis7formats5macho21parse_imports_exports
FN:252,_RNvNtNtCs79K5M2vLVB3_26threatflux_binary_analysis7formats5macho25analyze_security_features
FN:16,_RNvXNtNtCs79K5M2vLVB3_26threatflux_binary_analysis7formats5machoNtB2_11MachOParserNtNtB6_5types18BinaryFormatParser5parse
FN:26,_RNvXNtNtCs79K5M2vLVB3_26threatflux_binary_analysis7formats5machoNtB2_11MachOParserNtNtB6_5types18BinaryFormatParser9can_parse
FN:129,_RNvXs0_NtNtCs79K5M2vLVB3_26threatflux_binary_analysis7formats5machoNtB5_11MachOBinaryNtNtB9_5types17BinaryFormatTrait11entry_point
FN:121,_RNvXs0_NtNtCs79K5M2vLVB3_26threatflux_binary_analysis7formats5machoNtB5_11MachOBinaryNtNtB9_5types17BinaryFormatTrait11format_type
FN:125,_RNvXs0_NtNtCs79K5M2vLVB3_26threatflux_binary_analysis7formats5machoNtB5_11MachOBinaryNtNtB9_5types17BinaryFormatTrait12architecture
FN:145,_RNvXs0_NtNtCs79K5M2vLVB3_26threatflux_binary_analysis7formats5machoNtB5_11MachOBinaryNtNtB9_5types17BinaryFormatTrait7exports
FN:141,_RNvXs0_NtNtCs79K5M2vLVB3_26threatflux_binary_analysis7formats5machoNtB5_11MachOBinaryNtNtB9_5types17BinaryFormatTrait7imports
FN:137,_RNvXs0_NtNtCs79K5M2vLVB3_26threatflux_binary_analysis7formats5machoNtB5_11MachOBinaryNtNtB9_5types17BinaryFormatTrait7symbols
FN:149,_RNvXs0_NtNtCs79K5M2vLVB3_26threatflux_binary_analysis7formats5machoNtB5_11MachOBinaryNtNtB9_5types17BinaryFormatTrait8metadata
FN:133,_RNvXs0_NtNtCs79K5M2vLVB3_26threatflux_binary_analysis7formats5machoNtB5_11MachOBinaryNtNtB9_5types17BinaryFormatTrait8sections
FNDA:0,_RNvMs_NtNtCs3rKVG2KO5gW_26threatflux_binary_analysis7formats5machoNtB4_11MachOBinary3new
FNDA:0,_RNvNtNtCs3rKVG2KO5gW_26threatflux_binary_analysis7formats5macho13parse_symbols
FNDA:0,_RNvNtNtCs3rKVG2KO5gW_26threatflux_binary_analysis7formats5macho14parse_sections
FNDA:0,_RNvNtNtCs3rKVG2KO5gW_26threatflux_binary_analysis7formats5macho16find_entry_point
FNDA:0,_RNvNtNtCs3rKVG2KO5gW_26threatflux_binary_analysis7formats5macho21extract_compiler_info
FNDA:0,_RNvNtNtCs3rKVG2KO5gW_26threatflux_binary_analysis7formats5macho21parse_imports_exports
FNDA:0,_RNvNtNtCs3rKVG2KO5gW_26threatflux_binary_analysis7formats5macho25analyze_security_features
FNDA:3,_RNvXNtNtCs3rKVG2KO5gW_26threatflux_binary_analysis7formats5machoNtB2_11MachOParserNtNtB6_5types18BinaryFormatParser5parse
FNDA:0,_RNvXNtNtCs3rKVG2KO5gW_26threatflux_binary_analysis7formats5machoNtB2_11MachOParserNtNtB6_5types18BinaryFormatParser9can_parse
FNDA:0,_RNvXs0_NtNtCs3rKVG2KO5gW_26threatflux_binary_analysis7formats5machoNtB5_11MachOBinaryNtNtB9_5types17BinaryFormatTrait11entry_point
FNDA:0,_RNvXs0_NtNtCs3rKVG2KO5gW_26threatflux_binary_analysis7formats5machoNtB5_11MachOBinaryNtNtB9_5types17BinaryFormatTrait11format_type
FNDA:0,_RNvXs0_NtNtCs3rKVG2KO5gW_26threatflux_binary_analysis7formats5machoNtB5_11MachOBinaryNtNtB9_5types17BinaryFormatTrait12architecture
FNDA:0,_RNvXs0_NtNtCs3rKVG2KO5gW_26threatflux_binary_analysis7formats5machoNtB5_11MachOBinaryNtNtB9_5types17BinaryFormatTrait7exports
FNDA:0,_RNvXs0_NtNtCs3rKVG2KO5gW_26threatflux_binary_analysis7formats5machoNtB5_11MachOBinaryNtNtB9_5types17BinaryFormatTrait7imports
FNDA:0,_RNvXs0_NtNtCs3rKVG2KO5gW_26threatflux_binary_analysis7formats5machoNtB5_11MachOBinaryNtNtB9_5types17BinaryFormatTrait7symbols
FNDA:0,_RNvXs0_NtNtCs3rKVG2KO5gW_26threatflux_binary_analysis7formats5machoNtB5_11MachOBinaryNtNtB9_5types17BinaryFormatTrait8metadata
FNDA:0,_RNvXs0_NtNtCs3rKVG2KO5gW_26threatflux_binary_analysis7formats5machoNtB5_11MachOBinaryNtNtB9_5types17BinaryFormatTrait8sections
FNDA:0,_RNvMs_NtNtCs79K5M2vLVB3_26threatflux_binary_analysis7formats5machoNtB4_11MachOBinary3new
FNDA:0,_RNvNtNtCs79K5M2vLVB3_26threatflux_binary_analysis7formats5macho13parse_symbols
FNDA:0,_RNvNtNtCs79K5M2vLVB3_26threatflux_binary_analysis7formats5macho14parse_sections
FNDA:0,_RNvNtNtCs79K5M2vLVB3_26threatflux_binary_analysis7formats5macho16find_entry_point
FNDA:0,_RNvNtNtCs79K5M2vLVB3_26threatflux_binary_analysis7formats5macho21extract_compiler_info
FNDA:0,_RNvNtNtCs79K5M2vLVB3_26threatflux_binary_analysis7formats5macho21parse_imports_exports
FNDA:0,_RNvNtNtCs79K5M2vLVB3_26threatflux_binary_analysis7formats5macho25analyze_security_features
FNDA:0,_RNvXNtNtCs79K5M2vLVB3_26threatflux_binary_analysis7formats5machoNtB2_11MachOParserNtNtB6_5types18BinaryFormatParser5parse
FNDA:0,_RNvXNtNtCs79K5M2vLVB3_26threatflux_binary_analysis7formats5machoNtB2_11MachOParserNtNtB6_5types18BinaryFormatParser9can_parse
FNDA:0,_RNvXs0_NtNtCs79K5M2vLVB3_26threatflux_binary_analysis7formats5machoNtB5_11MachOBinaryNtNtB9_5types17BinaryFormatTrait11entry_point
FNDA:0,_RNvXs0_NtNtCs79K5M2vLVB3_26threatflux_binary_analysis7formats5machoNtB5_11MachOBinaryNtNtB9_5types17BinaryFormatTrait11format_type
FNDA:0,_RNvXs0_NtNtCs79K5M2vLVB3_26threatflux_binary_analysis7formats5machoNtB5_11MachOBinaryNtNtB9_5types17BinaryFormatTrait12architecture
FNDA:0,_RNvXs0_NtNtCs79K5M2vLVB3_26threatflux_binary_analysis7formats5machoNtB5_11MachOBinaryNtNtB9_5types17BinaryFormatTrait7exports
FNDA:0,_RNvXs0_NtNtCs79K5M2vLVB3_26threatflux_binary_analysis7formats5machoNtB5_11MachOBinaryNtNtB9_5types17BinaryFormatTrait7imports
FNDA:0,_RNvXs0_NtNtCs79K5M2vLVB3_26threatflux_binary_analysis7formats5machoNtB5_11MachOBinaryNtNtB9_5types17BinaryFormatTrait7symbols
FNDA:0,_RNvXs0_NtNtCs79K5M2vLVB3_26threatflux_binary_analysis7formats5machoNtB5_11MachOBinaryNtNtB9_5types17BinaryFormatTrait8metadata
FNDA:0,_RNvXs0_NtNtCs79K5M2vLVB3_26threatflux_binary_analysis7formats5machoNtB5_11MachOBinaryNtNtB9_5types17BinaryFormatTrait8sections
FNF:17
FNH:1
DA:16,3
DA:17,3
DA:18,0
DA:19,0
DA:20,0
DA:21,0
DA:22,0
DA:24,3
DA:26,0
DA:27,0
DA:28,0
DA:29,0
DA:30,0
DA:31,0
DA:32,0
DA:33,0
DA:41,0
DA:58,0
DA:59,0
DA:62,0
DA:63,0
DA:64,0
DA:65,0
DA:66,0
DA:67,0
DA:68,0
DA:69,0
DA:73,0
DA:75,0
DA:77,0
DA:78,0
DA:82,0
DA:83,0
DA:84,0
DA:85,0
DA:86,0
DA:87,0
DA:88,0
DA:89,0
DA:90,0
DA:91,0
DA:92,0
DA:93,0
DA:94,0
DA:97,0
DA:100,0
DA:103,0
DA:106,0
DA:107,0
DA:108,0
DA:109,0
DA:110,0
DA:111,0
DA:112,0
DA:113,0
DA:114,0
DA:115,0
DA:116,0
DA:117,0
DA:121,0
DA:122,0
DA:123,0
DA:125,0
DA:126,0
DA:127,0
DA:129,0
DA:130,0
DA:131,0
DA:133,0
DA:134,0
DA:135,0
DA:137,0
DA:138,0
DA:139,0
DA:141,0
DA:142,0
DA:143,0
DA:145,0
DA:146,0
DA:147,0
DA:149,0
DA:150,0
DA:151,0
DA:154,0
DA:155,0
DA:157,0
DA:158,0
DA:159,0
DA:162,0
DA:163,0
DA:164,0
DA:166,0
DA:167,0
DA:168,0
DA:169,0
DA:170,0
DA:171,0
DA:172,0
DA:173,0
DA:174,0
DA:176,0
DA:180,0
DA:181,0
DA:182,0
DA:183,0
DA:184,0
DA:187,0
DA:188,0
DA:189,0
DA:190,0
DA:191,0
DA:193,0
DA:196,0
DA:199,0
DA:200,0
DA:201,0
DA:202,0
DA:203,0
DA:204,0
DA:205,0
DA:206,0
DA:207,0
DA:211,0
DA:212,0
DA:214,0
DA:215,0
DA:216,0
DA:217,0
DA:218,0
DA:219,0
DA:220,0
DA:221,0
DA:222,0
DA:223,0
DA:225,0
DA:226,0
DA:227,0
DA:230,0
DA:231,0
DA:232,0
DA:233,0
DA:234,0
DA:235,0
DA:236,0
DA:237,0
DA:240,0
DA:241,0
DA:242,0
DA:243,0
DA:244,0
DA:245,0
DA:246,0
DA:247,0
DA:249,0
DA:250,0
DA:252,0
DA:253,0
DA:254,0
DA:255,0
DA:256,0
DA:257,0
DA:258,0
DA:259,0
DA:260,0
DA:261,0
DA:262,0
DA:263,0
DA:264,0
DA:265,0
DA:266,0
DA:267,0
DA:268,0
DA:271,0
DA:272,0
DA:273,0
DA:274,0
DA:275,0
DA:276,0
DA:278,0
DA:279,0
DA:281,0
DA:283,0
DA:284,0
DA:285,0
DA:286,0
DA:287,0
DA:288,0
DA:289,0
DA:290,0
DA:291,0
DA:292,0
DA:293,0
DA:294,0
DA:295,0
DA:297,0
DA:299,0
DA:300,0
DA:301,0
DA:302,0
DA:303,0
DA:304,0
DA:305,0
DA:306,0
DA:307,0
DA:308,0
DA:309,0
DA:310,0
DA:311,0
DA:312,0
BRF:0
BRH:0
LF:209
LH:3
end_of_record
SF:/Users/vtriple/file-scanner/standalone-binary-analysis/src/formats/mod.rs
FN:68,_RNvNtCs3rKVG2KO5gW_26threatflux_binary_analysis7formats12parse_binary
FN:17,_RNvNtCs3rKVG2KO5gW_26threatflux_binary_analysis7formats13detect_format
FN:68,_RNvNtCs79K5M2vLVB3_26threatflux_binary_analysis7formats12parse_binary
FN:17,_RNvNtCs79K5M2vLVB3_26threatflux_binary_analysis7formats13detect_format
FNDA:150,_RNvNtCs3rKVG2KO5gW_26threatflux_binary_analysis7formats12parse_binary
FNDA:192,_RNvNtCs3rKVG2KO5gW_26threatflux_binary_analysis7formats13detect_format
FNDA:0,_RNvNtCs79K5M2vLVB3_26threatflux_binary_analysis7formats12parse_binary
FNDA:0,_RNvNtCs79K5M2vLVB3_26threatflux_binary_analysis7formats13detect_format
FNF:2
FNH:2
DA:17,192
DA:18,192
DA:19,5
DA:20,187
DA:21,187
DA:22,187
DA:23,187
DA:24,187
DA:25,144
DA:26,43
DA:27,43
DA:28,43
DA:29,43
DA:30,43
DA:31,10
DA:32,33
DA:33,33
DA:34,33
DA:35,33
DA:36,33
DA:37,28
DA:38,28
DA:39,28
DA:41,7
DA:43,21
DA:44,21
DA:45,21
DA:47,0
DA:49,21
DA:51,5
DA:54,26
DA:55,5
DA:56,21
DA:57,21
DA:58,21
DA:59,21
DA:60,5
DA:61,16
DA:62,16
DA:63,16
DA:64,16
DA:65,192
DA:68,150
DA:69,150
DA:71,130
DA:74,5
DA:77,3
DA:79,3
DA:80,3
DA:81,6
DA:82,0
DA:84,150
BRF:0
BRH:0
LF:52
LH:50
end_of_record
SF:/Users/vtriple/file-scanner/standalone-binary-analysis/src/formats/pe.rs
FN:55,_RNvMs_NtNtCs3rKVG2KO5gW_26threatflux_binary_analysis7formats2peNtB4_8PeBinary3new
FN:221,_RNvNtNtCs3rKVG2KO5gW_26threatflux_binary_analysis7formats2pe13parse_symbols
FN:157,_RNvNtNtCs3rKVG2KO5gW_26threatflux_binary_analysis7formats2pe14parse_sections
FN:295,_RNvNtNtCs3rKVG2KO5gW_26threatflux_binary_analysis7formats2pe21extract_compiler_info
FN:227,_RNvNtNtCs3rKVG2KO5gW_26threatflux_binary_analysis7formats2pe21parse_imports_exports
FN:263,_RNvNtNtCs3rKVG2KO5gW_26threatflux_binary_analysis7formats2pe25analyze_security_features
FN:16,_RNvXNtNtCs3rKVG2KO5gW_26threatflux_binary_analysis7formats2peNtB2_8PeParserNtNtB6_5types18BinaryFormatParser5parse
FN:21,_RNvXNtNtCs3rKVG2KO5gW_26threatflux_binary_analysis7formats2peNtB2_8PeParserNtNtB6_5types18BinaryFormatParser9can_parse
FN:132,_RNvXs0_NtNtCs3rKVG2KO5gW_26threatflux_binary_analysis7formats2peNtB5_8PeBinaryNtNtB9_5types17BinaryFormatTrait11entry_point
FN:124,_RNvXs0_NtNtCs3rKVG2KO5gW_26threatflux_binary_analysis7formats2peNtB5_8PeBinaryNtNtB9_5types17BinaryFormatTrait11format_type
FN:128,_RNvXs0_NtNtCs3rKVG2KO5gW_26threatflux_binary_analysis7formats2peNtB5_8PeBinaryNtNtB9_5types17BinaryFormatTrait12architecture
FN:148,_RNvXs0_NtNtCs3rKVG2KO5gW_26threatflux_binary_analysis7formats2peNtB5_8PeBinaryNtNtB9_5types17BinaryFormatTrait7exports
FN:144,_RNvXs0_NtNtCs3rKVG2KO5gW_26threatflux_binary_analysis7formats2peNtB5_8PeBinaryNtNtB9_5types17BinaryFormatTrait7imports
FN:140,_RNvXs0_NtNtCs3rKVG2KO5gW_26threatflux_binary_analysis7formats2peNtB5_8PeBinaryNtNtB9_5types17BinaryFormatTrait7symbols
FN:152,_RNvXs0_NtNtCs3rKVG2KO5gW_26threatflux_binary_analysis7formats2peNtB5_8PeBinaryNtNtB9_5types17BinaryFormatTrait8metadata
FN:136,_RNvXs0_NtNtCs3rKVG2KO5gW_26threatflux_binary_analysis7formats2peNtB5_8PeBinaryNtNtB9_5types17BinaryFormatTrait8sections
FN:248,_RNCNvNtNtCs3rKVG2KO5gW_26threatflux_binary_analysis7formats2pe21parse_imports_exports0B7_
FN:248,_RNCNvNtNtCs79K5M2vLVB3_26threatflux_binary_analysis7formats2pe21parse_imports_exports0B7_
FN:55,_RNvMs_NtNtCs79K5M2vLVB3_26threatflux_binary_analysis7formats2peNtB4_8PeBinary3new
[...]
FNDA:0,_RNvMNtNtCs79K5M2vLVB3_26threatflux_binary_analysis5utils4mmapNtB2_12MappedBinary11read_u16_be
FNDA:0,_RNvMNtNtCs79K5M2vLVB3_26threatflux_binary_analysis5utils4mmapNtB2_12MappedBinary11read_u16_le
FNDA:0,_RNvMNtNtCs79K5M2vLVB3_26threatflux_binary_analysis5utils4mmapNtB2_12MappedBinary11read_u32_be
FNDA:0,_RNvMNtNtCs79K5M2vLVB3_26threatflux_binary_analysis5utils4mmapNtB2_12MappedBinary11read_u32_le
FNDA:0,_RNvMNtNtCs79K5M2vLVB3_26threatflux_binary_analysis5utils4mmapNtB2_12MappedBinary11read_u64_be
FNDA:0,_RNvMNtNtCs79K5M2vLVB3_26threatflux_binary_analysis5utils4mmapNtB2_12MappedBinary11read_u64_le
FNDA:0,_RNvMNtNtCs79K5M2vLVB3_26threatflux_binary_analysis5utils4mmapNtB2_12MappedBinary12read_cstring
FNDA:0,_RNvMNtNtCs79K5M2vLVB3_26threatflux_binary_analysis5utils4mmapNtB2_12MappedBinary17find_all_patterns
FNDA:0,_RNvMNtNtCs79K5M2vLVB3_26threatflux_binary_analysis5utils4mmapNtB2_12MappedBinary5slice
FNDA:0,_RNvMNtNtCs79K5M2vLVB3_26threatflux_binary_analysis5utils4mmapNtB2_12MappedBinary7hexdump
FNDA:0,_RNvMNtNtCs79K5M2vLVB3_26threatflux_binary_analysis5utils4mmapNtB2_12MappedBinary9from_file
FNDA:0,_RNvMs0_NtNtCs79K5M2vLVB3_26threatflux_binary_analysis5utils4mmapNtB5_10MappedView6to_vec
FNDA:0,_RNvMs2_NtNtCs79K5M2vLVB3_26threatflux_binary_analysis5utils4mmapNtB5_12AdvancedMmap4data
FNDA:0,_RNvMs2_NtNtCs79K5M2vLVB3_26threatflux_binary_analysis5utils4mmapNtB5_12AdvancedMmap6config
FNDA:0,_RNvXs_NtNtCs79K5M2vLVB3_26threatflux_binary_analysis5utils4mmapNtB4_12MappedBinaryNtNtNtCsaTRkahAGrLL_4core3ops5deref5Deref5deref
FNF:43
FNH:20
DA:21,5
DA:22,5
DA:23,5
DA:25,5
DA:26,5
DA:27,0
DA:28,5
DA:31,5
DA:32,5
DA:33,5
DA:34,5
DA:35,5
DA:36,5
DA:37,5
DA:38,5
DA:41,0
DA:42,0
DA:43,0
DA:44,0
DA:45,0
DA:48,0
DA:49,0
DA:50,0
DA:51,0
DA:52,0
DA:53,0
DA:54,0
DA:55,0
DA:58,1
DA:59,1
DA:60,1
DA:63,0
DA:64,0
DA:65,0
DA:66,0
DA:67,0
DA:68,0
DA:69,0
DA:70,0
DA:71,0
DA:74,2
DA:75,2
DA:76,0
DA:77,0
DA:78,0
DA:79,2
DA:80,2
DA:81,2
DA:82,2
DA:85,1
DA:86,1
DA:87,1
DA:88,1
DA:91,1
DA:92,1
DA:93,0
DA:94,0
DA:95,0
DA:96,1
DA:97,1
DA:98,1
DA:101,0
DA:102,0
DA:103,0
DA:104,0
DA:107,0
DA:108,0
DA:109,0
DA:110,0
DA:113,0
DA:114,0
DA:115,0
DA:116,0
DA:119,0
DA:120,0
DA:121,0
DA:122,0
DA:125,0
DA:126,0
DA:127,0
DA:128,0
DA:129,0
DA:130,0
DA:133,0
DA:134,0
DA:135,0
DA:136,0
DA:137,0
DA:138,0
DA:141,0
DA:142,0
DA:143,0
DA:145,0
DA:146,0
DA:147,0
DA:149,0
DA:150,0
DA:151,0
DA:152,0
DA:155,2
DA:156,2
DA:157,2
DA:158,40
DA:159,2
DA:162,0
DA:163,0
DA:164,0
DA:166,0
DA:167,0
DA:168,0
DA:169,0
DA:170,0
DA:171,0
DA:172,0
DA:173,0
DA:174,0
DA:178,0
DA:179,0
DA:182,2
DA:183,2
DA:184,0
DA:185,2
DA:186,2
DA:187,2
DA:188,2
DA:191,0
DA:192,0
DA:193,0
DA:194,0
DA:197,1
DA:198,1
DA:199,0
DA:200,0
DA:201,0
DA:202,1
DA:203,1
DA:204,1
DA:205,1
DA:206,1
DA:207,1
DA:208,1
DA:214,0
DA:215,0
DA:216,0
DA:227,1
DA:228,1
DA:229,1
DA:232,1
DA:233,1
DA:234,1
DA:237,0
DA:238,0
DA:239,0
DA:245,1
DA:246,1
DA:247,1
DA:251,1
DA:252,1
DA:254,1
DA:255,1
DA:256,1
DA:259,13
DA:260,13
DA:261,1
DA:262,12
DA:263,13
DA:267,3
DA:268,3
DA:269,0
DA:270,3
DA:271,3
DA:275,1
DA:276,14
DA:277,13
DA:278,13
DA:279,13
DA:280,0
DA:281,0
DA:283,1
DA:286,1
DA:287,1
DA:309,0
DA:310,0
DA:311,0
DA:313,0
DA:314,0
DA:315,0
DA:316,0
DA:317,0
DA:319,0
DA:320,0
DA:321,0
DA:322,0
DA:325,0
DA:326,0
DA:327,0
DA:328,0
DA:329,0
DA:330,0
DA:333,0
DA:334,0
DA:335,0
DA:338,0
DA:339,0
DA:340,0
DA:349,5
DA:350,5
DA:351,5
DA:352,5
DA:353,5
DA:354,5
DA:355,5
DA:358,1
DA:359,1
DA:360,1
DA:361,1
DA:363,1
DA:364,1
DA:365,1
DA:368,1
DA:369,1
DA:370,1
DA:371,1
DA:372,1
DA:373,1
DA:374,1
DA:377,1
DA:378,1
DA:381,1
DA:382,1
DA:383,1
DA:386,1
DA:387,1
DA:388,1
DA:389,1
DA:390,1
DA:391,1
DA:392,1
DA:394,1
DA:395,1
DA:396,1
DA:399,1
DA:400,1
DA:401,1
DA:402,1
DA:403,1
DA:404,1
DA:405,1
DA:408,1
DA:409,1
DA:410,1
DA:411,1
DA:412,1
DA:413,1
DA:414,1
DA:415,1
DA:416,1
DA:419,1
DA:420,1
DA:421,1
DA:422,1
DA:423,1
DA:424,1
BRF:0
BRH:0
LF:274
LH:142
end_of_record
SF:/Users/vtriple/file-scanner/standalone-binary-analysis/src/utils/patterns.rs
FN:161,_RNvMs0_NtNtCs3rKVG2KO5gW_26threatflux_binary_analysis5utils8patternsNtB5_14PatternMatcher11add_pattern
FN:153,_RNvMs0_NtNtCs3rKVG2KO5gW_26threatflux_binary_analysis5utils8patternsNtB5_14PatternMatcher11with_config
FN:166,_RNvMs0_NtNtCs3rKVG2KO5gW_26threatflux_binary_analysis5utils8patternsNtB5_14PatternMatcher12add_patterns
FN:228,_RNvMs0_NtNtCs3rKVG2KO5gW_26threatflux_binary_analysis5utils8patternsNtB5_14PatternMatcher12search_bytes
FN:346,_RNvMs0_NtNtCs3rKVG2KO5gW_26threatflux_binary_analysis5utils8patternsNtB5_14PatternMatcher12search_magic
FN:366,_RNvMs0_NtNtCs3rKVG2KO5gW_26threatflux_binary_analysis5utils8patternsNtB5_14PatternMatcher12search_regex
FN:266,_RNvMs0_NtNtCs3rKVG2KO5gW_26threatflux_binary_analysis5utils8patternsNtB5_14PatternMatcher13search_string
FN:216,_RNvMs0_NtNtCs3rKVG2KO5gW_26threatflux_binary_analysis5utils8patternsNtB5_14PatternMatcher14search_pattern
FN:373,_RNvMs0_NtNtCs3rKVG2KO5gW_26threatflux_binary_analysis5utils8patternsNtB5_14PatternMatcher17search_structural
FN:314,_RNvMs0_NtNtCs3rKVG2KO5gW_26threatflux_binary_analysis5utils8patternsNtB5_14PatternMatcher19search_hex_wildcard
FN:171,_RNvMs0_NtNtCs3rKVG2KO5gW_26threatflux_binary_analysis5utils8patternsNtB5_14PatternMatcher21load_builtin_patterns
FN:145,_RNvMs0_NtNtCs3rKVG2KO5gW_26threatflux_binary_analysis5utils8patternsNtB5_14PatternMatcher3new
FN:179,_RNvMs0_NtNtCs3rKVG2KO5gW_26threatflux_binary_analysis5utils8patternsNtB5_14PatternMatcher6search
FN:525,_RNvNtNtCs3rKVG2KO5gW_26threatflux_binary_analysis5utils8patterns16get_api_patterns
FN:503,_RNvNtNtCs3rKVG2KO5gW_26threatflux_binary_analysis5utils8patterns19get_crypto_patterns
FN:492,_RNvNtNtCs3rKVG2KO5gW_26threatflux_binary_analysis5utils8patterns19get_packer_patterns
FN:381,_RNvNtNtCs3rKVG2KO5gW_26threatflux_binary_analysis5utils8patterns20compile_hex_wildcard
FN:425,_RNvNtNtCs3rKVG2KO5gW_26threatflux_binary_analysis5utils8patterns20get_builtin_patterns
FN:514,_RNvNtNtCs3rKVG2KO5gW_26threatflux_binary_analysis5utils8patterns20get_malware_patterns
FN:408,_RNvNtNtCs3rKVG2KO5gW_26threatflux_binary_analysis5utils8patterns20hex_wildcard_matches
FN:472,_RNvNtNtCs3rKVG2KO5gW_26threatflux_binary_analysis5utils8patterns21get_compiler_patterns
FN:438,_RNvNtNtCs3rKVG2KO5gW_26threatflux_binary_analysis5utils8patterns24get_file_format_patterns
FN:29,_RNvXNtNtCs3rKVG2KO5gW_26threatflux_binary_analysis5utils8patternsNtB2_11MatchConfigNtNtCsaTRkahAGrLL_4core7default7Default7default
FN:138,_RNvXs_NtNtCs3rKVG2KO5gW_26threatflux_binary_analysis5utils8patternsNtB4_14PatternMatcherNtNtCsaTRkahAGrLL_4core7default7Default7default
FN:240,_RNCNvMs0_NtNtCs3rKVG2KO5gW_26threatflux_binary_analysis5utils8patternsNtB7_14PatternMatcher12search_bytes0Bb_
FN:397,_RNCNvNtNtCs3rKVG2KO5gW_26threatflux_binary_analysis5utils8patterns20compile_hex_wildcard0B7_
FN:161,_RNvMs0_NtNtCs79K5M2vLVB3_26threatflux_binary_analysis5utils8patternsNtB5_14PatternMatcher11add_pattern
FN:228,_RNvMs0_NtNtCs79K5M2vLVB3_26threatflux_binary_analysis5utils8patternsNtB5_14PatternMatcher12search_bytes
FN:346,_RNvMs0_NtNtCs79K5M2vLVB3_26threatflux_binary_analysis5utils8patternsNtB5_14PatternMatcher12search_magic
FN:366,_RNvMs0_NtNtCs79K5M2vLVB3_26threatflux_binary_analysis5utils8patternsNtB5_14PatternMatcher12search_regex
FN:266,_RNvMs0_NtNtCs79K5M2vLVB3_26threatflux_binary_analysis5utils8patternsNtB5_14PatternMatcher13search_string
FN:216,_RNvMs0_NtNtCs79K5M2vLVB3_26threatflux_binary_analysis5utils8patternsNtB5_14PatternMatcher14search_pattern
FN:373,_RNvMs0_NtNtCs79K5M2vLVB3_26threatflux_binary_analysis5utils8patternsNtB5_14PatternMatcher17search_structural
FN:314,_RNvMs0_NtNtCs79K5M2vLVB3_26threatflux_binary_analysis5utils8patternsNtB5_14PatternMatcher19search_hex_wildcard
FN:145,_RNvMs0_NtNtCs79K5M2vLVB3_26threatflux_binary_analysis5utils8patternsNtB5_14PatternMatcher3new
FN:179,_RNvMs0_NtNtCs79K5M2vLVB3_26threatflux_binary_analysis5utils8patternsNtB5_14PatternMatcher6search
FN:381,_RNvNtNtCs79K5M2vLVB3_26threatflux_binary_analysis5utils8patterns20compile_hex_wildcard
FN:408,_RNvNtNtCs79K5M2vLVB3_26threatflux_binary_analysis5utils8patterns20hex_wildcard_matches
FN:438,_RNvNtNtCs79K5M2vLVB3_26threatflux_binary_analysis5utils8patterns24get_file_format_patterns
FN:29,_RNvXNtNtCs79K5M2vLVB3_26threatflux_binary_analysis5utils8patternsNtB2_11MatchConfigNtNtCsaTRkahAGrLL_4core7default7Default7default
FN:570,_RNvNtNtNtCs79K5M2vLVB3_26threatflux_binary_analysis5utils8patterns5testss_21test_builtin_patterns
FN:580,_RNvNtNtNtCs79K5M2vLVB3_26threatflux_binary_analysis5utils8patterns5testss_24test_byte_pattern_search
FN:559,_RNvNtNtNtCs79K5M2vLVB3_26threatflux_binary_analysis5utils8patterns5testss_26test_hex_wildcard_matching
FN:546,_RNvNtNtNtCs79K5M2vLVB3_26threatflux_binary_analysis5utils8patterns5testss_29test_hex_wildcard_compilation
FN:540,_RNvNtNtNtCs79K5M2vLVB3_26threatflux_binary_analysis5utils8patterns5testss_29test_pattern_matcher_creation
FN:240,_RNCNvMs0_NtNtCs79K5M2vLVB3_26threatflux_binary_analysis5utils8patternsNtB7_14PatternMatcher12search_bytes0Bb_
FN:397,_RNCNvNtNtCs79K5M2vLVB3_26threatflux_binary_analysis5utils8patterns20compile_hex_wildcard0B7_
FN:153,_RNvMs0_NtNtCs79K5M2vLVB3_26threatflux_binary_analysis5utils8patternsNtB5_14PatternMatcher11with_config
FN:166,_RNvMs0_NtNtCs79K5M2vLVB3_26threatflux_binary_analysis5utils8patternsNtB5_14PatternMatcher12add_patterns
FN:171,_RNvMs0_NtNtCs79K5M2vLVB3_26threatflux_binary_analysis5utils8patternsNtB5_14PatternMatcher21load_builtin_patterns
FN:525,_RNvNtNtCs79K5M2vLVB3_26threatflux_binary_analysis5utils8patterns16get_api_patterns
FN:503,_RNvNtNtCs79K5M2vLVB3_26threatflux_binary_analysis5utils8patterns19get_crypto_patterns
FN:492,_RNvNtNtCs79K5M2vLVB3_26threatflux_binary_analysis5utils8patterns19get_packer_patterns
FN:425,_RNvNtNtCs79K5M2vLVB3_26threatflux_binary_analysis5utils8patterns20get_builtin_patterns
FN:514,_RNvNtNtCs79K5M2vLVB3_26threatflux_binary_analysis5utils8patterns20get_malware_patterns
FN:472,_RNvNtNtCs79K5M2vLVB3_26threatflux_binary_analysis5utils8patterns21get_compiler_patterns
FN:138,_RNvXs_NtNtCs79K5M2vLVB3_26threatflux_binary_analysis5utils8patternsNtB4_14PatternMatcherNtNtCsaTRkahAGrLL_4core7default7Default7default
FN:575,_RNCNvNtNtNtCs79K5M2vLVB3_26threatflux_binary_analysis5utils8patterns5testss_21test_builtin_patterns0B9_
FNDA:0,_RNvMs0_NtNtCs3rKVG2KO5gW_26threatflux_binary_analysis5utils8patternsNtB5_14PatternMatcher11add_pattern
FNDA:0,_RNvMs0_NtNtCs3rKVG2KO5gW_26threatflux_binary_analysis5utils8patternsNtB5_14PatternMatcher11with_config
FNDA:0,_RNvMs0_NtNtCs3rKVG2KO5gW_26threatflux_binary_analysis5utils8patternsNtB5_14PatternMatcher12add_patterns
FNDA:0,_RNvMs0_NtNtCs3rKVG2KO5gW_26threatflux_binary_analysis5utils8patternsNtB5_14PatternMatcher12search_bytes
FNDA:0,_RNvMs0_NtNtCs3rKVG2KO5gW_26threatflux_binary_analysis5utils8patternsNtB5_14PatternMatcher12search_magic
FNDA:0,_RNvMs0_NtNtCs3rKVG2KO5gW_26threatflux_binary_analysis5utils8patternsNtB5_14PatternMatcher12search_regex
FNDA:0,_RNvMs0_NtNtCs3rKVG2KO5gW_26threatflux_binary_analysis5utils8patternsNtB5_14PatternMatcher13search_string
FNDA:0,_RNvMs0_NtNtCs3rKVG2KO5gW_26threatflux_binary_analysis5utils8patternsNtB5_14PatternMatcher14search_pattern
FNDA:0,_RNvMs0_NtNtCs3rKVG2KO5gW_26threatflux_binary_analysis5utils8patternsNtB5_14PatternMatcher17search_structural
FNDA:0,_RNvMs0_NtNtCs3rKVG2KO5gW_26threatflux_binary_analysis5utils8patternsNtB5_14PatternMatcher19search_hex_wildcard
FNDA:0,_RNvMs0_NtNtCs3rKVG2KO5gW_26threatflux_binary_analysis5utils8patternsNtB5_14PatternMatcher21load_builtin_patterns
FNDA:0,_RNvMs0_NtNtCs3rKVG2KO5gW_26threatflux_binary_analysis5utils8patternsNtB5_14PatternMatcher3new
FNDA:0,_RNvMs0_NtNtCs3rKVG2KO5gW_26threatflux_binary_analysis5utils8patternsNtB5_14PatternMatcher6search
FNDA:0,_RNvNtNtCs3rKVG2KO5gW_26threatflux_binary_analysis5utils8patterns16get_api_patterns
FNDA:0,_RNvNtNtCs3rKVG2KO5gW_26threatflux_binary_analysis5utils8patterns19get_crypto_patterns
FNDA:0,_RNvNtNtCs3rKVG2KO5gW_26threatflux_binary_analysis5utils8patterns19get_packer_patterns
FNDA:0,_RNvNtNtCs3rKVG2KO5gW_26threatflux_binary_analysis5utils8patterns20compile_hex_wildcard
FNDA:0,_RNvNtNtCs3rKVG2KO5gW_26threatflux_binary_analysis5utils8patterns20get_builtin_patterns
FNDA:0,_RNvNtNtCs3rKVG2KO5gW_26threatflux_binary_analysis5utils8patterns20get_malware_patterns
FNDA:0,_RNvNtNtCs3rKVG2KO5gW_26threatflux_binary_analysis5utils8patterns20hex_wildcard_matches
FNDA:0,_RNvNtNtCs3rKVG2KO5gW_26threatflux_binary_analysis5utils8patterns21get_compiler_patterns
FNDA:0,_RNvNtNtCs3rKVG2KO5gW_26threatflux_binary_analysis5utils8patterns24get_file_format_patterns
FNDA:0,_RNvXNtNtCs3rKVG2KO5gW_26threatflux_binary_analysis5utils8patternsNtB2_11MatchConfigNtNtCsaTRkahAGrLL_4core7default7Default7default
FNDA:0,_RNvXs_NtNtCs3rKVG2KO5gW_26threatflux_binary_analysis5utils8patternsNtB4_14PatternMatcherNtNtCsaTRkahAGrLL_4core7default7Default7default
FNDA:0,_RNCNvMs0_NtNtCs3rKVG2KO5gW_26threatflux_binary_analysis5utils8patternsNtB7_14PatternMatcher12search_bytes0Bb_
FNDA:0,_RNCNvNtNtCs3rKVG2KO5gW_26threatflux_binary_analysis5utils8patterns20compile_hex_wildcard0B7_
FNDA:1,_RNvMs0_NtNtCs79K5M2vLVB3_26threatflux_binary_analysis5utils8patternsNtB5_14PatternMatcher11add_pattern
FNDA:1,_RNvMs0_NtNtCs79K5M2vLVB3_26threatflux_binary_analysis5utils8patternsNtB5_14PatternMatcher12search_bytes
FNDA:0,_RNvMs0_NtNtCs79K5M2vLVB3_26threatflux_binary_analysis5utils8patternsNtB5_14PatternMatcher12search_magic
FNDA:0,_RNvMs0_NtNtCs79K5M2vLVB3_26threatflux_binary_analysis5utils8patternsNtB5_14PatternMatcher12search_regex
FNDA:0,_RNvMs0_NtNtCs79K5M2vLVB3_26threatflux_binary_analysis5utils8patternsNtB5_14PatternMatcher13search_string
FNDA:1,_RNvMs0_NtNtCs79K5M2vLVB3_26threatflux_binary_analysis5utils8patternsNtB5_14PatternMatcher14search_pattern
FNDA:0,_RNvMs0_NtNtCs79K5M2vLVB3_26threatflux_binary_analysis5utils8patternsNtB5_14PatternMatcher17search_structural
FNDA:0,_RNvMs0_NtNtCs79K5M2vLVB3_26threatflux_binary_analysis5utils8patternsNtB5_14PatternMatcher19search_hex_wildcard
FNDA:2,_RNvMs0_NtNtCs79K5M2vLVB3_26threatflux_binary_analysis5utils8patternsNtB5_14PatternMatcher3new
FNDA:1,_RNvMs0_NtNtCs79K5M2vLVB3_26threatflux_binary_analysis5utils8patternsNtB5_14PatternMatcher6search
FNDA:1,_RNvNtNtCs79K5M2vLVB3_26threatflux_binary_analysis5utils8patterns20compile_hex_wildcard
FNDA:2,_RNvNtNtCs79K5M2vLVB3_26threatflux_binary_analysis5utils8patterns20hex_wildcard_matches
FNDA:1,_RNvNtNtCs79K5M2vLVB3_26threatflux_binary_analysis5utils8patterns24get_file_format_patterns
FNDA:2,_RNvXNtNtCs79K5M2vLVB3_26threatflux_binary_analysis5utils8patternsNtB2_11MatchConfigNtNtCsaTRkahAGrLL_4core7default7Default7default
FNDA:1,_RNvNtNtNtCs79K5M2vLVB3_26threatflux_binary_analysis5utils8patterns5testss_21test_builtin_patterns
FNDA:1,_RNvNtNtNtCs79K5M2vLVB3_26threatflux_binary_analysis5utils8patterns5testss_24test_byte_pattern_search
FNDA:1,_RNvNtNtNtCs79K5M2vLVB3_26threatflux_binary_analysis5utils8patterns5testss_26test_hex_wildcard_matching
FNDA:1,_RNvNtNtNtCs79K5M2vLVB3_26threatflux_binary_analysis5utils8patterns5testss_29test_hex_wildcard_compilation
FNDA:1,_RNvNtNtNtCs79K5M2vLVB3_26threatflux_binary_analysis5utils8patterns5testss_29test_pattern_matcher_creation
FNDA:22,_RNCNvMs0_NtNtCs79K5M2vLVB3_26threatflux_binary_analysis5utils8patternsNtB7_14PatternMatcher12search_bytes0Bb_
FNDA:0,_RNCNvNtNtCs79K5M2vLVB3_26threatflux_binary_analysis5utils8patterns20compile_hex_wildcard0B7_
FNDA:0,_RNvMs0_NtNtCs79K5M2vLVB3_26threatflux_binary_analysis5utils8patternsNtB5_14PatternMatcher11with_config
FNDA:0,_RNvMs0_NtNtCs79K5M2vLVB3_26threatflux_binary_analysis5utils8patternsNtB5_14PatternMatcher12add_patterns
FNDA:0,_RNvMs0_NtNtCs79K5M2vLVB3_26threatflux_binary_analysis5utils8patternsNtB5_14PatternMatcher21load_builtin_patterns
FNDA:0,_RNvNtNtCs79K5M2vLVB3_26threatflux_binary_analysis5utils8patterns16get_api_patterns
FNDA:0,_RNvNtNtCs79K5M2vLVB3_26threatflux_binary_analysis5utils8patterns19get_crypto_patterns
FNDA:0,_RNvNtNtCs79K5M2vLVB3_26threatflux_binary_analysis5utils8patterns19get_packer_patterns
FNDA:0,_RNvNtNtCs79K5M2vLVB3_26threatflux_binary_analysis5utils8patterns20get_builtin_patterns
FNDA:0,_RNvNtNtCs79K5M2vLVB3_26threatflux_binary_analysis5utils8patterns20get_malware_patterns
FNDA:0,_RNvNtNtCs79K5M2vLVB3_26threatflux_binary_analysis5utils8patterns21get_compiler_patterns
FNDA:0,_RNvXs_NtNtCs79K5M2vLVB3_26threatflux_binary_analysis5utils8patternsNtB4_14PatternMatcherNtNtCsaTRkahAGrLL_4core7default7Default7default
FNDA:1,_RNCNvNtNtNtCs79K5M2vLVB3_26threatflux_binary_analysis5utils8patterns5testss_21test_builtin_patterns0B9_
FNF:32
FNH:16
DA:29,2
DA:30,2
DA:31,2
DA:32,2
DA:33,2
DA:34,2
DA:35,2
DA:36,2
DA:138,0
DA:139,0
DA:140,0
DA:145,2
DA:146,2
DA:147,2
DA:148,2
DA:149,2
DA:150,2
DA:153,0
DA:154,0
DA:155,0
DA:156,0
DA:157,0
DA:158,0
DA:161,1
DA:162,1
DA:163,1
DA:166,0
DA:167,0
DA:168,0
DA:171,0
DA:172,0
DA:173,0
DA:174,0
DA:175,0
DA:176,0
DA:179,1
DA:180,1
DA:181,1
DA:182,1
DA:184,2
DA:185,1
DA:187,2
DA:188,1
DA:189,1
DA:190,1
DA:191,1
DA:192,1
DA:193,1
DA:194,1
DA:195,1
DA:196,0
DA:197,1
DA:200,1
DA:201,0
DA:202,1
DA:205,1
DA:206,1
DA:207,1
DA:208,1
DA:209,1
DA:210,1
DA:211,1
DA:212,1
DA:213,1
DA:216,1
DA:217,1
DA:218,1
DA:219,0
DA:220,0
DA:221,0
DA:222,0
DA:223,0
DA:225,1
DA:228,1
DA:229,1
DA:231,1
DA:232,1
DA:233,0
DA:234,1
DA:235,1
DA:236,1
DA:237,2
DA:238,2
DA:239,2
DA:240,22
DA:242,1
DA:243,1
DA:244,1
DA:245,1
DA:246,1
DA:247,1
DA:248,1
DA:249,1
DA:250,1
DA:251,1
DA:252,1
DA:253,1
DA:254,0
DA:255,1
DA:257,1
DA:260,0
DA:262,1
DA:263,1
DA:266,0
DA:267,0
DA:269,0
DA:270,0
DA:271,0
DA:272,0
DA:274,0
DA:275,0
DA:277,0
DA:280,0
DA:283,0
DA:284,0
DA:285,0
DA:287,0
DA:290,0
DA:291,0
DA:292,0
DA:293,0
DA:294,0
DA:295,0
DA:296,0
DA:297,0
DA:298,0
DA:299,0
DA:300,0
DA:301,0
DA:302,0
DA:303,0
DA:304,0
DA:305,0
DA:307,0
DA:308,0
DA:310,0
DA:311,0
DA:314,0
DA:315,0
DA:317,0
DA:318,0
DA:320,0
DA:321,0
DA:322,0
DA:323,0
DA:324,0
DA:325,0
DA:326,0
DA:327,0
DA:328,0
DA:329,0
DA:330,0
DA:331,0
DA:332,0
DA:333,0
DA:334,0
DA:335,0
DA:336,0
DA:337,0
DA:338,0
DA:340,0
DA:342,0
DA:343,0
DA:346,0
DA:347,0
DA:348,0
DA:350,0
DA:351,0
DA:352,0
DA:353,0
DA:354,0
DA:355,0
DA:356,0
DA:357,0
DA:358,0
DA:359,0
DA:360,0
DA:362,0
DA:363,0
DA:366,0
DA:367,0
DA:368,0
DA:369,0
DA:370,0
DA:373,0
DA:374,0
DA:375,0
DA:376,0
DA:377,0
DA:381,1
DA:382,1
DA:383,1
DA:384,1
DA:385,1
DA:386,0
DA:387,0
DA:388,0
DA:389,1
DA:391,5
DA:392,5
DA:393,5
DA:394,5
DA:395,1
DA:396,1
DA:397,4
DA:398,0
DA:399,4
DA:400,4
DA:404,1
DA:405,1
DA:408,2
DA:409,2
DA:410,0
DA:411,2
DA:413,10
DA:414,10
DA:415,8
DA:416,2
DA:417,7
DA:421,1
DA:422,2
DA:425,0
DA:426,0
DA:427,0
DA:428,0
DA:429,0
DA:430,0
DA:431,0
DA:432,0
DA:433,0
DA:435,0
DA:438,1
DA:439,1
DA:440,1
DA:441,1
DA:442,1
DA:443,1
DA:444,1
DA:445,1
DA:446,1
DA:447,1
DA:448,1
DA:449,1
DA:450,1
DA:451,1
DA:452,1
DA:453,1
DA:454,1
DA:455,1
DA:456,1
DA:457,1
DA:458,1
DA:459,1
DA:460,1
DA:461,1
DA:462,1
DA:463,1
DA:464,1
DA:465,1
DA:466,1
DA:467,1
DA:468,1
DA:469,1
DA:472,0
DA:473,0
DA:474,0
DA:475,0
DA:476,0
DA:477,0
DA:478,0
DA:479,0
DA:480,0
DA:481,0
DA:482,0
DA:483,0
DA:484,0
DA:485,0
DA:486,0
DA:487,0
DA:488,0
DA:489,0
DA:492,0
DA:493,0
DA:494,0
DA:495,0
DA:496,0
DA:497,0
DA:498,0
DA:499,0
DA:500,0
DA:503,0
DA:504,0
DA:505,0
DA:506,0
DA:507,0
DA:508,0
DA:509,0
DA:510,0
DA:511,0
DA:514,0
DA:515,0
DA:516,0
DA:517,0
DA:518,0
DA:519,0
DA:520,0
DA:521,0
DA:522,0
DA:525,0
DA:526,0
DA:527,0
DA:528,0
DA:529,0
DA:530,0
DA:531,0
DA:532,0
DA:533,0
DA:540,1
DA:541,1
DA:542,1
DA:543,1
DA:546,1
DA:547,1
DA:548,1
DA:549,1
DA:550,1
DA:551,1
DA:552,1
DA:553,1
DA:554,1
DA:555,1
DA:556,1
DA:559,1
DA:560,1
DA:561,1
DA:562,1
DA:563,1
DA:565,1
DA:566,1
DA:567,1
DA:570,1
DA:571,1
DA:572,1
DA:575,1
DA:576,1
DA:577,1
DA:580,1
DA:581,1
DA:582,1
DA:583,1
DA:584,1
DA:585,1
DA:586,1
DA:587,1
DA:588,1
DA:589,1
DA:590,1
DA:591,1
DA:592,1
DA:593,1
DA:594,1
DA:595,1
DA:596,1
DA:597,1
DA:598,1
BRF:0
BRH:0
LF:369
LH:184
end_of_record